shuhei:~.$ python nelder.py -model CNN -num 1 -round 0
Will collect a position from the storage.


shuhei:~.$ python env.py -model CNN -num 1 -round 0 -cuda 0
Collecting Environment Variables and Putting in Shell Scripts.

shuhei:~.$ ./run.sh
shuhei:~.$ CUDA_VISIBLE_DEVICES=0 python train.py -model CNN -num 1 -round 0 -batch_size 192 -lr 0.011499237833011012 -momentum 0.9477505252006292 -weight_decay 4.14127793340799e-05 -ch1 37 -ch2 36 -ch3 93 -ch4 47 -drop_rate 0.22693831487109314
Start Training


Files already downloaded and verified
  lr                      epoch                   TrainAcc                TrainLoss               TestAcc                 TestLoss                Time                  
  0.01150                 1                       0.13206                 3.73700                 0.20730                 3.23001                 2019-04-19 01:50:15.909260  
  0.01150                 2                       0.23816                 3.08320                 0.29580                 2.77407                 2019-04-19 01:50:20.293453  
  0.01150                 3                       0.28844                 2.82531                 0.33570                 2.61922                 2019-04-19 01:50:24.773276  
  0.01150                 4                       0.32194                 2.66270                 0.37200                 2.40703                 2019-04-19 01:50:29.330673  
  0.01150                 5                       0.34462                 2.55621                 0.38530                 2.36055                 2019-04-19 01:50:33.695588  
  0.01150                 6                       0.36368                 2.46623                 0.41620                 2.21897                 2019-04-19 01:50:38.087375  
  0.01150                 7                       0.38098                 2.37096                 0.40720                 2.25108                 2019-04-19 01:50:42.516518  
  0.01150                 8                       0.39450                 2.32068                 0.43630                 2.12850                 2019-04-19 01:50:46.999472  
  0.01150                 9                       0.40630                 2.25998                 0.43830                 2.13666                 2019-04-19 01:50:51.561281  
  0.01150                 10                      0.41758                 2.20637                 0.46080                 2.06033                 2019-04-19 01:50:55.968812  
  0.01150                 11                      0.42388                 2.16843                 0.45850                 2.04814                 2019-04-19 01:51:00.383592  
  0.01150                 12                      0.43384                 2.12541                 0.46820                 1.99250                 2019-04-19 01:51:04.802996  
  0.01150                 13                      0.44206                 2.10319                 0.47380                 1.98364                 2019-04-19 01:51:09.296884  
  0.01150                 14                      0.44696                 2.07161                 0.48010                 1.99050                 2019-04-19 01:51:13.761034  
  0.01150                 15                      0.45366                 2.03917                 0.49450                 1.91227                 2019-04-19 01:51:18.090198  
  0.01150                 16                      0.45888                 2.01910                 0.49380                 1.91947                 2019-04-19 01:51:21.649381  
  0.01150                 17                      0.46598                 1.99162                 0.46940                 2.01423                 2019-04-19 01:51:26.000720  
  0.01150                 18                      0.46858                 1.96560                 0.50820                 1.84878                 2019-04-19 01:51:30.416168  
  0.01150                 19                      0.47436                 1.95343                 0.49610                 1.89346                 2019-04-19 01:51:34.786913  
  0.01150                 20                      0.47768                 1.92744                 0.50590                 1.85532                 2019-04-19 01:51:39.194472  
  0.01150                 21                      0.48242                 1.91376                 0.51500                 1.82568                 2019-04-19 01:51:43.619363  
  0.01150                 22                      0.48814                 1.89387                 0.51350                 1.79315                 2019-04-19 01:51:48.022717  
  0.01150                 23                      0.48858                 1.88166                 0.51960                 1.80731                 2019-04-19 01:51:52.473800  
  0.01150                 24                      0.49460                 1.86723                 0.51830                 1.79959                 2019-04-19 01:51:56.919957  
  0.01150                 25                      0.49480                 1.85415                 0.50990                 1.81406                 2019-04-19 01:52:01.321316  
  0.01150                 26                      0.49840                 1.84274                 0.53010                 1.77055                 2019-04-19 01:52:05.732385  
  0.01150                 27                      0.50282                 1.82534                 0.52240                 1.78405                 2019-04-19 01:52:10.163596  
  0.01150                 28                      0.50378                 1.82005                 0.52740                 1.77752                 2019-04-19 01:52:14.569470  
  0.01150                 29                      0.50848                 1.79802                 0.53050                 1.75380                 2019-04-19 01:52:18.990935  
  0.01150                 30                      0.50678                 1.79092                 0.53030                 1.75559                 2019-04-19 01:52:23.396128  
  0.01150                 31                      0.51030                 1.78762                 0.53380                 1.73233                 2019-04-19 01:52:27.861462  
  0.01150                 32                      0.51658                 1.77385                 0.53140                 1.75815                 2019-04-19 01:52:32.280326  
  0.01150                 33                      0.51706                 1.76016                 0.52320                 1.78891                 2019-04-19 01:52:36.788265  
  0.01150                 34                      0.51964                 1.75026                 0.53580                 1.71985                 2019-04-19 01:52:41.143690  
  0.01150                 35                      0.51936                 1.74985                 0.53880                 1.73064                 2019-04-19 01:52:45.552466  
  0.01150                 36                      0.52164                 1.73470                 0.53890                 1.71934                 2019-04-19 01:52:49.975388  
  0.01150                 37                      0.52694                 1.72654                 0.53880                 1.74705                 2019-04-19 01:52:54.431579  
  0.01150                 38                      0.52746                 1.72412                 0.53910                 1.74126                 2019-04-19 01:52:58.927582  
  0.01150                 39                      0.52488                 1.71448                 0.53550                 1.75316                 2019-04-19 01:53:03.376713  
  0.01150                 40                      0.53012                 1.70826                 0.53910                 1.69586                 2019-04-19 01:53:07.744596  
  0.01150                 41                      0.53390                 1.69952                 0.54520                 1.68148                 2019-04-19 01:53:12.198754  
  0.01150                 42                      0.53132                 1.69380                 0.54050                 1.73037                 2019-04-19 01:53:16.653142  
  0.01150                 43                      0.53172                 1.68975                 0.54560                 1.71080                 2019-04-19 01:53:21.093791  
  0.01150                 44                      0.53972                 1.67838                 0.54780                 1.68948                 2019-04-19 01:53:25.503503  
  0.01150                 45                      0.53544                 1.67614                 0.54350                 1.71961                 2019-04-19 01:53:29.897576  
  0.01150                 46                      0.53958                 1.66492                 0.55040                 1.69390                 2019-04-19 01:53:34.412973  
  0.01150                 47                      0.53892                 1.66517                 0.54120                 1.71859                 2019-04-19 01:53:38.839797  
  0.01150                 48                      0.54012                 1.65755                 0.54120                 1.73759                 2019-04-19 01:53:43.202283  
  0.01150                 49                      0.54230                 1.65093                 0.54820                 1.69818                 2019-04-19 01:53:47.588014  
  0.01150                 50                      0.54054                 1.66018                 0.54800                 1.67648                 2019-04-19 01:53:51.922073  
  0.01150                 51                      0.54514                 1.63972                 0.54640                 1.71752                 2019-04-19 01:53:56.436912  
  0.01150                 52                      0.54736                 1.63551                 0.55180                 1.68983                 2019-04-19 01:54:00.844766  
  0.01150                 53                      0.54622                 1.62934                 0.55210                 1.71049                 2019-04-19 01:54:05.247947  
  0.01150                 54                      0.54474                 1.63158                 0.55400                 1.69081                 2019-04-19 01:54:09.672645  
  0.01150                 55                      0.55022                 1.62088                 0.55520                 1.67839                 2019-04-19 01:54:14.191228  
  0.01150                 56                      0.54990                 1.60980                 0.55770                 1.65982                 2019-04-19 01:54:18.658462  
  0.01150                 57                      0.55354                 1.60665                 0.55810                 1.66848                 2019-04-19 01:54:23.064448  
  0.01150                 58                      0.55096                 1.60497                 0.55530                 1.70142                 2019-04-19 01:54:27.512549  
  0.01150                 59                      0.55408                 1.61062                 0.55170                 1.69915                 2019-04-19 01:54:31.855646  
  0.01150                 60                      0.55336                 1.60396                 0.55950                 1.65066                 2019-04-19 01:54:36.255705  
  0.01150                 61                      0.55572                 1.59998                 0.55390                 1.71444                 2019-04-19 01:54:40.704480  
  0.01150                 62                      0.55818                 1.59078                 0.54800                 1.70443                 2019-04-19 01:54:45.114819  
  0.01150                 63                      0.55624                 1.59298                 0.55380                 1.72081                 2019-04-19 01:54:49.467342  
  0.01150                 64                      0.55972                 1.57945                 0.55950                 1.64975                 2019-04-19 01:54:53.835960  
  0.01150                 65                      0.56000                 1.57715                 0.56010                 1.67556                 2019-04-19 01:54:58.137230  
  0.01150                 66                      0.56030                 1.57666                 0.55780                 1.65591                 2019-04-19 01:55:02.589626  
  0.01150                 67                      0.55782                 1.58283                 0.55710                 1.68351                 2019-04-19 01:55:06.999629  
  0.01150                 68                      0.55940                 1.57093                 0.55650                 1.67736                 2019-04-19 01:55:11.443300  
  0.01150                 69                      0.55992                 1.57007                 0.55970                 1.64243                 2019-04-19 01:55:15.843191  
  0.01150                 70                      0.56046                 1.56845                 0.55500                 1.66460                 2019-04-19 01:55:20.279059  
  0.01150                 71                      0.56414                 1.55592                 0.55680                 1.67191                 2019-04-19 01:55:24.765384  
  0.01150                 72                      0.56426                 1.55589                 0.55530                 1.70127                 2019-04-19 01:55:29.192859  
  0.01150                 73                      0.56374                 1.55794                 0.56170                 1.64494                 2019-04-19 01:55:33.688065  
  0.01150                 74                      0.56690                 1.54952                 0.55360                 1.67888                 2019-04-19 01:55:38.196664  
  0.01150                 75                      0.56460                 1.56055                 0.56240                 1.65687                 2019-04-19 01:55:42.596304  
  0.01150                 76                      0.56480                 1.54764                 0.56230                 1.64704                 2019-04-19 01:55:46.882445  
  0.01150                 77                      0.56706                 1.54029                 0.56180                 1.66365                 2019-04-19 01:55:51.355602  
  0.01150                 78                      0.56818                 1.53534                 0.56460                 1.67761                 2019-04-19 01:55:55.721545  
  0.01150                 79                      0.56706                 1.53753                 0.55510                 1.68143                 2019-04-19 01:56:00.102842  
  0.01150                 80                      0.56826                 1.53543                 0.56300                 1.65206                 2019-04-19 01:56:04.535233  
  0.01150                 81                      0.57036                 1.53128                 0.56160                 1.66124                 2019-04-19 01:56:09.010247  
  0.01150                 82                      0.56810                 1.53158                 0.56370                 1.64807                 2019-04-19 01:56:13.518771  
  0.01150                 83                      0.57164                 1.52776                 0.55600                 1.67413                 2019-04-19 01:56:18.086483  
  0.01150                 84                      0.57412                 1.51949                 0.56450                 1.64154                 2019-04-19 01:56:22.534599  
  0.01150                 85                      0.56776                 1.52840                 0.56370                 1.69147                 2019-04-19 01:56:27.047448  
  0.01150                 86                      0.57046                 1.52159                 0.56370                 1.65385                 2019-04-19 01:56:31.588840  
  0.01150                 87                      0.57114                 1.51597                 0.56680                 1.64210                 2019-04-19 01:56:36.038538  
  0.01150                 88                      0.57208                 1.51376                 0.56390                 1.64005                 2019-04-19 01:56:40.516967  
  0.01150                 89                      0.57268                 1.51430                 0.56450                 1.69144                 2019-04-19 01:56:44.955732  
  0.01150                 90                      0.57436                 1.51541                 0.55830                 1.67875                 2019-04-19 01:56:49.489611  
  0.01150                 91                      0.57732                 1.51005                 0.56520                 1.66921                 2019-04-19 01:56:53.981935  
  0.01150                 92                      0.57578                 1.50763                 0.56700                 1.65223                 2019-04-19 01:56:58.369671  
  0.01150                 93                      0.57704                 1.50557                 0.56810                 1.64993                 2019-04-19 01:57:02.767041  
  0.01150                 94                      0.57374                 1.50092                 0.56540                 1.68645                 2019-04-19 01:57:07.202207  
  0.01150                 95                      0.58096                 1.50051                 0.56530                 1.66817                 2019-04-19 01:57:11.564538  
  0.01150                 96                      0.57946                 1.49884                 0.56600                 1.65685                 2019-04-19 01:57:16.010201  
  0.01150                 97                      0.57800                 1.49210                 0.56760                 1.65060                 2019-04-19 01:57:20.379346  
  0.01150                 98                      0.57932                 1.49344                 0.56470                 1.66583                 2019-04-19 01:57:24.896219  
  0.01150                 99                      0.57882                 1.48625                 0.57260                 1.62109                 2019-04-19 01:57:29.311382  
  0.01150                 100                     0.58156                 1.48602                 0.57050                 1.64530                 2019-04-19 01:57:33.722390  
  0.01150                 101                     0.57948                 1.49290                 0.56350                 1.65258                 2019-04-19 01:57:38.182607  
  0.01150                 102                     0.58036                 1.48371                 0.55730                 1.67293                 2019-04-19 01:57:42.538283  
  0.01150                 103                     0.58098                 1.48118                 0.56780                 1.67330                 2019-04-19 01:57:46.976455  
  0.01150                 104                     0.57908                 1.48052                 0.56850                 1.63698                 2019-04-19 01:57:51.372808  
  0.01150                 105                     0.58068                 1.48492                 0.56470                 1.66597                 2019-04-19 01:57:55.817029  
  0.01150                 106                     0.58368                 1.47774                 0.56570                 1.65332                 2019-04-19 01:58:00.190905  
  0.01150                 107                     0.58252                 1.48134                 0.56920                 1.65551                 2019-04-19 01:58:04.669592  
  0.01150                 108                     0.58502                 1.47644                 0.56640                 1.66103                 2019-04-19 01:58:09.070076  
  0.01150                 109                     0.58350                 1.47425                 0.56330                 1.66038                 2019-04-19 01:58:13.516866  
  0.01150                 110                     0.58424                 1.47127                 0.56680                 1.65079                 2019-04-19 01:58:17.826937  
  0.01150                 111                     0.58358                 1.46984                 0.56890                 1.64050                 2019-04-19 01:58:22.267705  
  0.01150                 112                     0.58666                 1.46584                 0.56930                 1.63840                 2019-04-19 01:58:26.682786  
  0.01150                 113                     0.58660                 1.45935                 0.57050                 1.64571                 2019-04-19 01:58:31.026212  
  0.01150                 114                     0.58188                 1.47493                 0.56840                 1.63740                 2019-04-19 01:58:35.528061  
  0.01150                 115                     0.58742                 1.45655                 0.56840                 1.66521                 2019-04-19 01:58:39.998490  
  0.01150                 116                     0.58530                 1.46103                 0.56710                 1.68853                 2019-04-19 01:58:44.375031  
  0.01150                 117                     0.58838                 1.45493                 0.57570                 1.65746                 2019-04-19 01:58:48.810318  
  0.01150                 118                     0.58822                 1.45077                 0.56890                 1.64757                 2019-04-19 01:58:53.157012  
  0.01150                 119                     0.58660                 1.45549                 0.57020                 1.63637                 2019-04-19 01:58:57.530444  
  0.01150                 120                     0.59066                 1.45659                 0.57490                 1.62911                 2019-04-19 01:59:01.936580  
  0.01150                 121                     0.58982                 1.44960                 0.56890                 1.64612                 2019-04-19 01:59:06.328036  
  0.01150                 122                     0.59034                 1.44571                 0.57750                 1.63052                 2019-04-19 01:59:10.808639  
  0.01150                 123                     0.58924                 1.45208                 0.57360                 1.62625                 2019-04-19 01:59:15.119759  
  0.01150                 124                     0.58748                 1.45313                 0.57380                 1.61698                 2019-04-19 01:59:19.431096  
  0.01150                 125                     0.59224                 1.44111                 0.56920                 1.65525                 2019-04-19 01:59:23.804721  
  0.01150                 126                     0.58966                 1.45729                 0.57050                 1.64693                 2019-04-19 01:59:28.257052  
  0.01150                 127                     0.58852                 1.44274                 0.57080                 1.66187                 2019-04-19 01:59:32.763599  
  0.01150                 128                     0.59086                 1.44038                 0.57000                 1.68899                 2019-04-19 01:59:37.109618  
  0.01150                 129                     0.58976                 1.44655                 0.56700                 1.66190                 2019-04-19 01:59:41.523282  
  0.01150                 130                     0.58954                 1.44134                 0.57560                 1.65981                 2019-04-19 01:59:45.946214  
  0.01150                 131                     0.59362                 1.43338                 0.56770                 1.68198                 2019-04-19 01:59:50.277287  
  0.01150                 132                     0.59176                 1.43522                 0.57620                 1.64321                 2019-04-19 01:59:54.747646  
  0.01150                 133                     0.58924                 1.43791                 0.57290                 1.65566                 2019-04-19 01:59:59.140845  
  0.01150                 134                     0.59494                 1.43168                 0.57360                 1.62553                 2019-04-19 02:00:03.490743  
  0.01150                 135                     0.59246                 1.43288                 0.57190                 1.64132                 2019-04-19 02:00:07.842510  
  0.01150                 136                     0.59242                 1.43079                 0.56710                 1.68110                 2019-04-19 02:00:12.275160  
  0.01150                 137                     0.59358                 1.42851                 0.57530                 1.63884                 2019-04-19 02:00:16.741779  
  0.01150                 138                     0.59568                 1.42376                 0.56380                 1.66858                 2019-04-19 02:00:21.149442  
  0.01150                 139                     0.59328                 1.43198                 0.56990                 1.63528                 2019-04-19 02:00:25.658224  
  0.01150                 140                     0.59474                 1.42811                 0.57510                 1.65007                 2019-04-19 02:00:30.081057  
  0.01150                 141                     0.59610                 1.42069                 0.57250                 1.64790                 2019-04-19 02:00:34.547697  
  0.01150                 142                     0.59732                 1.41771                 0.57180                 1.64492                 2019-04-19 02:00:38.995102  
  0.01150                 143                     0.59268                 1.42831                 0.57850                 1.60668                 2019-04-19 02:00:43.421769  
  0.01150                 144                     0.59514                 1.41795                 0.57900                 1.64589                 2019-04-19 02:00:47.825146  
  0.01150                 145                     0.59520                 1.42255                 0.57020                 1.63874                 2019-04-19 02:00:52.267051  
  0.01150                 146                     0.59588                 1.42492                 0.57210                 1.65182                 2019-04-19 02:00:56.617651  
  0.01150                 147                     0.59784                 1.40872                 0.57990                 1.60557                 2019-04-19 02:01:00.990412  
  0.01150                 148                     0.59772                 1.41301                 0.56760                 1.67068                 2019-04-19 02:01:05.413115  
  0.01150                 149                     0.59778                 1.42026                 0.56370                 1.66601                 2019-04-19 02:01:09.864751  
  0.01150                 150                     0.59748                 1.41436                 0.57240                 1.64768                 2019-04-19 02:01:14.281445  
  0.01150                 151                     0.59608                 1.41761                 0.57420                 1.63596                 2019-04-19 02:01:18.754216  
  0.01150                 152                     0.59710                 1.41120                 0.56770                 1.68565                 2019-04-19 02:01:23.127500  
  0.01150                 153                     0.59862                 1.40910                 0.57240                 1.64787                 2019-04-19 02:01:27.572944  
  0.01150                 154                     0.59858                 1.40711                 0.56130                 1.67024                 2019-04-19 02:01:31.994379  
  0.01150                 155                     0.59808                 1.41664                 0.57410                 1.61641                 2019-04-19 02:01:36.452961  
  0.01150                 156                     0.59852                 1.40969                 0.57210                 1.63641                 2019-04-19 02:01:40.991021  
  0.01150                 157                     0.60010                 1.41051                 0.57650                 1.62437                 2019-04-19 02:01:45.395697  
  0.01150                 158                     0.59952                 1.40899                 0.56890                 1.64047                 2019-04-19 02:01:49.820570  
  0.01150                 159                     0.60216                 1.40350                 0.57460                 1.63140                 2019-04-19 02:01:54.298229  
  0.01150                 160                     0.59680                 1.40787                 0.57600                 1.63642                 2019-04-19 02:01:58.805720  
Output: 1.606


