shuhei:~.$ python nelder.py -model CNN -num 1 -round 0
Will get the positions by Nelder-Mead Method.
Saving the position data as shown below...
  batch_size       lr               momentum         weight_decay     ch1              ch2              ch3              ch4              drop_rate      
  7.263            -1.620           0.971            -4.553           5.005            5.050            6.610            6.076          


shuhei:~.$ python env.py -model CNN -num 1 -round 0 -cuda 0
Collecting Environment Variables and Putting in Shell Scripts.

shuhei:~.$ ./run.sh
shuhei:~.$ CUDA_VISIBLE_DEVICES=0 python train.py -model CNN -num 1 -round 0 -batch_size 153 -lr 0.023979482731346573 -momentum 0.9710439211932584 -weight_decay 2.8019987992597074e-05 -ch1 32 -ch2 33 -ch3 97 -ch4 67 -drop_rate 0.32566807106259815
Start Training


Files already downloaded and verified
  lr                      epoch                   TrainAcc                TrainLoss               TestAcc                 TestLoss                Time                  
  0.02398                 1                       0.12282                 3.79290                 0.21390                 3.22473                 2019-04-18 20:02:49.876897  
  0.02398                 2                       0.21578                 3.19192                 0.27920                 2.83621                 2019-04-18 20:02:54.321022  
  0.02398                 3                       0.25302                 2.98426                 0.30820                 2.73892                 2019-04-18 20:02:58.771798  
  0.02398                 4                       0.28178                 2.84507                 0.35540                 2.49586                 2019-04-18 20:03:03.134875  
  0.02398                 5                       0.30472                 2.73941                 0.35980                 2.51110                 2019-04-18 20:03:07.710605  
  0.02398                 6                       0.32036                 2.66386                 0.38220                 2.37547                 2019-04-18 20:03:12.214807  
  0.02398                 7                       0.33512                 2.59513                 0.37990                 2.39357                 2019-04-18 20:03:16.729588  
  0.02398                 8                       0.34628                 2.53798                 0.40230                 2.26829                 2019-04-18 20:03:21.192083  
  0.02398                 9                       0.36048                 2.48111                 0.40740                 2.26711                 2019-04-18 20:03:25.736551  
  0.02398                 10                      0.36490                 2.44849                 0.39770                 2.36323                 2019-04-18 20:03:30.194870  
  0.02398                 11                      0.37480                 2.40025                 0.43330                 2.15190                 2019-04-18 20:03:34.727420  
  0.02398                 12                      0.38488                 2.37768                 0.44140                 2.11083                 2019-04-18 20:03:39.197578  
  0.02398                 13                      0.39190                 2.32910                 0.43850                 2.12366                 2019-04-18 20:03:43.721184  
  0.02398                 14                      0.39440                 2.31507                 0.44570                 2.08286                 2019-04-18 20:03:48.094941  
  0.02398                 15                      0.40232                 2.28671                 0.44720                 2.10553                 2019-04-18 20:03:52.516865  
  0.02398                 16                      0.40332                 2.27975                 0.46040                 2.04196                 2019-04-18 20:03:56.924569  
  0.02398                 17                      0.40810                 2.24667                 0.46260                 2.01938                 2019-04-18 20:04:01.458786  
  0.02398                 18                      0.41156                 2.22646                 0.44330                 2.11112                 2019-04-18 20:04:05.806699  
  0.02398                 19                      0.41346                 2.22211                 0.47340                 1.98858                 2019-04-18 20:04:10.287278  
  0.02398                 20                      0.42288                 2.19630                 0.47590                 1.99440                 2019-04-18 20:04:14.772455  
  0.02398                 21                      0.42506                 2.17455                 0.47190                 1.99506                 2019-04-18 20:04:19.267581  
  0.02398                 22                      0.42666                 2.16347                 0.48030                 1.95614                 2019-04-18 20:04:23.673619  
  0.02398                 23                      0.43024                 2.14632                 0.48100                 1.96468                 2019-04-18 20:04:28.073997  
  0.02398                 24                      0.43182                 2.14239                 0.48190                 1.96998                 2019-04-18 20:04:32.568575  
  0.02398                 25                      0.43794                 2.12704                 0.49690                 1.91883                 2019-04-18 20:04:37.138374  
  0.02398                 26                      0.43958                 2.11437                 0.49250                 1.89757                 2019-04-18 20:04:41.549857  
  0.02398                 27                      0.44338                 2.09460                 0.49440                 1.92748                 2019-04-18 20:04:45.992100  
  0.02398                 28                      0.44598                 2.08944                 0.49030                 1.91802                 2019-04-18 20:04:50.407866  
  0.02398                 29                      0.44672                 2.08153                 0.49660                 1.91309                 2019-04-18 20:04:54.837972  
  0.02398                 30                      0.44380                 2.08550                 0.48320                 1.96243                 2019-04-18 20:04:59.366598  
  0.02398                 31                      0.44798                 2.07772                 0.48790                 1.94541                 2019-04-18 20:05:03.781322  
  0.02398                 32                      0.45270                 2.05708                 0.49630                 1.90202                 2019-04-18 20:05:08.234344  
  0.02398                 33                      0.45428                 2.04690                 0.48730                 1.94213                 2019-04-18 20:05:12.712988  
  0.02398                 34                      0.45970                 2.02859                 0.49820                 1.86812                 2019-04-18 20:05:17.181473  
  0.02398                 35                      0.45848                 2.03188                 0.49970                 1.86264                 2019-04-18 20:05:21.622471  
  0.02398                 36                      0.46098                 2.01747                 0.50460                 1.90414                 2019-04-18 20:05:26.085373  
  0.02398                 37                      0.46466                 2.01580                 0.49890                 1.90015                 2019-04-18 20:05:30.571860  
  0.02398                 38                      0.46612                 2.00571                 0.50530                 1.88034                 2019-04-18 20:05:35.070696  
  0.02398                 39                      0.46374                 1.99548                 0.50790                 1.86758                 2019-04-18 20:05:39.584257  
  0.02398                 40                      0.46698                 1.99281                 0.50060                 1.87857                 2019-04-18 20:05:44.063460  
  0.02398                 41                      0.46524                 1.99844                 0.50620                 1.88511                 2019-04-18 20:05:48.486731  
  0.02398                 42                      0.47182                 1.97939                 0.50830                 1.84038                 2019-04-18 20:05:52.905670  
  0.02398                 43                      0.47330                 1.97089                 0.50280                 1.88349                 2019-04-18 20:05:57.372197  
  0.02398                 44                      0.47196                 1.96708                 0.50490                 1.85279                 2019-04-18 20:06:01.855221  
  0.02398                 45                      0.47170                 1.97250                 0.51520                 1.82122                 2019-04-18 20:06:06.357372  
  0.02398                 46                      0.47368                 1.96174                 0.51060                 1.85236                 2019-04-18 20:06:10.822760  
  0.02398                 47                      0.47422                 1.95497                 0.50580                 1.89411                 2019-04-18 20:06:15.336302  
  0.02398                 48                      0.47704                 1.95126                 0.50470                 1.87133                 2019-04-18 20:06:19.832847  
  0.02398                 49                      0.47756                 1.94828                 0.51380                 1.83021                 2019-04-18 20:06:24.295347  
  0.02398                 50                      0.47708                 1.94577                 0.50400                 1.85040                 2019-04-18 20:06:28.877383  
  0.02398                 51                      0.48016                 1.93583                 0.51370                 1.82901                 2019-04-18 20:06:33.325743  
  0.02398                 52                      0.47846                 1.94030                 0.51210                 1.86339                 2019-04-18 20:06:37.822031  
  0.02398                 53                      0.48260                 1.93268                 0.51830                 1.83841                 2019-04-18 20:06:42.287863  
  0.02398                 54                      0.47924                 1.92982                 0.51240                 1.81095                 2019-04-18 20:06:46.741096  
  0.02398                 55                      0.48110                 1.92382                 0.51570                 1.84364                 2019-04-18 20:06:51.259399  
  0.02398                 56                      0.48534                 1.90229                 0.51890                 1.80384                 2019-04-18 20:06:55.689837  
  0.02398                 57                      0.48764                 1.90887                 0.51720                 1.80763                 2019-04-18 20:07:00.099840  
  0.02398                 58                      0.48198                 1.91635                 0.52070                 1.80817                 2019-04-18 20:07:04.583058  
  0.02398                 59                      0.48748                 1.90201                 0.52040                 1.81359                 2019-04-18 20:07:09.083513  
  0.02398                 60                      0.48468                 1.90612                 0.51120                 1.85154                 2019-04-18 20:07:13.588194  
  0.02398                 61                      0.49030                 1.89974                 0.53340                 1.77811                 2019-04-18 20:07:18.102684  
  0.02398                 62                      0.49248                 1.87810                 0.52480                 1.81921                 2019-04-18 20:07:22.694192  
  0.02398                 63                      0.48942                 1.89518                 0.52290                 1.82684                 2019-04-18 20:07:27.211006  
  0.02398                 64                      0.49092                 1.89087                 0.52180                 1.81922                 2019-04-18 20:07:31.751603  
  0.02398                 65                      0.49062                 1.88201                 0.52510                 1.81117                 2019-04-18 20:07:36.296744  
  0.02398                 66                      0.48958                 1.89116                 0.52060                 1.83020                 2019-04-18 20:07:40.789007  
  0.02398                 67                      0.49352                 1.86952                 0.52090                 1.82737                 2019-04-18 20:07:45.292126  
  0.02398                 68                      0.49296                 1.87850                 0.52310                 1.82059                 2019-04-18 20:07:49.839588  
  0.02398                 69                      0.49126                 1.87208                 0.51600                 1.83760                 2019-04-18 20:07:54.309955  
  0.02398                 70                      0.49184                 1.88039                 0.52580                 1.77571                 2019-04-18 20:07:58.784967  
  0.02398                 71                      0.49596                 1.87507                 0.51910                 1.82170                 2019-04-18 20:08:03.172901  
  0.02398                 72                      0.49484                 1.86754                 0.52070                 1.80766                 2019-04-18 20:08:07.645600  
  0.02398                 73                      0.49648                 1.86813                 0.52350                 1.80684                 2019-04-18 20:08:12.096469  
  0.02398                 74                      0.49550                 1.86927                 0.52120                 1.80858                 2019-04-18 20:08:16.461671  
  0.02398                 75                      0.50112                 1.85342                 0.52230                 1.80292                 2019-04-18 20:08:20.913201  
  0.02398                 76                      0.49872                 1.86135                 0.52390                 1.78652                 2019-04-18 20:08:24.670589  
  0.02398                 77                      0.50010                 1.85123                 0.52660                 1.78689                 2019-04-18 20:08:28.581640  
  0.02398                 78                      0.50052                 1.85390                 0.52080                 1.80406                 2019-04-18 20:08:33.021744  
  0.02398                 79                      0.50088                 1.84573                 0.52440                 1.82360                 2019-04-18 20:08:37.456486  
  0.02398                 80                      0.49924                 1.85565                 0.53030                 1.79505                 2019-04-18 20:08:41.887660  
  0.02398                 81                      0.50330                 1.83777                 0.52430                 1.82915                 2019-04-18 20:08:46.244068  
  0.02398                 82                      0.50614                 1.83876                 0.53050                 1.75454                 2019-04-18 20:08:50.689177  
  0.02398                 83                      0.50302                 1.84126                 0.52480                 1.83209                 2019-04-18 20:08:55.130040  
  0.02398                 84                      0.50314                 1.84489                 0.52130                 1.85081                 2019-04-18 20:08:59.668751  
  0.02398                 85                      0.50230                 1.84200                 0.52790                 1.80904                 2019-04-18 20:09:04.136110  
  0.02398                 86                      0.50034                 1.84543                 0.52570                 1.82627                 2019-04-18 20:09:08.646227  
  0.02398                 87                      0.50418                 1.82848                 0.52640                 1.81341                 2019-04-18 20:09:13.213020  
  0.02398                 88                      0.50200                 1.84187                 0.52540                 1.79969                 2019-04-18 20:09:17.780407  
  0.02398                 89                      0.50444                 1.83100                 0.52590                 1.82106                 2019-04-18 20:09:22.264737  
  0.02398                 90                      0.50420                 1.83416                 0.53090                 1.79344                 2019-04-18 20:09:26.692986  
  0.02398                 91                      0.50606                 1.82785                 0.51720                 1.85851                 2019-04-18 20:09:31.081710  
  0.02398                 92                      0.50488                 1.82635                 0.52640                 1.78117                 2019-04-18 20:09:35.614072  
  0.02398                 93                      0.50996                 1.81587                 0.52890                 1.83480                 2019-04-18 20:09:40.003373  
  0.02398                 94                      0.50672                 1.81701                 0.52190                 1.83559                 2019-04-18 20:09:44.440598  
  0.02398                 95                      0.50714                 1.82049                 0.52830                 1.81244                 2019-04-18 20:09:48.988361  
  0.02398                 96                      0.50702                 1.81961                 0.53250                 1.82532                 2019-04-18 20:09:53.482078  
  0.02398                 97                      0.50910                 1.81713                 0.53480                 1.75063                 2019-04-18 20:09:58.081385  
  0.02398                 98                      0.51004                 1.80668                 0.52830                 1.78376                 2019-04-18 20:10:02.560699  
  0.02398                 99                      0.51010                 1.80976                 0.52930                 1.77987                 2019-04-18 20:10:07.026750  
  0.02398                 100                     0.50978                 1.81200                 0.53260                 1.76276                 2019-04-18 20:10:11.502441  
  0.02398                 101                     0.50862                 1.81038                 0.52490                 1.81796                 2019-04-18 20:10:15.891263  
  0.02398                 102                     0.51064                 1.80387                 0.52810                 1.81528                 2019-04-18 20:10:20.353987  
  0.02398                 103                     0.50912                 1.81072                 0.52700                 1.76905                 2019-04-18 20:10:24.844939  
  0.02398                 104                     0.51166                 1.80393                 0.53720                 1.78622                 2019-04-18 20:10:29.334300  
  0.02398                 105                     0.51092                 1.79938                 0.53070                 1.81986                 2019-04-18 20:10:33.811707  
  0.02398                 106                     0.51012                 1.80640                 0.53940                 1.74868                 2019-04-18 20:10:38.377096  
  0.02398                 107                     0.50992                 1.79974                 0.53270                 1.74954                 2019-04-18 20:10:42.869136  
  0.02398                 108                     0.51200                 1.80309                 0.53270                 1.76349                 2019-04-18 20:10:47.371659  
  0.02398                 109                     0.51482                 1.79630                 0.53350                 1.76624                 2019-04-18 20:10:51.782592  
  0.02398                 110                     0.51030                 1.81051                 0.52740                 1.81170                 2019-04-18 20:10:56.298303  
  0.02398                 111                     0.51014                 1.81087                 0.53630                 1.75229                 2019-04-18 20:11:00.692075  
  0.02398                 112                     0.51214                 1.80533                 0.52880                 1.75509                 2019-04-18 20:11:05.165036  
  0.02398                 113                     0.51574                 1.79323                 0.53790                 1.76492                 2019-04-18 20:11:09.607090  
  0.02398                 114                     0.51486                 1.79352                 0.53130                 1.78763                 2019-04-18 20:11:13.972014  
  0.02398                 115                     0.51718                 1.78296                 0.52940                 1.83037                 2019-04-18 20:11:18.387996  
  0.02398                 116                     0.51204                 1.79522                 0.52440                 1.80916                 2019-04-18 20:11:22.935494  
  0.02398                 117                     0.51358                 1.78642                 0.52320                 1.78836                 2019-04-18 20:11:27.398277  
  0.02398                 118                     0.51134                 1.79794                 0.53800                 1.77438                 2019-04-18 20:11:31.844327  
  0.02398                 119                     0.51908                 1.78428                 0.52630                 1.82905                 2019-04-18 20:11:36.202524  
  0.02398                 120                     0.51556                 1.77904                 0.52960                 1.78003                 2019-04-18 20:11:40.704219  
  0.02398                 121                     0.51588                 1.79100                 0.53220                 1.79501                 2019-04-18 20:11:45.266364  
  0.02398                 122                     0.51654                 1.78991                 0.53690                 1.76768                 2019-04-18 20:11:49.690123  
  0.02398                 123                     0.51188                 1.79354                 0.53320                 1.80908                 2019-04-18 20:11:54.108652  
  0.02398                 124                     0.51576                 1.77779                 0.53500                 1.81200                 2019-04-18 20:11:58.594179  
  0.02398                 125                     0.51578                 1.77846                 0.53710                 1.77171                 2019-04-18 20:12:03.093732  
  0.02398                 126                     0.51606                 1.78661                 0.53040                 1.76869                 2019-04-18 20:12:07.551285  
  0.02398                 127                     0.51934                 1.77802                 0.52210                 1.84290                 2019-04-18 20:12:12.005115  
  0.02398                 128                     0.51506                 1.78808                 0.53210                 1.80250                 2019-04-18 20:12:16.590859  
  0.02398                 129                     0.51726                 1.78437                 0.53420                 1.76527                 2019-04-18 20:12:20.993305  
  0.02398                 130                     0.51608                 1.77730                 0.53590                 1.78883                 2019-04-18 20:12:25.391109  
  0.02398                 131                     0.51590                 1.78411                 0.53800                 1.76964                 2019-04-18 20:12:29.778139  
  0.02398                 132                     0.51680                 1.77470                 0.54200                 1.70224                 2019-04-18 20:12:34.242196  
  0.02398                 133                     0.51858                 1.77166                 0.54480                 1.75416                 2019-04-18 20:12:38.702475  
  0.02398                 134                     0.51982                 1.77287                 0.53160                 1.77358                 2019-04-18 20:12:43.326041  
  0.02398                 135                     0.51812                 1.77311                 0.53320                 1.77099                 2019-04-18 20:12:47.871118  
  0.02398                 136                     0.51908                 1.76407                 0.54190                 1.75378                 2019-04-18 20:12:52.355422  
  0.02398                 137                     0.51882                 1.76744                 0.53310                 1.81958                 2019-04-18 20:12:56.824694  
  0.02398                 138                     0.51876                 1.76963                 0.53580                 1.76403                 2019-04-18 20:13:01.288629  
  0.02398                 139                     0.52062                 1.76609                 0.53910                 1.76921                 2019-04-18 20:13:05.823549  
  0.02398                 140                     0.52078                 1.76206                 0.53880                 1.78661                 2019-04-18 20:13:10.244730  
  0.02398                 141                     0.52242                 1.76099                 0.53470                 1.80257                 2019-04-18 20:13:14.722314  
  0.02398                 142                     0.52348                 1.75368                 0.53670                 1.74256                 2019-04-18 20:13:19.264266  
  0.02398                 143                     0.52132                 1.76334                 0.52690                 1.79814                 2019-04-18 20:13:23.727185  
  0.02398                 144                     0.51912                 1.77117                 0.53500                 1.78636                 2019-04-18 20:13:28.132396  
  0.02398                 145                     0.52090                 1.76206                 0.53630                 1.79483                 2019-04-18 20:13:32.630571  
  0.02398                 146                     0.51962                 1.76273                 0.53790                 1.75499                 2019-04-18 20:13:36.999334  
  0.02398                 147                     0.52144                 1.75643                 0.53340                 1.80940                 2019-04-18 20:13:41.438433  
  0.02398                 148                     0.51818                 1.76591                 0.54060                 1.71933                 2019-04-18 20:13:45.918871  
  0.02398                 149                     0.52346                 1.76195                 0.52960                 1.78053                 2019-04-18 20:13:50.332038  
  0.02398                 150                     0.52282                 1.75888                 0.54170                 1.75241                 2019-04-18 20:13:54.777194  
  0.02398                 151                     0.52166                 1.75712                 0.54050                 1.75354                 2019-04-18 20:13:59.231385  
  0.02398                 152                     0.52090                 1.75985                 0.53260                 1.79348                 2019-04-18 20:14:03.684258  
  0.02398                 153                     0.52038                 1.76494                 0.54790                 1.71984                 2019-04-18 20:14:08.178897  
  0.02398                 154                     0.52198                 1.75402                 0.53810                 1.77701                 2019-04-18 20:14:12.643092  
  0.02398                 155                     0.52396                 1.74994                 0.53020                 1.79552                 2019-04-18 20:14:17.084784  
  0.02398                 156                     0.52564                 1.74301                 0.54180                 1.75096                 2019-04-18 20:14:21.449170  
  0.02398                 157                     0.52404                 1.75991                 0.53550                 1.77707                 2019-04-18 20:14:25.885638  
  0.02398                 158                     0.52138                 1.75963                 0.54240                 1.75365                 2019-04-18 20:14:30.315958  
  0.02398                 159                     0.52162                 1.75976                 0.54260                 1.72715                 2019-04-18 20:14:34.716349  
  0.02398                 160                     0.52618                 1.74194                 0.53430                 1.77164                 2019-04-18 20:14:39.118893  
Output: 1.702


