shuhei:~.$ python nelder.py -model CNN -num 1 -round 0
Will get the positions by Nelder-Mead Method.
Saving the position data as shown below...
  batch_size       lr               momentum         weight_decay     ch1              ch2              ch3              ch4              drop_rate      
  7.697            -1.930           0.942            -4.301           5.301            5.372            6.643            5.356          


shuhei:~.$ python env.py -model CNN -num 1 -round 0 -cuda 0
Collecting Environment Variables and Putting in Shell Scripts.

shuhei:~.$ ./run.sh
shuhei:~.$ CUDA_VISIBLE_DEVICES=0 python train.py -model CNN -num 1 -round 0 -batch_size 207 -lr 0.011745567687211867 -momentum 0.9421678140261656 -weight_decay 5.0042279625048024e-05 -ch1 39 -ch2 41 -ch3 99 -ch4 40 -drop_rate 0.197573469253638
Start Training


Files already downloaded and verified
  lr                      epoch                   TrainAcc                TrainLoss               TestAcc                 TestLoss                Time                  
  0.01175                 1                       0.13058                 3.76013                 0.23680                 3.09965                 2019-04-18 23:02:48.646695  
  0.01175                 2                       0.23614                 3.09527                 0.29400                 2.77454                 2019-04-18 23:02:53.113031  
  0.01175                 3                       0.28586                 2.82365                 0.34180                 2.57743                 2019-04-18 23:02:57.615547  
  0.01175                 4                       0.32134                 2.65838                 0.37300                 2.39487                 2019-04-18 23:03:02.032609  
  0.01175                 5                       0.34612                 2.53465                 0.37850                 2.44331                 2019-04-18 23:03:06.439186  
  0.01175                 6                       0.36580                 2.44118                 0.40660                 2.28258                 2019-04-18 23:03:10.849893  
  0.01175                 7                       0.38286                 2.35731                 0.40760                 2.29258                 2019-04-18 23:03:15.311936  
  0.01175                 8                       0.39894                 2.28931                 0.43450                 2.16090                 2019-04-18 23:03:19.773281  
  0.01175                 9                       0.40776                 2.23499                 0.45410                 2.08608                 2019-04-18 23:03:24.194041  
  0.01175                 10                      0.42064                 2.19205                 0.45870                 2.03889                 2019-04-18 23:03:28.608895  
  0.01175                 11                      0.42766                 2.14487                 0.46660                 2.02286                 2019-04-18 23:03:33.187455  
  0.01175                 12                      0.43954                 2.10347                 0.47120                 1.98762                 2019-04-18 23:03:37.638929  
  0.01175                 13                      0.44580                 2.06650                 0.48270                 1.94463                 2019-04-18 23:03:42.070283  
  0.01175                 14                      0.45278                 2.03728                 0.48340                 1.92062                 2019-04-18 23:03:46.540392  
  0.01175                 15                      0.45924                 2.00798                 0.48570                 1.96127                 2019-04-18 23:03:50.996334  
  0.01175                 16                      0.46438                 1.97928                 0.49560                 1.92233                 2019-04-18 23:03:55.428097  
  0.01175                 17                      0.47238                 1.95245                 0.49320                 1.88551                 2019-04-18 23:03:59.911115  
  0.01175                 18                      0.47630                 1.93201                 0.49780                 1.88010                 2019-04-18 23:04:04.369262  
  0.01175                 19                      0.48310                 1.90658                 0.50710                 1.85503                 2019-04-18 23:04:08.885360  
  0.01175                 20                      0.48572                 1.89186                 0.51350                 1.83808                 2019-04-18 23:04:13.387118  
  0.01175                 21                      0.48918                 1.87412                 0.51850                 1.81475                 2019-04-18 23:04:17.883561  
  0.01175                 22                      0.49606                 1.85668                 0.51680                 1.85041                 2019-04-18 23:04:22.358360  
  0.01175                 23                      0.49832                 1.83657                 0.51370                 1.84601                 2019-04-18 23:04:26.767872  
  0.01175                 24                      0.50048                 1.82482                 0.51160                 1.86601                 2019-04-18 23:04:31.292679  
  0.01175                 25                      0.50402                 1.81078                 0.52890                 1.78382                 2019-04-18 23:04:35.742162  
  0.01175                 26                      0.50780                 1.79605                 0.52480                 1.80553                 2019-04-18 23:04:40.229124  
  0.01175                 27                      0.51260                 1.77806                 0.52390                 1.82222                 2019-04-18 23:04:44.746071  
  0.01175                 28                      0.51720                 1.75957                 0.53450                 1.78762                 2019-04-18 23:04:49.204865  
  0.01175                 29                      0.51570                 1.75676                 0.52800                 1.76570                 2019-04-18 23:04:53.673709  
  0.01175                 30                      0.51864                 1.74260                 0.53580                 1.75290                 2019-04-18 23:04:58.161308  
  0.01175                 31                      0.52352                 1.73766                 0.53550                 1.79407                 2019-04-18 23:05:02.667190  
  0.01175                 32                      0.52490                 1.72398                 0.53140                 1.77410                 2019-04-18 23:05:07.164274  
  0.01175                 33                      0.52458                 1.71809                 0.54260                 1.75302                 2019-04-18 23:05:11.663379  
  0.01175                 34                      0.52716                 1.71167                 0.52970                 1.78801                 2019-04-18 23:05:16.156369  
  0.01175                 35                      0.53126                 1.69231                 0.53650                 1.73779                 2019-04-18 23:05:20.558036  
  0.01175                 36                      0.53434                 1.68003                 0.52610                 1.83142                 2019-04-18 23:05:24.925398  
  0.01175                 37                      0.53558                 1.68030                 0.53930                 1.73504                 2019-04-18 23:05:29.380267  
  0.01175                 38                      0.53792                 1.67042                 0.54110                 1.74356                 2019-04-18 23:05:33.846588  
  0.01175                 39                      0.53748                 1.67275                 0.54020                 1.77926                 2019-04-18 23:05:38.347897  
  0.01175                 40                      0.54338                 1.65042                 0.54090                 1.74603                 2019-04-18 23:05:42.895370  
  0.01175                 41                      0.54006                 1.65203                 0.54670                 1.70720                 2019-04-18 23:05:47.368788  
  0.01175                 42                      0.54298                 1.64559                 0.54970                 1.72870                 2019-04-18 23:05:51.890958  
  0.01175                 43                      0.54532                 1.63231                 0.54950                 1.72140                 2019-04-18 23:05:56.332544  
  0.01175                 44                      0.54906                 1.62829                 0.54140                 1.74852                 2019-04-18 23:06:00.792751  
  0.01175                 45                      0.54946                 1.62018                 0.54750                 1.70910                 2019-04-18 23:06:05.291916  
  0.01175                 46                      0.55172                 1.61965                 0.54670                 1.71296                 2019-04-18 23:06:09.843415  
  0.01175                 47                      0.55274                 1.60358                 0.54830                 1.71940                 2019-04-18 23:06:14.362177  
  0.01175                 48                      0.55312                 1.60054                 0.55150                 1.67782                 2019-04-18 23:06:18.863253  
  0.01175                 49                      0.55328                 1.59921                 0.55310                 1.69605                 2019-04-18 23:06:23.307099  
  0.01175                 50                      0.55642                 1.58897                 0.55350                 1.70717                 2019-04-18 23:06:27.910400  
  0.01175                 51                      0.55610                 1.58824                 0.55040                 1.70134                 2019-04-18 23:06:32.473111  
  0.01175                 52                      0.55736                 1.58454                 0.54410                 1.72451                 2019-04-18 23:06:37.144865  
  0.01175                 53                      0.55868                 1.57569                 0.55120                 1.68248                 2019-04-18 23:06:41.670079  
  0.01175                 54                      0.56304                 1.56156                 0.54700                 1.75421                 2019-04-18 23:06:46.088199  
  0.01175                 55                      0.56170                 1.56009                 0.55800                 1.67770                 2019-04-18 23:06:50.573785  
  0.01175                 56                      0.56360                 1.55658                 0.56280                 1.67796                 2019-04-18 23:06:55.047717  
  0.01175                 57                      0.56208                 1.55658                 0.55390                 1.71063                 2019-04-18 23:06:59.579991  
  0.01175                 58                      0.56690                 1.54218                 0.55700                 1.67978                 2019-04-18 23:07:04.038985  
  0.01175                 59                      0.56560                 1.54861                 0.55390                 1.68374                 2019-04-18 23:07:08.527718  
  0.01175                 60                      0.56648                 1.53801                 0.55630                 1.68766                 2019-04-18 23:07:12.933482  
  0.01175                 61                      0.56630                 1.54075                 0.56180                 1.67029                 2019-04-18 23:07:17.323110  
  0.01175                 62                      0.56784                 1.53414                 0.55920                 1.70250                 2019-04-18 23:07:21.768224  
  0.01175                 63                      0.56954                 1.53206                 0.56550                 1.66569                 2019-04-18 23:07:26.128517  
  0.01175                 64                      0.57374                 1.52101                 0.55910                 1.69626                 2019-04-18 23:07:30.515805  
  0.01175                 65                      0.57478                 1.51308                 0.55970                 1.66716                 2019-04-18 23:07:35.075027  
  0.01175                 66                      0.57390                 1.52639                 0.56220                 1.66489                 2019-04-18 23:07:39.629484  
  0.01175                 67                      0.57380                 1.51285                 0.56260                 1.69268                 2019-04-18 23:07:44.061703  
  0.01175                 68                      0.57342                 1.51273                 0.55500                 1.74387                 2019-04-18 23:07:48.503504  
  0.01175                 69                      0.57136                 1.51348                 0.55950                 1.70182                 2019-04-18 23:07:52.982219  
  0.01175                 70                      0.57786                 1.50300                 0.56280                 1.67149                 2019-04-18 23:07:57.657768  
  0.01175                 71                      0.57804                 1.50258                 0.56160                 1.69431                 2019-04-18 23:08:02.157605  
  0.01175                 72                      0.57636                 1.50266                 0.56050                 1.65053                 2019-04-18 23:08:06.634192  
  0.01175                 73                      0.57910                 1.49518                 0.56840                 1.63907                 2019-04-18 23:08:11.221393  
  0.01175                 74                      0.57922                 1.48652                 0.55700                 1.68609                 2019-04-18 23:08:15.663853  
  0.01175                 75                      0.57974                 1.48432                 0.56030                 1.69212                 2019-04-18 23:08:20.128077  
  0.01175                 76                      0.58168                 1.48701                 0.55300                 1.71980                 2019-04-18 23:08:24.621293  
  0.01175                 77                      0.58350                 1.47992                 0.56060                 1.66354                 2019-04-18 23:08:29.064584  
  0.01175                 78                      0.58308                 1.47318                 0.57250                 1.63472                 2019-04-18 23:08:33.615509  
  0.01175                 79                      0.58480                 1.46598                 0.56510                 1.68964                 2019-04-18 23:08:38.056966  
  0.01175                 80                      0.58470                 1.46759                 0.56170                 1.69730                 2019-04-18 23:08:42.582524  
  0.01175                 81                      0.58366                 1.46918                 0.56430                 1.68257                 2019-04-18 23:08:47.075955  
  0.01175                 82                      0.59052                 1.46306                 0.56040                 1.67893                 2019-04-18 23:08:51.488355  
  0.01175                 83                      0.58424                 1.46702                 0.56440                 1.67248                 2019-04-18 23:08:55.995673  
  0.01175                 84                      0.58668                 1.45875                 0.55990                 1.67549                 2019-04-18 23:09:00.410448  
  0.01175                 85                      0.59094                 1.45250                 0.56460                 1.65137                 2019-04-18 23:09:04.816404  
  0.01175                 86                      0.58668                 1.45460                 0.56540                 1.64504                 2019-04-18 23:09:09.280844  
  0.01175                 87                      0.58866                 1.45698                 0.56480                 1.64918                 2019-04-18 23:09:13.751487  
  0.01175                 88                      0.58956                 1.45049                 0.57120                 1.65938                 2019-04-18 23:09:18.284686  
  0.01175                 89                      0.59250                 1.43759                 0.56540                 1.70054                 2019-04-18 23:09:22.794600  
  0.01175                 90                      0.58980                 1.44950                 0.56300                 1.71190                 2019-04-18 23:09:27.297158  
  0.01175                 91                      0.58970                 1.44277                 0.56690                 1.66971                 2019-04-18 23:09:31.700140  
  0.01175                 92                      0.59178                 1.44105                 0.56550                 1.64778                 2019-04-18 23:09:36.177820  
  0.01175                 93                      0.58998                 1.44030                 0.56750                 1.66096                 2019-04-18 23:09:40.660774  
  0.01175                 94                      0.59080                 1.43768                 0.57210                 1.64023                 2019-04-18 23:09:45.095902  
  0.01175                 95                      0.59108                 1.43648                 0.57140                 1.65403                 2019-04-18 23:09:49.526518  
  0.01175                 96                      0.59480                 1.43013                 0.57090                 1.67462                 2019-04-18 23:09:53.994158  
  0.01175                 97                      0.59578                 1.42618                 0.56420                 1.67265                 2019-04-18 23:09:58.505278  
  0.01175                 98                      0.59410                 1.42249                 0.56870                 1.65378                 2019-04-18 23:10:03.012997  
  0.01175                 99                      0.59388                 1.42204                 0.57680                 1.62055                 2019-04-18 23:10:07.538875  
  0.01175                 100                     0.59398                 1.42231                 0.56170                 1.68593                 2019-04-18 23:10:12.004238  
  0.01175                 101                     0.59736                 1.41892                 0.56950                 1.67975                 2019-04-18 23:10:16.563239  
  0.01175                 102                     0.59662                 1.42288                 0.56510                 1.68962                 2019-04-18 23:10:21.141574  
  0.01175                 103                     0.59684                 1.41086                 0.56980                 1.66961                 2019-04-18 23:10:25.671100  
  0.01175                 104                     0.59696                 1.41001                 0.56660                 1.66382                 2019-04-18 23:10:30.200740  
  0.01175                 105                     0.59842                 1.41365                 0.57420                 1.67003                 2019-04-18 23:10:34.656204  
  0.01175                 106                     0.59858                 1.41030                 0.57380                 1.64647                 2019-04-18 23:10:39.065854  
  0.01175                 107                     0.59748                 1.41308                 0.57000                 1.69184                 2019-04-18 23:10:43.451180  
  0.01175                 108                     0.59958                 1.40412                 0.56710                 1.64534                 2019-04-18 23:10:47.928652  
  0.01175                 109                     0.59870                 1.40176                 0.56680                 1.68502                 2019-04-18 23:10:52.434433  
  0.01175                 110                     0.59704                 1.40557                 0.56230                 1.67757                 2019-04-18 23:10:56.956146  
  0.01175                 111                     0.60148                 1.40325                 0.56870                 1.66000                 2019-04-18 23:11:01.453875  
  0.01175                 112                     0.60090                 1.39705                 0.56870                 1.67003                 2019-04-18 23:11:05.889322  
  0.01175                 113                     0.59976                 1.39997                 0.56910                 1.65709                 2019-04-18 23:11:10.321739  
  0.01175                 114                     0.60302                 1.40199                 0.56830                 1.66691                 2019-04-18 23:11:14.862582  
  0.01175                 115                     0.60168                 1.40112                 0.56470                 1.69165                 2019-04-18 23:11:19.345574  
  0.01175                 116                     0.60204                 1.39332                 0.57160                 1.70273                 2019-04-18 23:11:23.726478  
  0.01175                 117                     0.60182                 1.39213                 0.56630                 1.67375                 2019-04-18 23:11:28.173378  
  0.01175                 118                     0.60124                 1.39018                 0.57140                 1.65458                 2019-04-18 23:11:32.578301  
  0.01175                 119                     0.60464                 1.38102                 0.56730                 1.67597                 2019-04-18 23:11:37.036737  
  0.01175                 120                     0.60568                 1.38319                 0.57670                 1.64536                 2019-04-18 23:11:41.447133  
  0.01175                 121                     0.60566                 1.38060                 0.56360                 1.67329                 2019-04-18 23:11:45.912403  
  0.01175                 122                     0.60430                 1.37608                 0.57220                 1.65737                 2019-04-18 23:11:50.357278  
  0.01175                 123                     0.60876                 1.37152                 0.57170                 1.68504                 2019-04-18 23:11:54.904426  
  0.01175                 124                     0.60146                 1.38325                 0.57470                 1.63954                 2019-04-18 23:11:59.326687  
  0.01175                 125                     0.60554                 1.38102                 0.55970                 1.67511                 2019-04-18 23:12:03.766747  
  0.01175                 126                     0.60864                 1.37057                 0.55980                 1.72400                 2019-04-18 23:12:08.202874  
  0.01175                 127                     0.60756                 1.36798                 0.56900                 1.68057                 2019-04-18 23:12:12.819692  
  0.01175                 128                     0.60758                 1.37243                 0.56970                 1.70926                 2019-04-18 23:12:17.336226  
  0.01175                 129                     0.60826                 1.37313                 0.57150                 1.65824                 2019-04-18 23:12:21.791145  
  0.01175                 130                     0.61016                 1.36409                 0.56720                 1.67445                 2019-04-18 23:12:26.300291  
  0.01175                 131                     0.61028                 1.36302                 0.56960                 1.66571                 2019-04-18 23:12:30.746933  
  0.01175                 132                     0.61150                 1.35815                 0.56830                 1.65866                 2019-04-18 23:12:35.194201  
  0.01175                 133                     0.60668                 1.36707                 0.57370                 1.64127                 2019-04-18 23:12:39.722524  
  0.01175                 134                     0.61088                 1.36695                 0.57130                 1.66682                 2019-04-18 23:12:44.151474  
  0.01175                 135                     0.60902                 1.36013                 0.56680                 1.69072                 2019-04-18 23:12:48.503427  
  0.01175                 136                     0.60760                 1.35624                 0.56620                 1.67343                 2019-04-18 23:12:52.993972  
  0.01175                 137                     0.60932                 1.36492                 0.56980                 1.65434                 2019-04-18 23:12:57.110685  
  0.01175                 138                     0.61238                 1.35629                 0.57120                 1.67656                 2019-04-18 23:13:00.994526  
  0.01175                 139                     0.61172                 1.35483                 0.57530                 1.64964                 2019-04-18 23:13:05.450530  
  0.01175                 140                     0.60908                 1.35653                 0.55860                 1.68362                 2019-04-18 23:13:09.849932  
  0.01175                 141                     0.60802                 1.36285                 0.57460                 1.66491                 2019-04-18 23:13:14.297190  
  0.01175                 142                     0.61138                 1.35375                 0.57670                 1.64156                 2019-04-18 23:13:18.796893  
  0.01175                 143                     0.60924                 1.35117                 0.57430                 1.68855                 2019-04-18 23:13:23.385206  
  0.01175                 144                     0.61134                 1.35002                 0.57280                 1.67439                 2019-04-18 23:13:27.919539  
  0.01175                 145                     0.61238                 1.35141                 0.57550                 1.63856                 2019-04-18 23:13:32.385000  
  0.01175                 146                     0.61204                 1.34951                 0.57140                 1.66786                 2019-04-18 23:13:36.790236  
  0.01175                 147                     0.61226                 1.33923                 0.57710                 1.62749                 2019-04-18 23:13:41.291288  
  0.01175                 148                     0.61378                 1.34114                 0.57510                 1.63833                 2019-04-18 23:13:45.757381  
  0.01175                 149                     0.61416                 1.34446                 0.57870                 1.67376                 2019-04-18 23:13:50.302214  
  0.01175                 150                     0.61194                 1.34677                 0.56980                 1.64175                 2019-04-18 23:13:54.858107  
  0.01175                 151                     0.61352                 1.33849                 0.57650                 1.65195                 2019-04-18 23:13:59.330288  
  0.01175                 152                     0.61428                 1.33737                 0.57090                 1.69949                 2019-04-18 23:14:03.799816  
  0.01175                 153                     0.61592                 1.33503                 0.56620                 1.69849                 2019-04-18 23:14:08.229261  
  0.01175                 154                     0.61488                 1.33697                 0.57770                 1.68580                 2019-04-18 23:14:12.716181  
  0.01175                 155                     0.61550                 1.33735                 0.57880                 1.65524                 2019-04-18 23:14:17.271478  
  0.01175                 156                     0.61414                 1.34103                 0.57860                 1.67253                 2019-04-18 23:14:21.768813  
  0.01175                 157                     0.61500                 1.34021                 0.57410                 1.65497                 2019-04-18 23:14:26.289129  
  0.01175                 158                     0.61378                 1.33833                 0.57530                 1.65746                 2019-04-18 23:14:30.795132  
  0.01175                 159                     0.61732                 1.33028                 0.57100                 1.71757                 2019-04-18 23:14:35.247307  
  0.01175                 160                     0.61750                 1.32576                 0.57890                 1.63829                 2019-04-18 23:14:39.712244  
Output: 1.621


