shuhei:~.$ python nelder.py -model CNN -num 1 -round 0
Will get the positions by Nelder-Mead Method.
Saving the position data as shown below...
  batch_size       lr               momentum         weight_decay     ch1              ch2              ch3              ch4              drop_rate      
  7.608            -1.929           0.958            -4.496           5.365            5.171            6.738            5.722          


shuhei:~.$ python env.py -model CNN -num 1 -round 0 -cuda 0
Collecting Environment Variables and Putting in Shell Scripts.

shuhei:~.$ ./run.sh
shuhei:~.$ CUDA_VISIBLE_DEVICES=0 python train.py -model CNN -num 1 -round 0 -batch_size 195 -lr 0.011773813457620599 -momentum 0.9577553267179152 -weight_decay 3.1929382030551296e-05 -ch1 41 -ch2 36 -ch3 106 -ch4 52 -drop_rate 0.226736375661475
Start Training


Files already downloaded and verified
  lr                      epoch                   TrainAcc                TrainLoss               TestAcc                 TestLoss                Time                  
  0.01177                 1                       0.14466                 3.67969                 0.23220                 3.11464                 2019-04-19 03:49:46.628220  
  0.01177                 2                       0.24998                 3.01309                 0.29610                 2.79716                 2019-04-19 03:49:51.075915  
  0.01177                 3                       0.29948                 2.75790                 0.35670                 2.48605                 2019-04-19 03:49:55.553526  
  0.01177                 4                       0.33232                 2.60017                 0.38060                 2.37959                 2019-04-19 03:50:00.099042  
  0.01177                 5                       0.35740                 2.46936                 0.41170                 2.23742                 2019-04-19 03:50:04.566383  
  0.01177                 6                       0.38152                 2.36389                 0.43090                 2.16047                 2019-04-19 03:50:08.958309  
  0.01177                 7                       0.39854                 2.29542                 0.44020                 2.11756                 2019-04-19 03:50:13.414829  
  0.01177                 8                       0.41314                 2.22341                 0.45330                 2.06223                 2019-04-19 03:50:17.859602  
  0.01177                 9                       0.42712                 2.15521                 0.46210                 2.03706                 2019-04-19 03:50:22.334663  
  0.01177                 10                      0.43730                 2.11641                 0.47380                 1.98676                 2019-04-19 03:50:26.867979  
  0.01177                 11                      0.44564                 2.07940                 0.47480                 1.98781                 2019-04-19 03:50:31.288685  
  0.01177                 12                      0.45340                 2.04329                 0.48310                 1.90870                 2019-04-19 03:50:35.748724  
  0.01177                 13                      0.46014                 2.00929                 0.48390                 1.93362                 2019-04-19 03:50:40.120009  
  0.01177                 14                      0.46960                 1.97977                 0.49470                 1.89277                 2019-04-19 03:50:44.576546  
  0.01177                 15                      0.47188                 1.95963                 0.50770                 1.84061                 2019-04-19 03:50:48.971762  
  0.01177                 16                      0.47954                 1.92565                 0.51150                 1.83258                 2019-04-19 03:50:53.478466  
  0.01177                 17                      0.48628                 1.89315                 0.51280                 1.85175                 2019-04-19 03:50:57.996137  
  0.01177                 18                      0.48990                 1.87624                 0.50670                 1.88838                 2019-04-19 03:51:02.529782  
  0.01177                 19                      0.49356                 1.86805                 0.50770                 1.82814                 2019-04-19 03:51:06.988400  
  0.01177                 20                      0.49840                 1.84464                 0.51940                 1.81972                 2019-04-19 03:51:11.374104  
  0.01177                 21                      0.50266                 1.82706                 0.52290                 1.79649                 2019-04-19 03:51:15.799642  
  0.01177                 22                      0.50950                 1.80493                 0.52920                 1.75663                 2019-04-19 03:51:20.282977  
  0.01177                 23                      0.50846                 1.79270                 0.52230                 1.77468                 2019-04-19 03:51:24.709913  
  0.01177                 24                      0.51450                 1.77961                 0.52080                 1.79774                 2019-04-19 03:51:29.088986  
  0.01177                 25                      0.51566                 1.77010                 0.52760                 1.78923                 2019-04-19 03:51:33.573079  
  0.01177                 26                      0.51952                 1.75038                 0.52770                 1.78619                 2019-04-19 03:51:38.015148  
  0.01177                 27                      0.52348                 1.74354                 0.53740                 1.75869                 2019-04-19 03:51:42.460776  
  0.01177                 28                      0.52566                 1.73193                 0.53680                 1.75562                 2019-04-19 03:51:46.953623  
  0.01177                 29                      0.52868                 1.71379                 0.53190                 1.76558                 2019-04-19 03:51:51.378199  
  0.01177                 30                      0.52602                 1.71307                 0.54270                 1.71473                 2019-04-19 03:51:55.813060  
  0.01177                 31                      0.53220                 1.69733                 0.53860                 1.73521                 2019-04-19 03:52:00.255188  
  0.01177                 32                      0.53122                 1.69062                 0.54060                 1.73581                 2019-04-19 03:52:04.702576  
  0.01177                 33                      0.53628                 1.67732                 0.54440                 1.72620                 2019-04-19 03:52:09.209014  
  0.01177                 34                      0.53630                 1.67199                 0.53870                 1.72548                 2019-04-19 03:52:13.732854  
  0.01177                 35                      0.53792                 1.66390                 0.54010                 1.76085                 2019-04-19 03:52:18.321147  
  0.01177                 36                      0.54244                 1.65575                 0.54110                 1.71683                 2019-04-19 03:52:22.581724  
  0.01177                 37                      0.54294                 1.64171                 0.54290                 1.72493                 2019-04-19 03:52:26.186692  
  0.01177                 38                      0.54462                 1.63554                 0.54390                 1.70624                 2019-04-19 03:52:30.702211  
  0.01177                 39                      0.54568                 1.62869                 0.54900                 1.70222                 2019-04-19 03:52:35.178594  
  0.01177                 40                      0.54926                 1.62811                 0.54210                 1.74592                 2019-04-19 03:52:39.689762  
  0.01177                 41                      0.54910                 1.61852                 0.55510                 1.67996                 2019-04-19 03:52:44.292885  
  0.01177                 42                      0.54878                 1.61998                 0.55090                 1.70527                 2019-04-19 03:52:48.785294  
  0.01177                 43                      0.55554                 1.60845                 0.55810                 1.64268                 2019-04-19 03:52:53.335258  
  0.01177                 44                      0.55290                 1.59917                 0.55000                 1.73198                 2019-04-19 03:52:57.849423  
  0.01177                 45                      0.55366                 1.59353                 0.56060                 1.65583                 2019-04-19 03:53:02.258097  
  0.01177                 46                      0.55676                 1.58774                 0.55610                 1.67832                 2019-04-19 03:53:06.630491  
  0.01177                 47                      0.55692                 1.58467                 0.54640                 1.67549                 2019-04-19 03:53:11.023000  
  0.01177                 48                      0.56014                 1.57757                 0.55350                 1.65504                 2019-04-19 03:53:15.367403  
  0.01177                 49                      0.56166                 1.57535                 0.56060                 1.65587                 2019-04-19 03:53:19.842018  
  0.01177                 50                      0.56006                 1.57431                 0.55220                 1.67413                 2019-04-19 03:53:24.283834  
  0.01177                 51                      0.56320                 1.55658                 0.55560                 1.67093                 2019-04-19 03:53:28.720056  
  0.01177                 52                      0.56660                 1.54470                 0.55560                 1.72849                 2019-04-19 03:53:33.203397  
  0.01177                 53                      0.56650                 1.54380                 0.55890                 1.68228                 2019-04-19 03:53:37.729810  
  0.01177                 54                      0.56756                 1.53850                 0.55560                 1.66680                 2019-04-19 03:53:42.147829  
  0.01177                 55                      0.56802                 1.54077                 0.55760                 1.69456                 2019-04-19 03:53:46.589317  
  0.01177                 56                      0.57118                 1.52981                 0.55970                 1.66834                 2019-04-19 03:53:51.022001  
  0.01177                 57                      0.56700                 1.53392                 0.56270                 1.65892                 2019-04-19 03:53:55.550665  
  0.01177                 58                      0.57182                 1.52846                 0.56590                 1.66279                 2019-04-19 03:53:59.932634  
  0.01177                 59                      0.56982                 1.53409                 0.56230                 1.68305                 2019-04-19 03:54:04.344239  
  0.01177                 60                      0.57094                 1.52545                 0.56400                 1.65736                 2019-04-19 03:54:08.902802  
  0.01177                 61                      0.57288                 1.51538                 0.55650                 1.67323                 2019-04-19 03:54:13.313862  
  0.01177                 62                      0.57396                 1.51965                 0.56110                 1.65232                 2019-04-19 03:54:17.762260  
  0.01177                 63                      0.57630                 1.50173                 0.56590                 1.64036                 2019-04-19 03:54:22.223031  
  0.01177                 64                      0.57828                 1.50542                 0.56630                 1.64778                 2019-04-19 03:54:26.618854  
  0.01177                 65                      0.58038                 1.49365                 0.56460                 1.66173                 2019-04-19 03:54:31.210608  
  0.01177                 66                      0.57760                 1.49915                 0.56650                 1.66348                 2019-04-19 03:54:35.628558  
  0.01177                 67                      0.58234                 1.49009                 0.56680                 1.63790                 2019-04-19 03:54:40.107525  
  0.01177                 68                      0.58040                 1.47874                 0.56280                 1.65486                 2019-04-19 03:54:44.649832  
  0.01177                 69                      0.58216                 1.48786                 0.56760                 1.66226                 2019-04-19 03:54:49.120060  
  0.01177                 70                      0.58110                 1.48175                 0.56310                 1.67592                 2019-04-19 03:54:53.544008  
  0.01177                 71                      0.58090                 1.48700                 0.57570                 1.63904                 2019-04-19 03:54:57.994864  
  0.01177                 72                      0.58396                 1.47496                 0.56620                 1.65822                 2019-04-19 03:55:02.445396  
  0.01177                 73                      0.58568                 1.47046                 0.56920                 1.67252                 2019-04-19 03:55:06.935576  
  0.01177                 74                      0.58294                 1.47383                 0.56800                 1.65812                 2019-04-19 03:55:11.299532  
  0.01177                 75                      0.58540                 1.46585                 0.57120                 1.63754                 2019-04-19 03:55:15.878319  
  0.01177                 76                      0.58342                 1.47152                 0.56690                 1.66231                 2019-04-19 03:55:20.329161  
  0.01177                 77                      0.58960                 1.45977                 0.56140                 1.68553                 2019-04-19 03:55:24.779527  
  0.01177                 78                      0.59056                 1.45482                 0.57830                 1.65730                 2019-04-19 03:55:29.230760  
  0.01177                 79                      0.58682                 1.46362                 0.56800                 1.65362                 2019-04-19 03:55:33.770056  
  0.01177                 80                      0.59108                 1.45163                 0.56920                 1.66731                 2019-04-19 03:55:38.308384  
  0.01177                 81                      0.58760                 1.45330                 0.56520                 1.67894                 2019-04-19 03:55:42.784503  
  0.01177                 82                      0.59052                 1.45072                 0.57400                 1.61170                 2019-04-19 03:55:47.180586  
  0.01177                 83                      0.59078                 1.44425                 0.57110                 1.65124                 2019-04-19 03:55:51.557802  
  0.01177                 84                      0.59074                 1.44226                 0.57150                 1.65507                 2019-04-19 03:55:56.082603  
  0.01177                 85                      0.58996                 1.44293                 0.56350                 1.66755                 2019-04-19 03:56:00.542408  
  0.01177                 86                      0.59066                 1.44608                 0.57670                 1.64681                 2019-04-19 03:56:04.978448  
  0.01177                 87                      0.59166                 1.44438                 0.57400                 1.63492                 2019-04-19 03:56:09.450536  
  0.01177                 88                      0.59504                 1.43170                 0.57020                 1.65427                 2019-04-19 03:56:13.955826  
  0.01177                 89                      0.59332                 1.42937                 0.57000                 1.61576                 2019-04-19 03:56:18.434151  
  0.01177                 90                      0.59422                 1.43422                 0.57210                 1.65152                 2019-04-19 03:56:22.922705  
  0.01177                 91                      0.59206                 1.43259                 0.57440                 1.63721                 2019-04-19 03:56:27.421175  
  0.01177                 92                      0.59540                 1.42655                 0.57080                 1.63284                 2019-04-19 03:56:31.853018  
  0.01177                 93                      0.59732                 1.42158                 0.57710                 1.66569                 2019-04-19 03:56:36.276115  
  0.01177                 94                      0.59568                 1.42283                 0.57150                 1.64165                 2019-04-19 03:56:40.699672  
  0.01177                 95                      0.59908                 1.41924                 0.57020                 1.65364                 2019-04-19 03:56:45.118154  
  0.01177                 96                      0.59688                 1.41556                 0.57080                 1.63800                 2019-04-19 03:56:49.550684  
  0.01177                 97                      0.59892                 1.41888                 0.57380                 1.63896                 2019-04-19 03:56:53.990547  
  0.01177                 98                      0.59968                 1.41290                 0.57210                 1.63581                 2019-04-19 03:56:58.369394  
  0.01177                 99                      0.60076                 1.41394                 0.57640                 1.60853                 2019-04-19 03:57:02.748817  
  0.01177                 100                     0.60080                 1.40199                 0.57520                 1.64764                 2019-04-19 03:57:07.111140  
  0.01177                 101                     0.59994                 1.40314                 0.57220                 1.61499                 2019-04-19 03:57:11.612808  
  0.01177                 102                     0.59802                 1.40989                 0.57430                 1.65294                 2019-04-19 03:57:16.150840  
  0.01177                 103                     0.60286                 1.39652                 0.57450                 1.61712                 2019-04-19 03:57:20.676213  
  0.01177                 104                     0.60300                 1.39773                 0.57790                 1.62835                 2019-04-19 03:57:25.184286  
  0.01177                 105                     0.60180                 1.39733                 0.56910                 1.66090                 2019-04-19 03:57:29.770836  
  0.01177                 106                     0.60046                 1.39998                 0.57590                 1.63159                 2019-04-19 03:57:34.238872  
  0.01177                 107                     0.60608                 1.39313                 0.57130                 1.65290                 2019-04-19 03:57:38.728939  
  0.01177                 108                     0.60136                 1.40149                 0.57350                 1.65958                 2019-04-19 03:57:43.193038  
  0.01177                 109                     0.60256                 1.39214                 0.56380                 1.66712                 2019-04-19 03:57:47.679358  
  0.01177                 110                     0.60654                 1.38406                 0.57680                 1.62805                 2019-04-19 03:57:52.152032  
  0.01177                 111                     0.60558                 1.38260                 0.56810                 1.66625                 2019-04-19 03:57:56.610751  
  0.01177                 112                     0.60390                 1.38618                 0.57300                 1.65746                 2019-04-19 03:58:01.066805  
  0.01177                 113                     0.60446                 1.38915                 0.57450                 1.63245                 2019-04-19 03:58:05.475930  
  0.01177                 114                     0.60966                 1.37605                 0.57670                 1.66005                 2019-04-19 03:58:09.939410  
  0.01177                 115                     0.60768                 1.37763                 0.58080                 1.61464                 2019-04-19 03:58:14.387206  
  0.01177                 116                     0.60616                 1.37776                 0.57220                 1.64483                 2019-04-19 03:58:18.870141  
  0.01177                 117                     0.61010                 1.37195                 0.57510                 1.64074                 2019-04-19 03:58:23.318089  
  0.01177                 118                     0.60828                 1.37179                 0.57670                 1.66079                 2019-04-19 03:58:27.838882  
  0.01177                 119                     0.60934                 1.36981                 0.57570                 1.62891                 2019-04-19 03:58:32.223228  
  0.01177                 120                     0.60664                 1.37541                 0.57800                 1.63360                 2019-04-19 03:58:36.613943  
  0.01177                 121                     0.60992                 1.36504                 0.57890                 1.63042                 2019-04-19 03:58:41.059892  
  0.01177                 122                     0.61022                 1.36726                 0.57590                 1.61983                 2019-04-19 03:58:45.569908  
  0.01177                 123                     0.61044                 1.36110                 0.58230                 1.62451                 2019-04-19 03:58:50.020860  
  0.01177                 124                     0.60648                 1.37156                 0.57710                 1.64006                 2019-04-19 03:58:54.503066  
  0.01177                 125                     0.60620                 1.36928                 0.57380                 1.64311                 2019-04-19 03:58:59.073184  
  0.01177                 126                     0.60986                 1.35483                 0.57760                 1.66047                 2019-04-19 03:59:03.625884  
  0.01177                 127                     0.61314                 1.35831                 0.56710                 1.70078                 2019-04-19 03:59:08.049685  
  0.01177                 128                     0.60752                 1.36595                 0.57520                 1.63676                 2019-04-19 03:59:12.582050  
  0.01177                 129                     0.61156                 1.35780                 0.57440                 1.67036                 2019-04-19 03:59:17.148458  
  0.01177                 130                     0.61380                 1.35618                 0.57910                 1.63954                 2019-04-19 03:59:21.599714  
  0.01177                 131                     0.61424                 1.35299                 0.57460                 1.66302                 2019-04-19 03:59:26.001413  
  0.01177                 132                     0.61070                 1.36182                 0.57560                 1.66650                 2019-04-19 03:59:30.440574  
  0.01177                 133                     0.61472                 1.34319                 0.57150                 1.64904                 2019-04-19 03:59:34.887113  
  0.01177                 134                     0.60934                 1.35862                 0.58570                 1.62067                 2019-04-19 03:59:39.334260  
  0.01177                 135                     0.61294                 1.35068                 0.57810                 1.61186                 2019-04-19 03:59:43.831681  
  0.01177                 136                     0.61424                 1.34941                 0.57440                 1.64850                 2019-04-19 03:59:48.300099  
  0.01177                 137                     0.61114                 1.35419                 0.57680                 1.61624                 2019-04-19 03:59:52.696300  
  0.01177                 138                     0.61340                 1.34744                 0.57780                 1.64090                 2019-04-19 03:59:57.108478  
  0.01177                 139                     0.61214                 1.35020                 0.57590                 1.64398                 2019-04-19 04:00:01.569472  
  0.01177                 140                     0.61442                 1.34082                 0.57400                 1.64361                 2019-04-19 04:00:06.081146  
  0.01177                 141                     0.61466                 1.34509                 0.57820                 1.64032                 2019-04-19 04:00:10.538058  
  0.01177                 142                     0.61548                 1.34430                 0.58020                 1.64112                 2019-04-19 04:00:14.962236  
  0.01177                 143                     0.61456                 1.34302                 0.57150                 1.63668                 2019-04-19 04:00:19.378893  
  0.01177                 144                     0.61540                 1.33582                 0.56910                 1.66426                 2019-04-19 04:00:23.805204  
  0.01177                 145                     0.61394                 1.34868                 0.57780                 1.64955                 2019-04-19 04:00:28.284076  
  0.01177                 146                     0.61780                 1.33455                 0.57720                 1.62862                 2019-04-19 04:00:32.786548  
  0.01177                 147                     0.61912                 1.32818                 0.58360                 1.64501                 2019-04-19 04:00:37.293873  
  0.01177                 148                     0.61716                 1.33513                 0.57780                 1.65399                 2019-04-19 04:00:41.739867  
  0.01177                 149                     0.61786                 1.33145                 0.58260                 1.64477                 2019-04-19 04:00:46.242939  
  0.01177                 150                     0.61590                 1.33248                 0.57860                 1.62320                 2019-04-19 04:00:50.676469  
  0.01177                 151                     0.61734                 1.33718                 0.57970                 1.65125                 2019-04-19 04:00:55.008894  
  0.01177                 152                     0.61716                 1.33609                 0.58150                 1.61100                 2019-04-19 04:00:59.384428  
  0.01177                 153                     0.61872                 1.32905                 0.57350                 1.63438                 2019-04-19 04:01:03.790681  
  0.01177                 154                     0.61792                 1.32969                 0.57440                 1.66208                 2019-04-19 04:01:08.214314  
  0.01177                 155                     0.61876                 1.31841                 0.58110                 1.63386                 2019-04-19 04:01:12.649564  
  0.01177                 156                     0.61788                 1.33183                 0.57440                 1.66654                 2019-04-19 04:01:17.040019  
  0.01177                 157                     0.62148                 1.31945                 0.57800                 1.67780                 2019-04-19 04:01:21.512162  
  0.01177                 158                     0.61970                 1.33214                 0.57710                 1.60895                 2019-04-19 04:01:25.931937  
  0.01177                 159                     0.61900                 1.32603                 0.58010                 1.61002                 2019-04-19 04:01:30.312502  
  0.01177                 160                     0.62378                 1.31106                 0.57760                 1.67227                 2019-04-19 04:01:34.709228  
Output: 1.609


