shuhei:~.$ python nelder.py -model CNN -num 1 -round 0
Will collect a position from the storage.


shuhei:~.$ python env.py -model CNN -num 1 -round 0 -cuda 0
Collecting Environment Variables and Putting in Shell Scripts.

shuhei:~.$ ./run.sh
shuhei:~.$ CUDA_VISIBLE_DEVICES=0 python train.py -model CNN -num 1 -round 0 -batch_size 207 -lr 0.0133855965065946 -momentum 0.9484053596420561 -weight_decay 3.320272987354416e-05 -ch1 40 -ch2 38 -ch3 100 -ch4 46 -drop_rate 0.2160560688706703
Start Training


Files already downloaded and verified
  lr                      epoch                   TrainAcc                TrainLoss               TestAcc                 TestLoss                Time                  
  0.01339                 1                       0.13500                 3.72637                 0.23350                 3.07255                 2019-04-19 09:35:32.633373  
  0.01339                 2                       0.24300                 3.04433                 0.30520                 2.72815                 2019-04-19 09:35:37.116922  
  0.01339                 3                       0.29598                 2.78749                 0.36870                 2.44514                 2019-04-19 09:35:41.706513  
  0.01339                 4                       0.32910                 2.61609                 0.37710                 2.38778                 2019-04-19 09:35:46.354905  
  0.01339                 5                       0.35380                 2.50131                 0.39390                 2.34999                 2019-04-19 09:35:50.914857  
  0.01339                 6                       0.37534                 2.40012                 0.42710                 2.19058                 2019-04-19 09:35:55.387359  
  0.01339                 7                       0.39030                 2.32380                 0.43860                 2.10985                 2019-04-19 09:35:59.897527  
  0.01339                 8                       0.40210                 2.26388                 0.44880                 2.07416                 2019-04-19 09:36:04.336714  
  0.01339                 9                       0.41786                 2.20704                 0.45170                 2.08099                 2019-04-19 09:36:08.874781  
  0.01339                 10                      0.42816                 2.15886                 0.45890                 2.02639                 2019-04-19 09:36:13.390152  
  0.01339                 11                      0.43880                 2.10841                 0.47340                 1.98598                 2019-04-19 09:36:17.846931  
  0.01339                 12                      0.44768                 2.07064                 0.48890                 1.93909                 2019-04-19 09:36:22.302036  
  0.01339                 13                      0.45318                 2.04177                 0.49920                 1.89384                 2019-04-19 09:36:26.820770  
  0.01339                 14                      0.46182                 2.00508                 0.49630                 1.90738                 2019-04-19 09:36:31.344480  
  0.01339                 15                      0.46580                 1.98757                 0.49330                 1.90728                 2019-04-19 09:36:35.867336  
  0.01339                 16                      0.47174                 1.95133                 0.50980                 1.86926                 2019-04-19 09:36:40.321743  
  0.01339                 17                      0.47916                 1.93012                 0.50330                 1.87030                 2019-04-19 09:36:44.780407  
  0.01339                 18                      0.48248                 1.90799                 0.50580                 1.86804                 2019-04-19 09:36:49.235682  
  0.01339                 19                      0.48640                 1.88989                 0.50090                 1.88165                 2019-04-19 09:36:53.780840  
  0.01339                 20                      0.48834                 1.87458                 0.51890                 1.79613                 2019-04-19 09:36:58.301923  
  0.01339                 21                      0.49886                 1.84427                 0.52140                 1.77966                 2019-04-19 09:37:02.686311  
  0.01339                 22                      0.49896                 1.83298                 0.50540                 1.83535                 2019-04-19 09:37:07.118645  
  0.01339                 23                      0.50360                 1.82457                 0.52250                 1.78796                 2019-04-19 09:37:11.566656  
  0.01339                 24                      0.50422                 1.80639                 0.52890                 1.76882                 2019-04-19 09:37:16.063198  
  0.01339                 25                      0.51088                 1.78401                 0.51790                 1.81184                 2019-04-19 09:37:20.578184  
  0.01339                 26                      0.51260                 1.77508                 0.52300                 1.77061                 2019-04-19 09:37:25.095461  
  0.01339                 27                      0.51236                 1.77075                 0.52950                 1.78264                 2019-04-19 09:37:29.611717  
  0.01339                 28                      0.51798                 1.75088                 0.52160                 1.78067                 2019-04-19 09:37:34.089586  
  0.01339                 29                      0.52272                 1.74232                 0.53210                 1.75717                 2019-04-19 09:37:38.584316  
  0.01339                 30                      0.52126                 1.73031                 0.53160                 1.76798                 2019-04-19 09:37:42.974927  
  0.01339                 31                      0.52694                 1.72284                 0.52920                 1.74274                 2019-04-19 09:37:47.455552  
  0.01339                 32                      0.52696                 1.71648                 0.52880                 1.76531                 2019-04-19 09:37:51.861882  
  0.01339                 33                      0.52890                 1.70692                 0.53320                 1.74701                 2019-04-19 09:37:56.267877  
  0.01339                 34                      0.53400                 1.68944                 0.53060                 1.77051                 2019-04-19 09:38:00.656909  
  0.01339                 35                      0.53366                 1.68974                 0.54160                 1.72499                 2019-04-19 09:38:05.160566  
  0.01339                 36                      0.53614                 1.68323                 0.53450                 1.75098                 2019-04-19 09:38:09.663619  
  0.01339                 37                      0.53854                 1.67514                 0.53120                 1.78657                 2019-04-19 09:38:14.095787  
  0.01339                 38                      0.53972                 1.65902                 0.54440                 1.73524                 2019-04-19 09:38:18.534263  
  0.01339                 39                      0.54260                 1.65511                 0.54030                 1.73546                 2019-04-19 09:38:23.049838  
  0.01339                 40                      0.54246                 1.64956                 0.54400                 1.71137                 2019-04-19 09:38:27.485355  
  0.01339                 41                      0.54546                 1.64247                 0.54480                 1.69742                 2019-04-19 09:38:31.965894  
  0.01339                 42                      0.54732                 1.63233                 0.54910                 1.69470                 2019-04-19 09:38:36.527110  
  0.01339                 43                      0.54772                 1.62459                 0.54820                 1.71970                 2019-04-19 09:38:40.950953  
  0.01339                 44                      0.54756                 1.63178                 0.55360                 1.69449                 2019-04-19 09:38:45.400178  
  0.01339                 45                      0.55070                 1.61723                 0.54030                 1.71111                 2019-04-19 09:38:49.899144  
  0.01339                 46                      0.54840                 1.61951                 0.55260                 1.69180                 2019-04-19 09:38:54.343905  
  0.01339                 47                      0.55206                 1.60061                 0.55130                 1.70230                 2019-04-19 09:38:58.838087  
  0.01339                 48                      0.55356                 1.60201                 0.55010                 1.70996                 2019-04-19 09:39:03.229735  
  0.01339                 49                      0.55350                 1.59776                 0.55580                 1.67266                 2019-04-19 09:39:07.765142  
  0.01339                 50                      0.55590                 1.59665                 0.55980                 1.66043                 2019-04-19 09:39:12.271972  
  0.01339                 51                      0.55744                 1.58850                 0.54970                 1.69441                 2019-04-19 09:39:16.678679  
  0.01339                 52                      0.55910                 1.57993                 0.55480                 1.67281                 2019-04-19 09:39:21.069326  
  0.01339                 53                      0.56060                 1.57778                 0.55260                 1.68923                 2019-04-19 09:39:25.615408  
  0.01339                 54                      0.56342                 1.57047                 0.55650                 1.68622                 2019-04-19 09:39:30.165973  
  0.01339                 55                      0.56130                 1.56998                 0.55680                 1.68517                 2019-04-19 09:39:34.703462  
  0.01339                 56                      0.56378                 1.56252                 0.55720                 1.68092                 2019-04-19 09:39:39.171314  
  0.01339                 57                      0.56444                 1.55626                 0.55980                 1.67594                 2019-04-19 09:39:43.626563  
  0.01339                 58                      0.56746                 1.54174                 0.55960                 1.66605                 2019-04-19 09:39:48.124948  
  0.01339                 59                      0.56516                 1.55293                 0.55100                 1.68809                 2019-04-19 09:39:52.509443  
  0.01339                 60                      0.56956                 1.54317                 0.56340                 1.64495                 2019-04-19 09:39:56.947407  
  0.01339                 61                      0.56920                 1.53540                 0.56000                 1.64677                 2019-04-19 09:40:01.467460  
  0.01339                 62                      0.56864                 1.53208                 0.56170                 1.69200                 2019-04-19 09:40:05.887149  
  0.01339                 63                      0.57092                 1.53384                 0.54820                 1.74787                 2019-04-19 09:40:10.367012  
  0.01339                 64                      0.57022                 1.52336                 0.56500                 1.64845                 2019-04-19 09:40:14.841705  
  0.01339                 65                      0.57328                 1.52327                 0.56380                 1.67077                 2019-04-19 09:40:19.330050  
  0.01339                 66                      0.57030                 1.52895                 0.56250                 1.65469                 2019-04-19 09:40:23.713836  
  0.01339                 67                      0.57496                 1.51079                 0.56050                 1.68546                 2019-04-19 09:40:28.146879  
  0.01339                 68                      0.57430                 1.51395                 0.56100                 1.65111                 2019-04-19 09:40:32.519428  
  0.01339                 69                      0.57744                 1.50054                 0.56120                 1.67220                 2019-04-19 09:40:36.951152  
  0.01339                 70                      0.57306                 1.51345                 0.55770                 1.69755                 2019-04-19 09:40:41.402847  
  0.01339                 71                      0.57628                 1.50519                 0.56840                 1.64212                 2019-04-19 09:40:45.855022  
  0.01339                 72                      0.57874                 1.49765                 0.56770                 1.62535                 2019-04-19 09:40:50.294968  
  0.01339                 73                      0.57990                 1.48798                 0.54940                 1.69302                 2019-04-19 09:40:54.862222  
  0.01339                 74                      0.58044                 1.49211                 0.55860                 1.68071                 2019-04-19 09:40:59.375934  
  0.01339                 75                      0.58064                 1.49068                 0.56660                 1.65495                 2019-04-19 09:41:03.814745  
  0.01339                 76                      0.57992                 1.48969                 0.56660                 1.66928                 2019-04-19 09:41:08.216781  
  0.01339                 77                      0.58086                 1.48625                 0.56000                 1.64496                 2019-04-19 09:41:12.588206  
  0.01339                 78                      0.58202                 1.47843                 0.56190                 1.69171                 2019-04-19 09:41:17.087559  
  0.01339                 79                      0.58700                 1.46263                 0.56290                 1.66771                 2019-04-19 09:41:21.573948  
  0.01339                 80                      0.58258                 1.47439                 0.56190                 1.67425                 2019-04-19 09:41:26.084300  
  0.01339                 81                      0.58770                 1.46770                 0.55860                 1.67979                 2019-04-19 09:41:30.616378  
  0.01339                 82                      0.58392                 1.47437                 0.56450                 1.65669                 2019-04-19 09:41:35.105925  
  0.01339                 83                      0.58790                 1.46359                 0.55650                 1.71400                 2019-04-19 09:41:39.597196  
  0.01339                 84                      0.58340                 1.47643                 0.56580                 1.65879                 2019-04-19 09:41:44.086794  
  0.01339                 85                      0.58612                 1.45899                 0.56190                 1.67297                 2019-04-19 09:41:48.627614  
  0.01339                 86                      0.59032                 1.45561                 0.56390                 1.67461                 2019-04-19 09:41:53.212037  
  0.01339                 87                      0.58894                 1.45413                 0.56480                 1.64295                 2019-04-19 09:41:57.588905  
  0.01339                 88                      0.58702                 1.45584                 0.56170                 1.66360                 2019-04-19 09:42:02.010067  
  0.01339                 89                      0.58882                 1.45106                 0.56410                 1.64998                 2019-04-19 09:42:06.426574  
  0.01339                 90                      0.59172                 1.44505                 0.56470                 1.67226                 2019-04-19 09:42:10.880456  
  0.01339                 91                      0.59236                 1.43888                 0.56740                 1.63598                 2019-04-19 09:42:15.365399  
  0.01339                 92                      0.59208                 1.44217                 0.56700                 1.64269                 2019-04-19 09:42:19.883227  
  0.01339                 93                      0.59112                 1.43687                 0.56670                 1.64468                 2019-04-19 09:42:24.361589  
  0.01339                 94                      0.59406                 1.43352                 0.56700                 1.67701                 2019-04-19 09:42:28.920361  
  0.01339                 95                      0.59202                 1.43406                 0.56990                 1.65005                 2019-04-19 09:42:33.547703  
  0.01339                 96                      0.59626                 1.42953                 0.56950                 1.65533                 2019-04-19 09:42:38.081352  
  0.01339                 97                      0.59632                 1.42763                 0.57000                 1.63388                 2019-04-19 09:42:42.569759  
  0.01339                 98                      0.59750                 1.42020                 0.56560                 1.66787                 2019-04-19 09:42:46.994234  
  0.01339                 99                      0.59724                 1.42285                 0.57140                 1.64993                 2019-04-19 09:42:51.449372  
  0.01339                 100                     0.59454                 1.43134                 0.56750                 1.66809                 2019-04-19 09:42:55.878392  
  0.01339                 101                     0.59310                 1.42182                 0.56560                 1.64417                 2019-04-19 09:43:00.322806  
  0.01339                 102                     0.59752                 1.42414                 0.56570                 1.67158                 2019-04-19 09:43:04.823774  
  0.01339                 103                     0.59326                 1.42009                 0.56360                 1.69257                 2019-04-19 09:43:09.371668  
  0.01339                 104                     0.59726                 1.41383                 0.56990                 1.67234                 2019-04-19 09:43:13.834981  
  0.01339                 105                     0.59868                 1.40310                 0.56880                 1.64285                 2019-04-19 09:43:18.228907  
  0.01339                 106                     0.59888                 1.40635                 0.56700                 1.65314                 2019-04-19 09:43:22.640583  
  0.01339                 107                     0.60034                 1.41257                 0.57220                 1.62070                 2019-04-19 09:43:27.146393  
  0.01339                 108                     0.59902                 1.40764                 0.57060                 1.64652                 2019-04-19 09:43:31.621619  
  0.01339                 109                     0.59796                 1.41071                 0.57120                 1.67291                 2019-04-19 09:43:36.060042  
  0.01339                 110                     0.59778                 1.41349                 0.57130                 1.67586                 2019-04-19 09:43:40.460342  
  0.01339                 111                     0.60096                 1.40043                 0.57480                 1.65850                 2019-04-19 09:43:44.934849  
  0.01339                 112                     0.59964                 1.40541                 0.57030                 1.63851                 2019-04-19 09:43:49.455731  
  0.01339                 113                     0.60214                 1.40218                 0.56930                 1.68165                 2019-04-19 09:43:53.970405  
  0.01339                 114                     0.60218                 1.40238                 0.57020                 1.62724                 2019-04-19 09:43:58.443360  
  0.01339                 115                     0.60222                 1.40163                 0.57040                 1.63928                 2019-04-19 09:44:02.950559  
  0.01339                 116                     0.59872                 1.40309                 0.56910                 1.66601                 2019-04-19 09:44:07.400659  
  0.01339                 117                     0.60096                 1.39756                 0.57150                 1.62647                 2019-04-19 09:44:11.837396  
  0.01339                 118                     0.60200                 1.39152                 0.57120                 1.64490                 2019-04-19 09:44:16.337697  
  0.01339                 119                     0.60528                 1.38326                 0.57200                 1.62533                 2019-04-19 09:44:20.783742  
  0.01339                 120                     0.60294                 1.39464                 0.57190                 1.64795                 2019-04-19 09:44:25.195662  
  0.01339                 121                     0.60254                 1.38632                 0.56700                 1.67014                 2019-04-19 09:44:29.533674  
  0.01339                 122                     0.60282                 1.38726                 0.57310                 1.61749                 2019-04-19 09:44:34.082149  
  0.01339                 123                     0.60434                 1.38591                 0.57210                 1.63317                 2019-04-19 09:44:38.615417  
  0.01339                 124                     0.60560                 1.38492                 0.56740                 1.67132                 2019-04-19 09:44:43.149786  
  0.01339                 125                     0.60348                 1.38111                 0.56540                 1.67507                 2019-04-19 09:44:47.536124  
  0.01339                 126                     0.60642                 1.37807                 0.57660                 1.63726                 2019-04-19 09:44:51.986152  
  0.01339                 127                     0.60840                 1.37597                 0.57420                 1.65384                 2019-04-19 09:44:56.428748  
  0.01339                 128                     0.60536                 1.38494                 0.57850                 1.61690                 2019-04-19 09:45:00.871463  
  0.01339                 129                     0.60522                 1.38015                 0.56470                 1.63281                 2019-04-19 09:45:05.335691  
  0.01339                 130                     0.60788                 1.37093                 0.56730                 1.64868                 2019-04-19 09:45:09.757158  
  0.01339                 131                     0.60612                 1.37778                 0.57200                 1.62510                 2019-04-19 09:45:14.049237  
  0.01339                 132                     0.60586                 1.37717                 0.56580                 1.66945                 2019-04-19 09:45:17.757188  
  0.01339                 133                     0.60686                 1.37501                 0.57170                 1.63063                 2019-04-19 09:45:22.358877  
  0.01339                 134                     0.60682                 1.36952                 0.56690                 1.68476                 2019-04-19 09:45:26.868136  
  0.01339                 135                     0.60840                 1.36740                 0.57070                 1.64962                 2019-04-19 09:45:31.469293  
  0.01339                 136                     0.61256                 1.35873                 0.57080                 1.64535                 2019-04-19 09:45:35.970112  
  0.01339                 137                     0.60934                 1.36210                 0.56660                 1.64069                 2019-04-19 09:45:40.510601  
  0.01339                 138                     0.60830                 1.36692                 0.57330                 1.66345                 2019-04-19 09:45:45.048024  
  0.01339                 139                     0.61228                 1.35712                 0.57120                 1.65033                 2019-04-19 09:45:49.476440  
  0.01339                 140                     0.61288                 1.35350                 0.56660                 1.65394                 2019-04-19 09:45:53.908151  
  0.01339                 141                     0.60814                 1.36783                 0.56900                 1.64630                 2019-04-19 09:45:58.310962  
  0.01339                 142                     0.61216                 1.35880                 0.57380                 1.63377                 2019-04-19 09:46:02.744556  
  0.01339                 143                     0.60810                 1.35888                 0.56980                 1.63667                 2019-04-19 09:46:07.137930  
  0.01339                 144                     0.61330                 1.35882                 0.57270                 1.62494                 2019-04-19 09:46:11.591073  
  0.01339                 145                     0.61056                 1.35558                 0.57720                 1.64122                 2019-04-19 09:46:16.105333  
  0.01339                 146                     0.61332                 1.35203                 0.57240                 1.63134                 2019-04-19 09:46:20.623189  
  0.01339                 147                     0.60880                 1.36227                 0.57230                 1.65394                 2019-04-19 09:46:25.023570  
  0.01339                 148                     0.61288                 1.35139                 0.57420                 1.65365                 2019-04-19 09:46:29.432061  
  0.01339                 149                     0.61226                 1.35616                 0.57550                 1.66503                 2019-04-19 09:46:34.010402  
  0.01339                 150                     0.61108                 1.35355                 0.57210                 1.62578                 2019-04-19 09:46:38.588304  
  0.01339                 151                     0.61174                 1.35143                 0.56850                 1.63698                 2019-04-19 09:46:43.113953  
  0.01339                 152                     0.61540                 1.34590                 0.57440                 1.65701                 2019-04-19 09:46:47.630934  
  0.01339                 153                     0.61536                 1.34419                 0.57130                 1.67566                 2019-04-19 09:46:52.097989  
  0.01339                 154                     0.61446                 1.34937                 0.56970                 1.64617                 2019-04-19 09:46:56.576813  
  0.01339                 155                     0.61380                 1.34864                 0.57470                 1.63716                 2019-04-19 09:47:00.964798  
  0.01339                 156                     0.61354                 1.33588                 0.57040                 1.65458                 2019-04-19 09:47:05.434403  
  0.01339                 157                     0.61404                 1.34528                 0.57660                 1.63689                 2019-04-19 09:47:09.841379  
  0.01339                 158                     0.61566                 1.33644                 0.57380                 1.64250                 2019-04-19 09:47:14.362820  
  0.01339                 159                     0.61570                 1.33730                 0.57670                 1.63482                 2019-04-19 09:47:18.784597  
  0.01339                 160                     0.61510                 1.33799                 0.57200                 1.63194                 2019-04-19 09:47:23.245072  
Output: 1.617


