shuhei:~.$ python nelder.py -model CNN -num 3 -round 0
Will collect a position from the storage.


shuhei:~.$ python env.py -model CNN -num 3 -round 0 -cuda 1
Collecting Environment Variables and Putting in Shell Scripts.

shuhei:~.$ ./run.sh
shuhei:~.$ CUDA_VISIBLE_DEVICES=1 python train.py -model CNN -num 3 -round 0 -batch_size 231 -lr 0.022868704683852457 -momentum 0.9434078487600993 -weight_decay 1.3790343286107633e-05 -ch1 57 -ch2 17 -ch3 56 -ch4 64 -drop_rate 0.40341983768735135
Start Training


Files already downloaded and verified
  lr                      epoch                   TrainAcc                TrainLoss               TestAcc                 TestLoss                Time                  
  0.02287                 1                       0.11410                 3.83762                 0.19680                 3.30828                 2019-04-20 02:43:59.463161  
  0.02287                 2                       0.19906                 3.28550                 0.24230                 3.08832                 2019-04-20 02:44:03.942655  
  0.02287                 3                       0.23634                 3.08799                 0.29140                 2.77177                 2019-04-20 02:44:08.427414  
  0.02287                 4                       0.25974                 2.96015                 0.31500                 2.67162                 2019-04-20 02:44:12.841362  
  0.02287                 5                       0.27842                 2.86532                 0.34100                 2.55380                 2019-04-20 02:44:17.216590  
  0.02287                 6                       0.29566                 2.78540                 0.36040                 2.45490                 2019-04-20 02:44:21.523546  
  0.02287                 7                       0.30956                 2.71367                 0.37640                 2.38611                 2019-04-20 02:44:25.859272  
  0.02287                 8                       0.31940                 2.65943                 0.35600                 2.49454                 2019-04-20 02:44:30.328790  
  0.02287                 9                       0.32824                 2.61864                 0.38130                 2.35346                 2019-04-20 02:44:34.680341  
  0.02287                 10                      0.33642                 2.58036                 0.40010                 2.29814                 2019-04-20 02:44:39.069233  
  0.02287                 11                      0.34476                 2.53973                 0.39720                 2.27856                 2019-04-20 02:44:43.512191  
  0.02287                 12                      0.34938                 2.51584                 0.41870                 2.21580                 2019-04-20 02:44:47.885274  
  0.02287                 13                      0.35748                 2.49299                 0.42080                 2.19597                 2019-04-20 02:44:52.206980  
  0.02287                 14                      0.36188                 2.46406                 0.41730                 2.22916                 2019-04-20 02:44:56.498143  
  0.02287                 15                      0.36804                 2.43915                 0.41360                 2.23394                 2019-04-20 02:45:00.848700  
  0.02287                 16                      0.37196                 2.41738                 0.42480                 2.16845                 2019-04-20 02:45:05.179416  
  0.02287                 17                      0.37802                 2.39132                 0.43600                 2.12661                 2019-04-20 02:45:09.604027  
  0.02287                 18                      0.37886                 2.38730                 0.43730                 2.14896                 2019-04-20 02:45:13.973136  
  0.02287                 19                      0.38044                 2.36447                 0.43790                 2.09084                 2019-04-20 02:45:18.328869  
  0.02287                 20                      0.38306                 2.35610                 0.43930                 2.11002                 2019-04-20 02:45:22.751328  
  0.02287                 21                      0.38996                 2.33504                 0.43990                 2.09120                 2019-04-20 02:45:27.164601  
  0.02287                 22                      0.39222                 2.32015                 0.45050                 2.06912                 2019-04-20 02:45:31.630126  
  0.02287                 23                      0.39396                 2.31989                 0.45650                 2.03547                 2019-04-20 02:45:36.074562  
  0.02287                 24                      0.39608                 2.30220                 0.44970                 2.08047                 2019-04-20 02:45:40.451098  
  0.02287                 25                      0.39992                 2.28850                 0.45280                 2.05777                 2019-04-20 02:45:44.815435  
  0.02287                 26                      0.40038                 2.27823                 0.46430                 2.01075                 2019-04-20 02:45:49.224454  
  0.02287                 27                      0.40244                 2.26531                 0.45350                 2.03210                 2019-04-20 02:45:53.610370  
  0.02287                 28                      0.40706                 2.25927                 0.46600                 2.00152                 2019-04-20 02:45:57.964138  
  0.02287                 29                      0.40876                 2.24568                 0.45550                 2.05817                 2019-04-20 02:46:02.414622  
  0.02287                 30                      0.41022                 2.24250                 0.46050                 2.00385                 2019-04-20 02:46:06.812611  
  0.02287                 31                      0.40804                 2.23526                 0.46250                 2.00421                 2019-04-20 02:46:11.213835  
  0.02287                 32                      0.41552                 2.21913                 0.46700                 1.99553                 2019-04-20 02:46:15.654878  
  0.02287                 33                      0.41274                 2.22426                 0.46770                 2.00834                 2019-04-20 02:46:20.000855  
  0.02287                 34                      0.41496                 2.21267                 0.46500                 2.05327                 2019-04-20 02:46:24.373674  
  0.02287                 35                      0.41720                 2.19982                 0.45700                 2.04721                 2019-04-20 02:46:28.803546  
  0.02287                 36                      0.41934                 2.19982                 0.46820                 2.03595                 2019-04-20 02:46:33.242865  
  0.02287                 37                      0.42178                 2.19101                 0.46390                 2.00662                 2019-04-20 02:46:37.707144  
  0.02287                 38                      0.42242                 2.18809                 0.47560                 1.96038                 2019-04-20 02:46:42.045248  
  0.02287                 39                      0.42350                 2.17728                 0.48100                 1.93872                 2019-04-20 02:46:46.431969  
  0.02287                 40                      0.42630                 2.16234                 0.47380                 1.96190                 2019-04-20 02:46:50.820236  
  0.02287                 41                      0.42588                 2.16596                 0.46650                 2.01759                 2019-04-20 02:46:55.215995  
  0.02287                 42                      0.42798                 2.16117                 0.48410                 1.92134                 2019-04-20 02:46:59.605026  
  0.02287                 43                      0.42760                 2.15110                 0.48610                 1.94122                 2019-04-20 02:47:04.046666  
  0.02287                 44                      0.42846                 2.15543                 0.48020                 1.95383                 2019-04-20 02:47:08.383041  
  0.02287                 45                      0.43134                 2.14320                 0.47740                 1.95743                 2019-04-20 02:47:12.686738  
  0.02287                 46                      0.43094                 2.14007                 0.47950                 1.94853                 2019-04-20 02:47:17.104599  
  0.02287                 47                      0.43010                 2.13518                 0.46990                 1.97372                 2019-04-20 02:47:21.449240  
  0.02287                 48                      0.43232                 2.13054                 0.48550                 1.93926                 2019-04-20 02:47:25.867063  
  0.02287                 49                      0.43422                 2.12667                 0.48500                 1.91133                 2019-04-20 02:47:30.323984  
  0.02287                 50                      0.43446                 2.12465                 0.47760                 1.95285                 2019-04-20 02:47:34.730890  
  0.02287                 51                      0.43716                 2.12532                 0.48650                 1.91019                 2019-04-20 02:47:39.087701  
  0.02287                 52                      0.43684                 2.11327                 0.49830                 1.86910                 2019-04-20 02:47:43.418937  
  0.02287                 53                      0.43948                 2.10794                 0.48390                 1.92701                 2019-04-20 02:47:47.793901  
  0.02287                 54                      0.44082                 2.10448                 0.49560                 1.89103                 2019-04-20 02:47:52.131677  
  0.02287                 55                      0.43914                 2.10682                 0.49270                 1.91296                 2019-04-20 02:47:56.549798  
  0.02287                 56                      0.44098                 2.10244                 0.48930                 1.91899                 2019-04-20 02:48:00.998917  
  0.02287                 57                      0.43982                 2.10431                 0.49080                 1.89675                 2019-04-20 02:48:05.398853  
  0.02287                 58                      0.44260                 2.10131                 0.49450                 1.88616                 2019-04-20 02:48:09.763086  
  0.02287                 59                      0.44376                 2.08827                 0.49980                 1.88911                 2019-04-20 02:48:14.055253  
  0.02287                 60                      0.44318                 2.08556                 0.49340                 1.89825                 2019-04-20 02:48:18.412419  
  0.02287                 61                      0.44274                 2.08794                 0.49750                 1.86050                 2019-04-20 02:48:22.869641  
  0.02287                 62                      0.44438                 2.08109                 0.49450                 1.88700                 2019-04-20 02:48:27.272537  
  0.02287                 63                      0.44368                 2.08180                 0.49390                 1.91023                 2019-04-20 02:48:31.593856  
  0.02287                 64                      0.44640                 2.06605                 0.50050                 1.87752                 2019-04-20 02:48:36.096305  
  0.02287                 65                      0.44282                 2.07489                 0.49840                 1.85951                 2019-04-20 02:48:40.521096  
  0.02287                 66                      0.44694                 2.07175                 0.49880                 1.85955                 2019-04-20 02:48:44.770540  
  0.02287                 67                      0.44822                 2.07150                 0.49970                 1.84409                 2019-04-20 02:48:49.150581  
  0.02287                 68                      0.44958                 2.06500                 0.50190                 1.86207                 2019-04-20 02:48:53.509278  
  0.02287                 69                      0.44912                 2.07055                 0.50000                 1.83498                 2019-04-20 02:48:57.865137  
  0.02287                 70                      0.44960                 2.05666                 0.49710                 1.85790                 2019-04-20 02:49:01.707829  
  0.02287                 71                      0.45068                 2.04798                 0.49460                 1.86367                 2019-04-20 02:49:05.659706  
  0.02287                 72                      0.45116                 2.05205                 0.48610                 1.94849                 2019-04-20 02:49:10.102648  
  0.02287                 73                      0.45264                 2.04928                 0.50420                 1.84989                 2019-04-20 02:49:14.510014  
  0.02287                 74                      0.45158                 2.05318                 0.49730                 1.84869                 2019-04-20 02:49:18.813032  
  0.02287                 75                      0.45370                 2.03950                 0.50920                 1.84393                 2019-04-20 02:49:23.389315  
  0.02287                 76                      0.45318                 2.04471                 0.49910                 1.87645                 2019-04-20 02:49:27.766923  
  0.02287                 77                      0.45468                 2.04222                 0.50770                 1.81722                 2019-04-20 02:49:32.172604  
  0.02287                 78                      0.44936                 2.04891                 0.50190                 1.85643                 2019-04-20 02:49:36.703911  
  0.02287                 79                      0.45948                 2.02285                 0.49840                 1.87782                 2019-04-20 02:49:41.310494  
  0.02287                 80                      0.45638                 2.03373                 0.50360                 1.83458                 2019-04-20 02:49:45.847808  
  0.02287                 81                      0.45468                 2.03207                 0.50470                 1.83659                 2019-04-20 02:49:50.189199  
  0.02287                 82                      0.45488                 2.03116                 0.50060                 1.86173                 2019-04-20 02:49:54.625543  
  0.02287                 83                      0.45818                 2.02521                 0.51020                 1.83760                 2019-04-20 02:49:59.116912  
  0.02287                 84                      0.45620                 2.03052                 0.49290                 1.91543                 2019-04-20 02:50:03.435348  
  0.02287                 85                      0.45932                 2.02549                 0.49540                 1.86804                 2019-04-20 02:50:07.936150  
  0.02287                 86                      0.45918                 2.02257                 0.49980                 1.84921                 2019-04-20 02:50:12.282487  
  0.02287                 87                      0.45798                 2.02035                 0.51290                 1.80706                 2019-04-20 02:50:16.727284  
  0.02287                 88                      0.45946                 2.02159                 0.50350                 1.83269                 2019-04-20 02:50:21.079822  
  0.02287                 89                      0.45674                 2.02032                 0.50750                 1.82758                 2019-04-20 02:50:25.523214  
  0.02287                 90                      0.45624                 2.01683                 0.50360                 1.82520                 2019-04-20 02:50:30.042435  
  0.02287                 91                      0.46124                 2.01012                 0.51760                 1.79680                 2019-04-20 02:50:34.536972  
  0.02287                 92                      0.46064                 2.00821                 0.51080                 1.80497                 2019-04-20 02:50:38.996496  
  0.02287                 93                      0.46418                 2.00275                 0.50680                 1.84767                 2019-04-20 02:50:43.428697  
  0.02287                 94                      0.45900                 2.01129                 0.50070                 1.86269                 2019-04-20 02:50:47.868802  
  0.02287                 95                      0.46110                 2.01226                 0.51410                 1.79478                 2019-04-20 02:50:52.367646  
  0.02287                 96                      0.46180                 2.00368                 0.51420                 1.78559                 2019-04-20 02:50:56.960403  
  0.02287                 97                      0.46382                 2.00057                 0.51890                 1.77411                 2019-04-20 02:51:01.388654  
  0.02287                 98                      0.46292                 1.99933                 0.50530                 1.83952                 2019-04-20 02:51:05.821548  
  0.02287                 99                      0.46252                 1.99488                 0.50350                 1.83742                 2019-04-20 02:51:10.305640  
  0.02287                 100                     0.46592                 1.98814                 0.51300                 1.79363                 2019-04-20 02:51:14.846705  
  0.02287                 101                     0.46376                 1.99176                 0.51570                 1.79819                 2019-04-20 02:51:19.332678  
  0.02287                 102                     0.46452                 1.99119                 0.51260                 1.81555                 2019-04-20 02:51:23.716848  
  0.02287                 103                     0.46182                 1.99678                 0.50710                 1.84722                 2019-04-20 02:51:28.099509  
  0.02287                 104                     0.46666                 1.98382                 0.51160                 1.81462                 2019-04-20 02:51:32.490339  
  0.02287                 105                     0.46358                 1.99312                 0.51300                 1.79366                 2019-04-20 02:51:36.872667  
  0.02287                 106                     0.46702                 1.98135                 0.52150                 1.76650                 2019-04-20 02:51:41.327522  
  0.02287                 107                     0.46626                 1.98192                 0.51210                 1.79385                 2019-04-20 02:51:45.761388  
  0.02287                 108                     0.46244                 1.99175                 0.50750                 1.87214                 2019-04-20 02:51:50.174192  
  0.02287                 109                     0.46718                 1.98695                 0.50160                 1.84361                 2019-04-20 02:51:54.521210  
  0.02287                 110                     0.46372                 1.98171                 0.50780                 1.82317                 2019-04-20 02:51:58.957311  
  0.02287                 111                     0.46806                 1.97693                 0.50740                 1.83527                 2019-04-20 02:52:03.403519  
  0.02287                 112                     0.46762                 1.98402                 0.50620                 1.85710                 2019-04-20 02:52:07.821024  
  0.02287                 113                     0.46782                 1.97966                 0.52240                 1.77232                 2019-04-20 02:52:12.247792  
  0.02287                 114                     0.46850                 1.97388                 0.50970                 1.81230                 2019-04-20 02:52:16.741124  
  0.02287                 115                     0.46740                 1.97747                 0.51740                 1.78803                 2019-04-20 02:52:21.148338  
  0.02287                 116                     0.46686                 1.97696                 0.51570                 1.79751                 2019-04-20 02:52:25.546143  
  0.02287                 117                     0.46782                 1.97202                 0.52080                 1.77256                 2019-04-20 02:52:29.950873  
  0.02287                 118                     0.47068                 1.97315                 0.50760                 1.86177                 2019-04-20 02:52:34.307784  
  0.02287                 119                     0.47152                 1.96946                 0.51070                 1.81624                 2019-04-20 02:52:38.755629  
  0.02287                 120                     0.46932                 1.96783                 0.52020                 1.79084                 2019-04-20 02:52:43.306721  
  0.02287                 121                     0.46948                 1.96961                 0.52050                 1.80332                 2019-04-20 02:52:47.600740  
  0.02287                 122                     0.47034                 1.96875                 0.50240                 1.82718                 2019-04-20 02:52:51.996657  
  0.02287                 123                     0.47196                 1.96268                 0.52260                 1.77808                 2019-04-20 02:52:56.421803  
  0.02287                 124                     0.47546                 1.95552                 0.50980                 1.82902                 2019-04-20 02:53:00.855255  
  0.02287                 125                     0.47412                 1.96190                 0.50910                 1.83722                 2019-04-20 02:53:05.251858  
  0.02287                 126                     0.47044                 1.95865                 0.51430                 1.80997                 2019-04-20 02:53:09.716070  
  0.02287                 127                     0.47664                 1.95472                 0.50200                 1.83058                 2019-04-20 02:53:14.140088  
  0.02287                 128                     0.46862                 1.96654                 0.50470                 1.87573                 2019-04-20 02:53:18.518066  
  0.02287                 129                     0.47312                 1.95904                 0.51240                 1.79926                 2019-04-20 02:53:22.877982  
  0.02287                 130                     0.47224                 1.95703                 0.50920                 1.83234                 2019-04-20 02:53:27.416780  
  0.02287                 131                     0.47194                 1.95399                 0.51370                 1.77903                 2019-04-20 02:53:31.891346  
  0.02287                 132                     0.47166                 1.95364                 0.51620                 1.79902                 2019-04-20 02:53:36.268659  
  0.02287                 133                     0.47220                 1.94516                 0.52020                 1.77795                 2019-04-20 02:53:40.758853  
  0.02287                 134                     0.47048                 1.95364                 0.51270                 1.81856                 2019-04-20 02:53:45.215513  
  0.02287                 135                     0.47460                 1.95456                 0.51630                 1.80923                 2019-04-20 02:53:49.622200  
  0.02287                 136                     0.47428                 1.94550                 0.51720                 1.78963                 2019-04-20 02:53:53.980165  
  0.02287                 137                     0.47232                 1.94618                 0.51850                 1.79539                 2019-04-20 02:53:58.416573  
  0.02287                 138                     0.47152                 1.95464                 0.52420                 1.75820                 2019-04-20 02:54:02.825897  
  0.02287                 139                     0.47682                 1.94724                 0.51710                 1.79009                 2019-04-20 02:54:07.192489  
  0.02287                 140                     0.47566                 1.94456                 0.51450                 1.77045                 2019-04-20 02:54:11.573411  
  0.02287                 141                     0.47372                 1.94024                 0.51580                 1.79531                 2019-04-20 02:54:15.943122  
  0.02287                 142                     0.47824                 1.93396                 0.50700                 1.83355                 2019-04-20 02:54:20.446680  
  0.02287                 143                     0.47566                 1.94673                 0.51910                 1.79257                 2019-04-20 02:54:24.924170  
  0.02287                 144                     0.47548                 1.94503                 0.52070                 1.73942                 2019-04-20 02:54:29.336035  
  0.02287                 145                     0.47366                 1.93881                 0.51860                 1.78732                 2019-04-20 02:54:33.730560  
  0.02287                 146                     0.47684                 1.93475                 0.52490                 1.75942                 2019-04-20 02:54:38.271609  
  0.02287                 147                     0.47740                 1.93606                 0.51460                 1.78106                 2019-04-20 02:54:42.809975  
  0.02287                 148                     0.47782                 1.92903                 0.52050                 1.76810                 2019-04-20 02:54:47.206338  
  0.02287                 149                     0.47864                 1.93193                 0.52690                 1.74796                 2019-04-20 02:54:51.667426  
  0.02287                 150                     0.47942                 1.93259                 0.52270                 1.75346                 2019-04-20 02:54:56.090262  
  0.02287                 151                     0.47460                 1.93756                 0.52300                 1.76522                 2019-04-20 02:55:00.561365  
  0.02287                 152                     0.47768                 1.93005                 0.52490                 1.76715                 2019-04-20 02:55:04.925031  
  0.02287                 153                     0.47622                 1.93315                 0.52050                 1.76651                 2019-04-20 02:55:09.444266  
  0.02287                 154                     0.47858                 1.92345                 0.52240                 1.77063                 2019-04-20 02:55:13.796811  
  0.02287                 155                     0.47706                 1.93604                 0.51760                 1.78671                 2019-04-20 02:55:18.189017  
  0.02287                 156                     0.47680                 1.92665                 0.52190                 1.79172                 2019-04-20 02:55:22.614796  
  0.02287                 157                     0.47682                 1.93200                 0.51700                 1.76439                 2019-04-20 02:55:27.063828  
  0.02287                 158                     0.47786                 1.93231                 0.52250                 1.75999                 2019-04-20 02:55:31.511709  
  0.02287                 159                     0.47928                 1.92518                 0.52420                 1.75088                 2019-04-20 02:55:35.917426  
  0.02287                 160                     0.48122                 1.92559                 0.52160                 1.75530                 2019-04-20 02:55:40.355420  
Output: 1.739


