shuhei:~$ python nelder.py -model WideResNet -num 4 -round 1
Will collect a position from the storage.


shuhei:~$ python env.py -model WideResNet -num 4 -round 1 -cuda 0
Collecting Environment Variables and Putting in Shell Scripts.

shuhei:~$ sh run.sh
shuhei:~$ CUDA_VISIBLE_DEVICES=0 python train.py -model WideResNet -num 4 -round 1 -batch_size 128 -lr 0.10000000000000005 -momentum 0.9 -weight_decay 0.0005000000000000004 -width_coef1 10 -width_coef2 10 -width_coef3 10 -n_blocks1 4 -n_blocks2 4 -n_blocks3 4 -drop_rates1 0.2 -drop_rates2 0.2 -drop_rates3 0.2 -lr_decay 0.20000000000000004
Start Training


Files already downloaded and verified
  lr                      epoch                   TrainAcc                TrainLoss               TestAcc                 TestLoss                Time                  
0
tensor([72], device='cuda:0') tensor(44, device='cuda:0')
0
tensor([32], device='cuda:0') tensor(11, device='cuda:0')
0
tensor([23], device='cuda:0') tensor(52, device='cuda:0')
0
tensor([98], device='cuda:0') tensor(8, device='cuda:0')
0
tensor([98], device='cuda:0') tensor(55, device='cuda:0')
0
tensor([23], device='cuda:0') tensor(28, device='cuda:0')
0
tensor([51], device='cuda:0') tensor(56, device='cuda:0')
0
tensor([51], device='cuda:0') tensor(99, device='cuda:0')
0
tensor([65], device='cuda:0') tensor(32, device='cuda:0')
0
tensor([78], device='cuda:0') tensor(23, device='cuda:0')
0
tensor([72], device='cuda:0') tensor(84, device='cuda:0')
0
tensor([57], device='cuda:0') tensor(32, device='cuda:0')
0
tensor([78], device='cuda:0') tensor(65, device='cuda:0')
0
tensor([51], device='cuda:0') tensor(99, device='cuda:0')
0
tensor([23], device='cuda:0') tensor(19, device='cuda:0')
0
tensor([51], device='cuda:0') tensor(45, device='cuda:0')
0
tensor([72], device='cuda:0') tensor(33, device='cuda:0')
0
tensor([51], device='cuda:0') tensor(31, device='cuda:0')
0
tensor([57], device='cuda:0') tensor(11, device='cuda:0')
0
tensor([72], device='cuda:0') tensor(41, device='cuda:0')
0
tensor([51], device='cuda:0') tensor(21, device='cuda:0')
0
tensor([65], device='cuda:0') tensor(46, device='cuda:0')
0
tensor([33], device='cuda:0') tensor(58, device='cuda:0')
0
tensor([72], device='cuda:0') tensor(68, device='cuda:0')
0
tensor([72], device='cuda:0') tensor(33, device='cuda:0')
0
tensor([51], device='cuda:0') tensor(14, device='cuda:0')
0
tensor([66], device='cuda:0') tensor(97, device='cuda:0')
0
tensor([72], device='cuda:0') tensor(18, device='cuda:0')
0
tensor([32], device='cuda:0') tensor(13, device='cuda:0')
0
tensor([99], device='cuda:0') tensor(42, device='cuda:0')
0
tensor([23], device='cuda:0') tensor(86, device='cuda:0')
0
tensor([72], device='cuda:0') tensor(84, device='cuda:0')
0
tensor([98], device='cuda:0') tensor(9, device='cuda:0')
0
tensor([30], device='cuda:0') tensor(80, device='cuda:0')
0
tensor([51], device='cuda:0') tensor(16, device='cuda:0')
0
tensor([51], device='cuda:0') tensor(63, device='cuda:0')
0
tensor([18], device='cuda:0') tensor(15, device='cuda:0')
1
tensor([72], device='cuda:0') tensor(72, device='cuda:0')
1
tensor([72], device='cuda:0') tensor(38, device='cuda:0')
1
tensor([33], device='cuda:0') tensor(79, device='cuda:0')
1
tensor([65], device='cuda:0') tensor(24, device='cuda:0')
2
tensor([98], device='cuda:0') tensor(98, device='cuda:0')
2
tensor([23], device='cuda:0') tensor(62, device='cuda:0')
2
tensor([98], device='cuda:0') tensor(28, device='cuda:0')
3
tensor([72], device='cuda:0') tensor(72, device='cuda:0')
3
tensor([98], device='cuda:0') tensor(79, device='cuda:0')
3
tensor([32], device='cuda:0') tensor(77, device='cuda:0')
3
tensor([98], device='cuda:0') tensor(35, device='cuda:0')
3
tensor([65], device='cuda:0') tensor(68, device='cuda:0')
3
tensor([23], device='cuda:0') tensor(47, device='cuda:0')
3
tensor([23], device='cuda:0') tensor(73, device='cuda:0')
3
tensor([72], device='cuda:0') tensor(6, device='cuda:0')
3
tensor([57], device='cuda:0') tensor(25, device='cuda:0')
3
tensor([51], device='cuda:0') tensor(93, device='cuda:0')
3
tensor([72], device='cuda:0') tensor(39, device='cuda:0')
3
tensor([72], device='cuda:0') tensor(59, device='cuda:0')
3
tensor([51], device='cuda:0') tensor(67, device='cuda:0')
3
tensor([32], device='cuda:0') tensor(80, device='cuda:0')
3
tensor([57], device='cuda:0') tensor(86, device='cuda:0')
3
tensor([51], device='cuda:0') tensor(56, device='cuda:0')
3
tensor([23], device='cuda:0') tensor(80, device='cuda:0')
3
tensor([51], device='cuda:0') tensor(2, device='cuda:0')
3
tensor([51], device='cuda:0') tensor(84, device='cuda:0')
3
tensor([33], device='cuda:0') tensor(50, device='cuda:0')
3
tensor([33], device='cuda:0') tensor(39, device='cuda:0')
3
tensor([65], device='cuda:0') tensor(26, device='cuda:0')
3
tensor([96], device='cuda:0') tensor(34, device='cuda:0')
3
tensor([94], device='cuda:0') tensor(9, device='cuda:0')
3
tensor([51], device='cuda:0') tensor(26, device='cuda:0')
3
tensor([98], device='cuda:0') tensor(81, device='cuda:0')
3
tensor([51], device='cuda:0') tensor(49, device='cuda:0')
3
tensor([51], device='cuda:0') tensor(76, device='cuda:0')
3
tensor([51], device='cuda:0') tensor(50, device='cuda:0')
3
tensor([51], device='cuda:0') tensor(72, device='cuda:0')
3
tensor([23], device='cuda:0') tensor(53, device='cuda:0')
3
tensor([72], device='cuda:0') tensor(30, device='cuda:0')
3
tensor([51], device='cuda:0') tensor(95, device='cuda:0')
3
tensor([98], device='cuda:0') tensor(7, device='cuda:0')
3
tensor([51], device='cuda:0') tensor(29, device='cuda:0')
3
tensor([72], device='cuda:0') tensor(57, device='cuda:0')
3
tensor([72], device='cuda:0') tensor(13, device='cuda:0')
3
tensor([72], device='cuda:0') tensor(9, device='cuda:0')
3
tensor([23], device='cuda:0') tensor(91, device='cuda:0')
3
tensor([72], device='cuda:0') tensor(61, device='cuda:0')
3
tensor([33], device='cuda:0') tensor(50, device='cuda:0')
3
tensor([23], device='cuda:0') tensor(64, device='cuda:0')
3
tensor([51], device='cuda:0') tensor(11, device='cuda:0')
3
tensor([33], device='cuda:0') tensor(40, device='cuda:0')
3
tensor([99], device='cuda:0') tensor(75, device='cuda:0')
3
tensor([72], device='cuda:0') tensor(27, device='cuda:0')
3
tensor([51], device='cuda:0') tensor(89, device='cuda:0')
3
tensor([51], device='cuda:0') tensor(54, device='cuda:0')
3
tensor([51], device='cuda:0') tensor(31, device='cuda:0')
3
tensor([51], device='cuda:0') tensor(76, device='cuda:0')
3
tensor([57], device='cuda:0') tensor(90, device='cuda:0')
3
tensor([96], device='cuda:0') tensor(11, device='cuda:0')
3
tensor([51], device='cuda:0') tensor(22, device='cuda:0')
3
tensor([51], device='cuda:0') tensor(65, device='cuda:0')
3
tensor([96], device='cuda:0') tensor(5, device='cuda:0')
3
tensor([55], device='cuda:0') tensor(18, device='cuda:0')
3
tensor([51], device='cuda:0') tensor(44, device='cuda:0')
3
tensor([51], device='cuda:0') tensor(24, device='cuda:0')
3
tensor([51], device='cuda:0') tensor(98, device='cuda:0')
3
tensor([23], device='cuda:0') tensor(14, device='cuda:0')
3
tensor([72], device='cuda:0') tensor(67, device='cuda:0')
3
tensor([72], device='cuda:0') tensor(50, device='cuda:0')
3
tensor([51], device='cuda:0') tensor(19, device='cuda:0')
3
tensor([7], device='cuda:0') tensor(90, device='cuda:0')
3
tensor([65], device='cuda:0') tensor(34, device='cuda:0')
3
tensor([23], device='cuda:0') tensor(55, device='cuda:0')
3
tensor([72], device='cuda:0') tensor(14, device='cuda:0')
3
tensor([72], device='cuda:0') tensor(23, device='cuda:0')
3
tensor([33], device='cuda:0') tensor(63, device='cuda:0')
3
tensor([57], device='cuda:0') tensor(51, device='cuda:0')
3
tensor([9], device='cuda:0') tensor(82, device='cuda:0')
3
tensor([65], device='cuda:0') tensor(12, device='cuda:0')
3
tensor([72], device='cuda:0') tensor(74, device='cuda:0')
3
tensor([51], device='cuda:0') tensor(19, device='cuda:0')
3
tensor([72], device='cuda:0') tensor(83, device='cuda:0')
3
tensor([98], device='cuda:0') tensor(45, device='cuda:0')
3
tensor([72], device='cuda:0') tensor(40, device='cuda:0')
3
tensor([57], device='cuda:0') tensor(34, device='cuda:0')
3
tensor([51], device='cuda:0') tensor(69, device='cuda:0')
3
tensor([65], device='cuda:0') tensor(34, device='cuda:0')
3
tensor([57], device='cuda:0') tensor(28, device='cuda:0')
3
tensor([51], device='cuda:0') tensor(57, device='cuda:0')
3
tensor([72], device='cuda:0') tensor(30, device='cuda:0')
3
tensor([23], device='cuda:0') tensor(45, device='cuda:0')
############
tensor(3)

