shuhei:~.$ python nelder.py -model CNN -num 2 -round 0
Will collect a position from the storage.


shuhei:~.$ python env.py -model CNN -num 2 -round 0 -cuda 0
Collecting Environment Variables and Putting in Shell Scripts.

shuhei:~.$ ./run.sh
shuhei:~.$ CUDA_VISIBLE_DEVICES=0 python train.py -model CNN -num 2 -round 0 -batch_size 70 -lr 0.012446013430450212 -momentum 0.8537134649168728 -weight_decay 0.00020346467546089313 -ch1 67 -ch2 73 -ch3 27 -ch4 35 -drop_rate 0.1257193647298226
Start Training


Files already downloaded and verified
  lr                      epoch                   TrainAcc                TrainLoss               TestAcc                 TestLoss                Time                  
  0.01245                 1                       0.12632                 3.75584                 0.20280                 3.29664                 2019-04-20 11:59:03.338455  
  0.01245                 2                       0.21996                 3.16034                 0.25170                 3.02321                 2019-04-20 11:59:08.131704  
  0.01245                 3                       0.27066                 2.90021                 0.31420                 2.68696                 2019-04-20 11:59:12.965307  
  0.01245                 4                       0.30246                 2.73802                 0.36430                 2.44978                 2019-04-20 11:59:17.818502  
  0.01245                 5                       0.32572                 2.62001                 0.35850                 2.45838                 2019-04-20 11:59:22.692335  
  0.01245                 6                       0.34128                 2.54029                 0.39280                 2.32030                 2019-04-20 11:59:27.557100  
  0.01245                 7                       0.35776                 2.46310                 0.37990                 2.39935                 2019-04-20 11:59:32.367654  
  0.01245                 8                       0.36816                 2.40749                 0.41840                 2.20091                 2019-04-20 11:59:37.168112  
  0.01245                 9                       0.37662                 2.35958                 0.41450                 2.21657                 2019-04-20 11:59:41.969310  
  0.01245                 10                      0.38538                 2.32695                 0.42590                 2.17260                 2019-04-20 11:59:46.843131  
  0.01245                 11                      0.39910                 2.27372                 0.42020                 2.20313                 2019-04-20 11:59:51.633680  
  0.01245                 12                      0.40750                 2.24333                 0.43510                 2.13828                 2019-04-20 11:59:56.328778  
  0.01245                 13                      0.41068                 2.21602                 0.44350                 2.09464                 2019-04-20 12:00:01.168302  
  0.01245                 14                      0.41622                 2.19220                 0.43500                 2.19208                 2019-04-20 12:00:06.003658  
  0.01245                 15                      0.42324                 2.16521                 0.46300                 2.01481                 2019-04-20 12:00:10.720603  
  0.01245                 16                      0.42918                 2.13530                 0.45450                 2.05727                 2019-04-20 12:00:15.527382  
  0.01245                 17                      0.43106                 2.12588                 0.46460                 1.98807                 2019-04-20 12:00:20.458761  
  0.01245                 18                      0.43578                 2.10685                 0.46260                 2.02360                 2019-04-20 12:00:25.292347  
  0.01245                 19                      0.43872                 2.08391                 0.45660                 2.04767                 2019-04-20 12:00:30.198988  
  0.01245                 20                      0.44310                 2.06950                 0.47030                 1.98023                 2019-04-20 12:00:35.004898  
  0.01245                 21                      0.44734                 2.04654                 0.47760                 1.95806                 2019-04-20 12:00:39.855622  
  0.01245                 22                      0.44904                 2.03723                 0.47690                 1.97151                 2019-04-20 12:00:44.749356  
  0.01245                 23                      0.45200                 2.02363                 0.48270                 1.93853                 2019-04-20 12:00:49.596677  
  0.01245                 24                      0.45446                 2.00961                 0.48240                 1.96524                 2019-04-20 12:00:54.417814  
  0.01245                 25                      0.45732                 1.99708                 0.47860                 1.96494                 2019-04-20 12:00:59.192121  
  0.01245                 26                      0.46418                 1.97701                 0.48650                 1.89600                 2019-04-20 12:01:03.964234  
  0.01245                 27                      0.46584                 1.97629                 0.49730                 1.85653                 2019-04-20 12:01:08.714442  
  0.01245                 28                      0.46618                 1.96187                 0.49230                 1.89899                 2019-04-20 12:01:13.547701  
  0.01245                 29                      0.46722                 1.95315                 0.48380                 1.93236                 2019-04-20 12:01:18.306509  
  0.01245                 30                      0.47170                 1.94242                 0.49480                 1.87646                 2019-04-20 12:01:23.153042  
  0.01245                 31                      0.46932                 1.94089                 0.49040                 1.91217                 2019-04-20 12:01:27.982284  
  0.01245                 32                      0.47402                 1.93043                 0.49480                 1.92920                 2019-04-20 12:01:32.839026  
  0.01245                 33                      0.47460                 1.92380                 0.49060                 1.92530                 2019-04-20 12:01:37.632518  
  0.01245                 34                      0.47696                 1.90523                 0.49730                 1.88556                 2019-04-20 12:01:42.418643  
  0.01245                 35                      0.48212                 1.90493                 0.48380                 1.92200                 2019-04-20 12:01:47.300531  
  0.01245                 36                      0.48012                 1.90400                 0.49110                 1.92845                 2019-04-20 12:01:52.184611  
  0.01245                 37                      0.48486                 1.88665                 0.49430                 1.86263                 2019-04-20 12:01:56.989004  
  0.01245                 38                      0.48546                 1.88186                 0.49750                 1.86748                 2019-04-20 12:02:01.822422  
  0.01245                 39                      0.48362                 1.88100                 0.50160                 1.83724                 2019-04-20 12:02:06.678039  
  0.01245                 40                      0.48694                 1.87647                 0.49520                 1.88228                 2019-04-20 12:02:11.516768  
  0.01245                 41                      0.48892                 1.86439                 0.49600                 1.88491                 2019-04-20 12:02:16.336471  
  0.01245                 42                      0.49010                 1.85829                 0.50580                 1.86711                 2019-04-20 12:02:21.140688  
  0.01245                 43                      0.49012                 1.85764                 0.49430                 1.88904                 2019-04-20 12:02:25.893699  
  0.01245                 44                      0.49362                 1.84660                 0.49420                 1.90585                 2019-04-20 12:02:30.737164  
  0.01245                 45                      0.49720                 1.83699                 0.50170                 1.86194                 2019-04-20 12:02:35.566317  
  0.01245                 46                      0.49438                 1.84326                 0.51330                 1.82063                 2019-04-20 12:02:40.389705  
  0.01245                 47                      0.49556                 1.82924                 0.51460                 1.80416                 2019-04-20 12:02:45.276529  
  0.01245                 48                      0.49404                 1.82776                 0.50920                 1.83891                 2019-04-20 12:02:50.136266  
  0.01245                 49                      0.49514                 1.83047                 0.48930                 1.98998                 2019-04-20 12:02:54.978277  
  0.01245                 50                      0.49908                 1.81495                 0.49650                 1.90468                 2019-04-20 12:02:59.758660  
  0.01245                 51                      0.50256                 1.80773                 0.51040                 1.80791                 2019-04-20 12:03:04.563694  
  0.01245                 52                      0.50126                 1.80895                 0.50580                 1.84931                 2019-04-20 12:03:09.438143  
  0.01245                 53                      0.50100                 1.80521                 0.49230                 1.93280                 2019-04-20 12:03:14.235630  
  0.01245                 54                      0.50344                 1.80125                 0.51150                 1.82102                 2019-04-20 12:03:19.026083  
  0.01245                 55                      0.50216                 1.78904                 0.50660                 1.86610                 2019-04-20 12:03:23.799217  
  0.01245                 56                      0.50404                 1.79506                 0.50640                 1.82939                 2019-04-20 12:03:28.584368  
  0.01245                 57                      0.50270                 1.79371                 0.51440                 1.79823                 2019-04-20 12:03:33.400359  
  0.01245                 58                      0.50452                 1.78659                 0.51150                 1.82876                 2019-04-20 12:03:38.266618  
  0.01245                 59                      0.50756                 1.77858                 0.50100                 1.88873                 2019-04-20 12:03:43.101274  
  0.01245                 60                      0.50884                 1.77463                 0.50380                 1.87774                 2019-04-20 12:03:47.984424  
  0.01245                 61                      0.50400                 1.78232                 0.52030                 1.80569                 2019-04-20 12:03:52.865731  
  0.01245                 62                      0.50838                 1.77629                 0.51230                 1.82050                 2019-04-20 12:03:57.695782  
  0.01245                 63                      0.50788                 1.76971                 0.52050                 1.79092                 2019-04-20 12:04:02.562240  
  0.01245                 64                      0.51018                 1.76509                 0.52290                 1.78967                 2019-04-20 12:04:07.403381  
  0.01245                 65                      0.51130                 1.76148                 0.52330                 1.79474                 2019-04-20 12:04:12.156329  
  0.01245                 66                      0.51206                 1.76560                 0.51890                 1.82745                 2019-04-20 12:04:17.001367  
  0.01245                 67                      0.51462                 1.75337                 0.52380                 1.79581                 2019-04-20 12:04:21.575006  
  0.01245                 68                      0.51456                 1.75211                 0.51590                 1.83495                 2019-04-20 12:04:26.315590  
  0.01245                 69                      0.51418                 1.75382                 0.52840                 1.77019                 2019-04-20 12:04:31.135707  
  0.01245                 70                      0.51496                 1.74344                 0.52720                 1.78051                 2019-04-20 12:04:35.918600  
  0.01245                 71                      0.51650                 1.74376                 0.51210                 1.82817                 2019-04-20 12:04:40.680549  
  0.01245                 72                      0.51766                 1.74881                 0.51880                 1.80310                 2019-04-20 12:04:45.449575  
  0.01245                 73                      0.51404                 1.74766                 0.51200                 1.83543                 2019-04-20 12:04:50.216357  
  0.01245                 74                      0.51610                 1.74035                 0.52690                 1.76624                 2019-04-20 12:04:55.053024  
  0.01245                 75                      0.51836                 1.73578                 0.50790                 1.86540                 2019-04-20 12:04:59.899569  
  0.01245                 76                      0.51892                 1.73014                 0.51740                 1.78223                 2019-04-20 12:05:04.704285  
  0.01245                 77                      0.52076                 1.73000                 0.52070                 1.77300                 2019-04-20 12:05:09.489051  
  0.01245                 78                      0.51944                 1.72977                 0.51560                 1.85578                 2019-04-20 12:05:14.358913  
  0.01245                 79                      0.51928                 1.72094                 0.52000                 1.80323                 2019-04-20 12:05:19.182544  
  0.01245                 80                      0.52222                 1.72094                 0.52040                 1.78181                 2019-04-20 12:05:24.028418  
  0.01245                 81                      0.52114                 1.71918                 0.51660                 1.86529                 2019-04-20 12:05:28.801701  
  0.01245                 82                      0.52150                 1.72009                 0.51860                 1.81937                 2019-04-20 12:05:33.606431  
  0.01245                 83                      0.52358                 1.71455                 0.52320                 1.82271                 2019-04-20 12:05:38.407196  
  0.01245                 84                      0.52124                 1.72047                 0.51190                 1.85694                 2019-04-20 12:05:43.154285  
  0.01245                 85                      0.52542                 1.70555                 0.52240                 1.79954                 2019-04-20 12:05:47.984997  
  0.01245                 86                      0.52340                 1.71222                 0.52920                 1.76834                 2019-04-20 12:05:52.767817  
  0.01245                 87                      0.52298                 1.70905                 0.51870                 1.83533                 2019-04-20 12:05:57.555979  
  0.01245                 88                      0.52360                 1.70485                 0.51650                 1.82568                 2019-04-20 12:06:02.412488  
  0.01245                 89                      0.52550                 1.70257                 0.51640                 1.80738                 2019-04-20 12:06:07.248450  
  0.01245                 90                      0.52586                 1.69574                 0.51840                 1.81864                 2019-04-20 12:06:12.076720  
  0.01245                 91                      0.52714                 1.69942                 0.52040                 1.79331                 2019-04-20 12:06:16.860499  
  0.01245                 92                      0.52640                 1.69452                 0.52800                 1.76080                 2019-04-20 12:06:21.671431  
  0.01245                 93                      0.52438                 1.70186                 0.52210                 1.78580                 2019-04-20 12:06:26.406464  
  0.01245                 94                      0.52686                 1.69534                 0.51100                 1.89068                 2019-04-20 12:06:31.192720  
  0.01245                 95                      0.52706                 1.69067                 0.52220                 1.81645                 2019-04-20 12:06:36.015371  
  0.01245                 96                      0.52744                 1.69230                 0.51360                 1.79436                 2019-04-20 12:06:40.816538  
  0.01245                 97                      0.52784                 1.69103                 0.51250                 1.83462                 2019-04-20 12:06:45.655345  
  0.01245                 98                      0.52972                 1.68618                 0.53090                 1.76042                 2019-04-20 12:06:50.422118  
  0.01245                 99                      0.52852                 1.68775                 0.52370                 1.78541                 2019-04-20 12:06:55.233491  
  0.01245                 100                     0.52756                 1.68917                 0.52200                 1.79980                 2019-04-20 12:07:00.023881  
  0.01245                 101                     0.53118                 1.68234                 0.51740                 1.79924                 2019-04-20 12:07:04.792090  
  0.01245                 102                     0.52692                 1.68277                 0.52100                 1.79957                 2019-04-20 12:07:09.606520  
  0.01245                 103                     0.53134                 1.67854                 0.52180                 1.80959                 2019-04-20 12:07:14.442223  
  0.01245                 104                     0.53050                 1.68236                 0.51770                 1.84047                 2019-04-20 12:07:19.224683  
  0.01245                 105                     0.52994                 1.67468                 0.53270                 1.73699                 2019-04-20 12:07:24.052997  
  0.01245                 106                     0.53316                 1.67641                 0.52130                 1.79964                 2019-04-20 12:07:28.817878  
  0.01245                 107                     0.53262                 1.67971                 0.50940                 1.85811                 2019-04-20 12:07:33.661686  
  0.01245                 108                     0.53244                 1.67936                 0.52180                 1.81238                 2019-04-20 12:07:38.538423  
  0.01245                 109                     0.53226                 1.66964                 0.49550                 1.98352                 2019-04-20 12:07:43.387990  
  0.01245                 110                     0.53286                 1.67303                 0.53250                 1.75083                 2019-04-20 12:07:48.217881  
  0.01245                 111                     0.53154                 1.66994                 0.52360                 1.78139                 2019-04-20 12:07:52.995146  
  0.01245                 112                     0.53464                 1.66729                 0.52060                 1.84711                 2019-04-20 12:07:57.882925  
  0.01245                 113                     0.53500                 1.66555                 0.52350                 1.77933                 2019-04-20 12:08:02.781048  
  0.01245                 114                     0.53208                 1.66984                 0.52950                 1.77069                 2019-04-20 12:08:07.610133  
  0.01245                 115                     0.53326                 1.66405                 0.52210                 1.79769                 2019-04-20 12:08:12.364894  
  0.01245                 116                     0.53622                 1.66603                 0.53080                 1.77068                 2019-04-20 12:08:17.177254  
  0.01245                 117                     0.53546                 1.65801                 0.52320                 1.81573                 2019-04-20 12:08:22.012726  
  0.01245                 118                     0.53454                 1.66437                 0.52050                 1.83650                 2019-04-20 12:08:26.781399  
  0.01245                 119                     0.53286                 1.66893                 0.53190                 1.79420                 2019-04-20 12:08:31.602141  
  0.01245                 120                     0.53254                 1.65692                 0.52840                 1.80766                 2019-04-20 12:08:36.372228  
  0.01245                 121                     0.53666                 1.65771                 0.52020                 1.78852                 2019-04-20 12:08:41.233746  
  0.01245                 122                     0.53642                 1.65269                 0.52110                 1.83426                 2019-04-20 12:08:45.979008  
  0.01245                 123                     0.53600                 1.65352                 0.52190                 1.79939                 2019-04-20 12:08:50.777241  
  0.01245                 124                     0.53888                 1.64497                 0.51850                 1.82190                 2019-04-20 12:08:55.606160  
  0.01245                 125                     0.53826                 1.65359                 0.52360                 1.79788                 2019-04-20 12:09:00.416195  
  0.01245                 126                     0.53678                 1.65486                 0.52050                 1.78381                 2019-04-20 12:09:05.120593  
  0.01245                 127                     0.53822                 1.64594                 0.52490                 1.80568                 2019-04-20 12:09:10.014313  
  0.01245                 128                     0.53850                 1.64453                 0.52990                 1.76082                 2019-04-20 12:09:14.769714  
  0.01245                 129                     0.53530                 1.65302                 0.53390                 1.75981                 2019-04-20 12:09:19.511150  
  0.01245                 130                     0.53684                 1.64412                 0.51670                 1.87552                 2019-04-20 12:09:24.303860  
  0.01245                 131                     0.53692                 1.64186                 0.52210                 1.80315                 2019-04-20 12:09:29.064785  
  0.01245                 132                     0.53840                 1.64020                 0.52460                 1.85285                 2019-04-20 12:09:33.846754  
  0.01245                 133                     0.53940                 1.64236                 0.50680                 1.90254                 2019-04-20 12:09:38.584751  
  0.01245                 134                     0.54002                 1.64159                 0.53680                 1.75647                 2019-04-20 12:09:43.436558  
  0.01245                 135                     0.53782                 1.64092                 0.51460                 1.85398                 2019-04-20 12:09:48.310037  
  0.01245                 136                     0.53866                 1.63737                 0.51100                 1.89346                 2019-04-20 12:09:53.054382  
  0.01245                 137                     0.53946                 1.63614                 0.53710                 1.73489                 2019-04-20 12:09:57.865181  
  0.01245                 138                     0.54172                 1.63668                 0.53130                 1.75421                 2019-04-20 12:10:02.703629  
  0.01245                 139                     0.54234                 1.63746                 0.53290                 1.79215                 2019-04-20 12:10:07.516717  
  0.01245                 140                     0.54120                 1.63306                 0.52710                 1.79806                 2019-04-20 12:10:12.325781  
  0.01245                 141                     0.54020                 1.63595                 0.53910                 1.69543                 2019-04-20 12:10:17.110525  
  0.01245                 142                     0.53956                 1.63381                 0.52970                 1.75350                 2019-04-20 12:10:21.905492  
  0.01245                 143                     0.54166                 1.63051                 0.53480                 1.75542                 2019-04-20 12:10:26.685361  
  0.01245                 144                     0.53984                 1.63565                 0.53080                 1.76192                 2019-04-20 12:10:31.539765  
  0.01245                 145                     0.54098                 1.63466                 0.52250                 1.79119                 2019-04-20 12:10:36.305967  
  0.01245                 146                     0.54254                 1.63333                 0.50150                 1.89924                 2019-04-20 12:10:41.113918  
  0.01245                 147                     0.54100                 1.63293                 0.53400                 1.75642                 2019-04-20 12:10:45.962255  
  0.01245                 148                     0.54144                 1.62486                 0.52440                 1.81070                 2019-04-20 12:10:50.784706  
  0.01245                 149                     0.54264                 1.62271                 0.53390                 1.77071                 2019-04-20 12:10:55.542881  
  0.01245                 150                     0.54130                 1.63342                 0.51610                 1.84574                 2019-04-20 12:11:00.370580  
  0.01245                 151                     0.54486                 1.62188                 0.53550                 1.75829                 2019-04-20 12:11:05.221722  
  0.01245                 152                     0.54302                 1.61865                 0.53240                 1.77571                 2019-04-20 12:11:10.068878  
  0.01245                 153                     0.54104                 1.62946                 0.50510                 1.88623                 2019-04-20 12:11:14.956042  
  0.01245                 154                     0.54178                 1.62078                 0.52690                 1.80466                 2019-04-20 12:11:19.766184  
  0.01245                 155                     0.54414                 1.62045                 0.51020                 1.92001                 2019-04-20 12:11:24.495890  
  0.01245                 156                     0.54164                 1.62968                 0.53350                 1.73990                 2019-04-20 12:11:29.229455  
  0.01245                 157                     0.54436                 1.62329                 0.52600                 1.79782                 2019-04-20 12:11:33.979844  
  0.01245                 158                     0.54626                 1.62188                 0.53450                 1.73202                 2019-04-20 12:11:38.819769  
  0.01245                 159                     0.54286                 1.62480                 0.53230                 1.73537                 2019-04-20 12:11:43.700903  
  0.01245                 160                     0.54470                 1.62230                 0.53860                 1.74153                 2019-04-20 12:11:48.522950  
Output: 1.695


