shuhei:~.$ python nelder.py -model CNN -num 2 -round 0
Will collect a position from the storage.


shuhei:~.$ python env.py -model CNN -num 2 -round 0 -cuda 0
Collecting Environment Variables and Putting in Shell Scripts.

shuhei:~.$ ./run.sh
shuhei:~.$ CUDA_VISIBLE_DEVICES=0 python train.py -model CNN -num 2 -round 0 -batch_size 69 -lr 0.012138802150606804 -momentum 0.8543764060250559 -weight_decay 0.00020665174783627101 -ch1 71 -ch2 74 -ch3 28 -ch4 35 -drop_rate 0.1212317889712608
Start Training


Files already downloaded and verified
  lr                      epoch                   TrainAcc                TrainLoss               TestAcc                 TestLoss                Time                  
  0.01214                 1                       0.12538                 3.75805                 0.21550                 3.17941                 2019-04-20 12:24:57.751169  
  0.01214                 2                       0.22540                 3.13233                 0.26820                 2.94455                 2019-04-20 12:25:02.567383  
  0.01214                 3                       0.27250                 2.87985                 0.34250                 2.56105                 2019-04-20 12:25:07.396075  
  0.01214                 4                       0.30094                 2.72435                 0.34830                 2.52480                 2019-04-20 12:25:12.205504  
  0.01214                 5                       0.32718                 2.61845                 0.36620                 2.42930                 2019-04-20 12:25:17.041028  
  0.01214                 6                       0.34654                 2.52753                 0.39320                 2.32496                 2019-04-20 12:25:21.819015  
  0.01214                 7                       0.36142                 2.45101                 0.37730                 2.38570                 2019-04-20 12:25:26.732526  
  0.01214                 8                       0.37244                 2.39195                 0.42020                 2.19877                 2019-04-20 12:25:31.579965  
  0.01214                 9                       0.38186                 2.34662                 0.41680                 2.22792                 2019-04-20 12:25:36.396149  
  0.01214                 10                      0.39336                 2.30232                 0.44070                 2.10159                 2019-04-20 12:25:41.205949  
  0.01214                 11                      0.40194                 2.25857                 0.44330                 2.10991                 2019-04-20 12:25:46.062459  
  0.01214                 12                      0.40780                 2.22542                 0.45050                 2.04890                 2019-04-20 12:25:50.959744  
  0.01214                 13                      0.41568                 2.19445                 0.44140                 2.08550                 2019-04-20 12:25:55.805844  
  0.01214                 14                      0.42074                 2.15846                 0.46400                 2.02397                 2019-04-20 12:26:00.610575  
  0.01214                 15                      0.42528                 2.14680                 0.46900                 1.99957                 2019-04-20 12:26:05.383943  
  0.01214                 16                      0.43434                 2.11424                 0.45720                 2.01956                 2019-04-20 12:26:10.197636  
  0.01214                 17                      0.43728                 2.09267                 0.47400                 1.96561                 2019-04-20 12:26:14.982972  
  0.01214                 18                      0.44128                 2.07129                 0.46250                 2.01074                 2019-04-20 12:26:19.813340  
  0.01214                 19                      0.44680                 2.05593                 0.47540                 1.99195                 2019-04-20 12:26:24.685645  
  0.01214                 20                      0.44924                 2.04385                 0.48440                 1.92617                 2019-04-20 12:26:29.527668  
  0.01214                 21                      0.45408                 2.01859                 0.47870                 1.98241                 2019-04-20 12:26:34.413600  
  0.01214                 22                      0.45588                 2.01064                 0.47380                 1.95691                 2019-04-20 12:26:39.315205  
  0.01214                 23                      0.45826                 1.99818                 0.47240                 1.97701                 2019-04-20 12:26:44.163408  
  0.01214                 24                      0.46354                 1.97469                 0.49100                 1.89267                 2019-04-20 12:26:49.022550  
  0.01214                 25                      0.46252                 1.97205                 0.48430                 1.94996                 2019-04-20 12:26:53.870791  
  0.01214                 26                      0.46566                 1.95981                 0.49490                 1.87384                 2019-04-20 12:26:58.740978  
  0.01214                 27                      0.47128                 1.94362                 0.49120                 1.91008                 2019-04-20 12:27:03.548310  
  0.01214                 28                      0.47458                 1.92653                 0.50830                 1.84153                 2019-04-20 12:27:08.451358  
  0.01214                 29                      0.47358                 1.92133                 0.49160                 1.88876                 2019-04-20 12:27:13.237253  
  0.01214                 30                      0.47780                 1.90809                 0.49370                 1.86955                 2019-04-20 12:27:18.090991  
  0.01214                 31                      0.48196                 1.89623                 0.48950                 1.91283                 2019-04-20 12:27:22.980717  
  0.01214                 32                      0.47852                 1.89797                 0.50170                 1.87638                 2019-04-20 12:27:27.848698  
  0.01214                 33                      0.48198                 1.89217                 0.49440                 1.87457                 2019-04-20 12:27:32.696721  
  0.01214                 34                      0.48288                 1.88331                 0.50020                 1.86052                 2019-04-20 12:27:37.540382  
  0.01214                 35                      0.48474                 1.87459                 0.49730                 1.91444                 2019-04-20 12:27:42.403700  
  0.01214                 36                      0.48622                 1.86713                 0.51370                 1.80986                 2019-04-20 12:27:47.315188  
  0.01214                 37                      0.48876                 1.85616                 0.50360                 1.85602                 2019-04-20 12:27:52.130780  
  0.01214                 38                      0.49408                 1.84241                 0.50400                 1.82584                 2019-04-20 12:27:56.949786  
  0.01214                 39                      0.49338                 1.84739                 0.51210                 1.83323                 2019-04-20 12:28:01.765534  
  0.01214                 40                      0.49542                 1.83754                 0.51590                 1.81109                 2019-04-20 12:28:06.520427  
  0.01214                 41                      0.49444                 1.83265                 0.50610                 1.85959                 2019-04-20 12:28:11.246338  
  0.01214                 42                      0.49864                 1.82315                 0.51800                 1.78853                 2019-04-20 12:28:16.098916  
  0.01214                 43                      0.49994                 1.81718                 0.50850                 1.84744                 2019-04-20 12:28:20.927065  
  0.01214                 44                      0.49950                 1.81048                 0.50320                 1.88465                 2019-04-20 12:28:25.778831  
  0.01214                 45                      0.50158                 1.80400                 0.51220                 1.82360                 2019-04-20 12:28:30.606921  
  0.01214                 46                      0.50118                 1.80213                 0.52300                 1.78201                 2019-04-20 12:28:35.491757  
  0.01214                 47                      0.50602                 1.79769                 0.52360                 1.76734                 2019-04-20 12:28:40.381378  
  0.01214                 48                      0.50598                 1.78929                 0.51730                 1.82684                 2019-04-20 12:28:45.266340  
  0.01214                 49                      0.50544                 1.78673                 0.52120                 1.77617                 2019-04-20 12:28:50.035823  
  0.01214                 50                      0.50864                 1.78051                 0.52080                 1.79685                 2019-04-20 12:28:54.917107  
  0.01214                 51                      0.50772                 1.78360                 0.51860                 1.77922                 2019-04-20 12:28:59.770367  
  0.01214                 52                      0.50736                 1.77311                 0.52510                 1.78439                 2019-04-20 12:29:04.663278  
  0.01214                 53                      0.50926                 1.77012                 0.52690                 1.75476                 2019-04-20 12:29:09.577079  
  0.01214                 54                      0.51178                 1.76546                 0.52180                 1.77711                 2019-04-20 12:29:14.435553  
  0.01214                 55                      0.50940                 1.76595                 0.51490                 1.83926                 2019-04-20 12:29:19.264944  
  0.01214                 56                      0.51164                 1.75697                 0.52220                 1.76922                 2019-04-20 12:29:24.093271  
  0.01214                 57                      0.51428                 1.75426                 0.52440                 1.78090                 2019-04-20 12:29:28.975661  
  0.01214                 58                      0.51502                 1.74388                 0.52240                 1.76971                 2019-04-20 12:29:33.887307  
  0.01214                 59                      0.51296                 1.75409                 0.52580                 1.74864                 2019-04-20 12:29:38.788304  
  0.01214                 60                      0.51716                 1.74008                 0.52330                 1.77624                 2019-04-20 12:29:43.657884  
  0.01214                 61                      0.51748                 1.73443                 0.51800                 1.81613                 2019-04-20 12:29:48.462138  
  0.01214                 62                      0.51690                 1.73722                 0.51870                 1.76590                 2019-04-20 12:29:53.284847  
  0.01214                 63                      0.51878                 1.73583                 0.53000                 1.74949                 2019-04-20 12:29:58.211819  
  0.01214                 64                      0.51976                 1.73192                 0.52680                 1.76587                 2019-04-20 12:30:02.969106  
  0.01214                 65                      0.52260                 1.72224                 0.52710                 1.74449                 2019-04-20 12:30:07.818924  
  0.01214                 66                      0.52206                 1.72230                 0.52780                 1.76490                 2019-04-20 12:30:12.673242  
  0.01214                 67                      0.52432                 1.72649                 0.52280                 1.77593                 2019-04-20 12:30:17.571767  
  0.01214                 68                      0.52266                 1.71816                 0.52800                 1.78692                 2019-04-20 12:30:22.384889  
  0.01214                 69                      0.52384                 1.71707                 0.53870                 1.70956                 2019-04-20 12:30:27.217052  
  0.01214                 70                      0.52262                 1.71494                 0.52840                 1.75123                 2019-04-20 12:30:32.099661  
  0.01214                 71                      0.52622                 1.71200                 0.52560                 1.78814                 2019-04-20 12:30:36.937240  
  0.01214                 72                      0.52466                 1.71046                 0.52830                 1.80301                 2019-04-20 12:30:41.724223  
  0.01214                 73                      0.52418                 1.70547                 0.53210                 1.72871                 2019-04-20 12:30:46.618655  
  0.01214                 74                      0.52682                 1.70062                 0.51900                 1.78641                 2019-04-20 12:30:51.428958  
  0.01214                 75                      0.52656                 1.70073                 0.52910                 1.75021                 2019-04-20 12:30:56.264482  
  0.01214                 76                      0.52922                 1.69410                 0.53290                 1.75100                 2019-04-20 12:31:01.142194  
  0.01214                 77                      0.52902                 1.69554                 0.52260                 1.78348                 2019-04-20 12:31:05.933815  
  0.01214                 78                      0.52754                 1.68905                 0.53450                 1.73170                 2019-04-20 12:31:10.838012  
  0.01214                 79                      0.52708                 1.69563                 0.53070                 1.75257                 2019-04-20 12:31:15.748819  
  0.01214                 80                      0.52850                 1.69192                 0.53200                 1.74707                 2019-04-20 12:31:20.616884  
  0.01214                 81                      0.53272                 1.67483                 0.52470                 1.76980                 2019-04-20 12:31:25.477904  
  0.01214                 82                      0.52970                 1.67974                 0.53390                 1.74809                 2019-04-20 12:31:30.387655  
  0.01214                 83                      0.53264                 1.67844                 0.51430                 1.82365                 2019-04-20 12:31:35.251742  
  0.01214                 84                      0.53268                 1.67859                 0.52840                 1.76589                 2019-04-20 12:31:40.136064  
  0.01214                 85                      0.52914                 1.68462                 0.53720                 1.72014                 2019-04-20 12:31:44.952541  
  0.01214                 86                      0.53226                 1.67465                 0.53230                 1.73536                 2019-04-20 12:31:49.839266  
  0.01214                 87                      0.53268                 1.67191                 0.52570                 1.75514                 2019-04-20 12:31:54.668272  
  0.01214                 88                      0.53278                 1.66804                 0.53260                 1.74652                 2019-04-20 12:31:59.531618  
  0.01214                 89                      0.53448                 1.66612                 0.52170                 1.78873                 2019-04-20 12:32:04.362968  
  0.01214                 90                      0.53668                 1.66430                 0.54110                 1.71723                 2019-04-20 12:32:09.243722  
  0.01214                 91                      0.53152                 1.66381                 0.52860                 1.76969                 2019-04-20 12:32:14.110404  
  0.01214                 92                      0.53268                 1.66518                 0.52560                 1.76641                 2019-04-20 12:32:18.961445  
  0.01214                 93                      0.53360                 1.66778                 0.54230                 1.69502                 2019-04-20 12:32:23.881126  
  0.01214                 94                      0.53222                 1.65868                 0.53250                 1.75070                 2019-04-20 12:32:28.723018  
  0.01214                 95                      0.53718                 1.65317                 0.52170                 1.81745                 2019-04-20 12:32:33.605073  
  0.01214                 96                      0.53720                 1.65573                 0.53410                 1.72598                 2019-04-20 12:32:38.505543  
  0.01214                 97                      0.53654                 1.65601                 0.52670                 1.76613                 2019-04-20 12:32:43.271548  
  0.01214                 98                      0.53828                 1.64606                 0.52990                 1.77028                 2019-04-20 12:32:48.103729  
  0.01214                 99                      0.53742                 1.65339                 0.54220                 1.72072                 2019-04-20 12:32:52.903079  
  0.01214                 100                     0.54048                 1.64667                 0.53650                 1.75149                 2019-04-20 12:32:57.749238  
  0.01214                 101                     0.53602                 1.65296                 0.53430                 1.73780                 2019-04-20 12:33:02.579818  
  0.01214                 102                     0.53808                 1.64573                 0.53780                 1.72017                 2019-04-20 12:33:07.432283  
  0.01214                 103                     0.53940                 1.64272                 0.51870                 1.84666                 2019-04-20 12:33:12.293157  
  0.01214                 104                     0.53992                 1.64558                 0.53260                 1.76637                 2019-04-20 12:33:17.177703  
  0.01214                 105                     0.53690                 1.64077                 0.53350                 1.71330                 2019-04-20 12:33:22.095703  
  0.01214                 106                     0.53806                 1.64065                 0.52650                 1.77141                 2019-04-20 12:33:26.961031  
  0.01214                 107                     0.54096                 1.63193                 0.53140                 1.73841                 2019-04-20 12:33:31.923510  
  0.01214                 108                     0.54140                 1.63614                 0.53660                 1.70268                 2019-04-20 12:33:36.840966  
  0.01214                 109                     0.53998                 1.63592                 0.53390                 1.77321                 2019-04-20 12:33:41.722889  
  0.01214                 110                     0.54326                 1.63150                 0.53250                 1.75937                 2019-04-20 12:33:46.608245  
  0.01214                 111                     0.53972                 1.63245                 0.52490                 1.78718                 2019-04-20 12:33:51.453464  
  0.01214                 112                     0.54226                 1.62999                 0.53360                 1.72514                 2019-04-20 12:33:56.331148  
  0.01214                 113                     0.54196                 1.63248                 0.54350                 1.68640                 2019-04-20 12:34:01.199573  
  0.01214                 114                     0.54048                 1.63034                 0.53730                 1.71057                 2019-04-20 12:34:06.063853  
  0.01214                 115                     0.53910                 1.63206                 0.53320                 1.76407                 2019-04-20 12:34:10.923658  
  0.01214                 116                     0.54206                 1.62756                 0.53920                 1.71572                 2019-04-20 12:34:15.762705  
  0.01214                 117                     0.54374                 1.62097                 0.53190                 1.73822                 2019-04-20 12:34:20.594715  
  0.01214                 118                     0.54472                 1.61959                 0.53550                 1.72657                 2019-04-20 12:34:25.483065  
  0.01214                 119                     0.54622                 1.61822                 0.53440                 1.73617                 2019-04-20 12:34:30.427378  
  0.01214                 120                     0.54340                 1.62728                 0.52540                 1.79710                 2019-04-20 12:34:35.331155  
  0.01214                 121                     0.54662                 1.61628                 0.52800                 1.78267                 2019-04-20 12:34:40.183227  
  0.01214                 122                     0.54706                 1.61556                 0.54530                 1.69235                 2019-04-20 12:34:45.054094  
  0.01214                 123                     0.54644                 1.61618                 0.53900                 1.71328                 2019-04-20 12:34:49.980117  
  0.01214                 124                     0.54496                 1.61654                 0.53590                 1.73532                 2019-04-20 12:34:54.768909  
  0.01214                 125                     0.54384                 1.61511                 0.54610                 1.70800                 2019-04-20 12:34:59.648021  
  0.01214                 126                     0.54530                 1.61845                 0.53320                 1.74675                 2019-04-20 12:35:04.479557  
  0.01214                 127                     0.54582                 1.61546                 0.53630                 1.71860                 2019-04-20 12:35:09.413628  
  0.01214                 128                     0.54702                 1.61284                 0.54130                 1.71167                 2019-04-20 12:35:14.255134  
  0.01214                 129                     0.54598                 1.61145                 0.53160                 1.74214                 2019-04-20 12:35:19.120931  
  0.01214                 130                     0.54820                 1.60865                 0.53210                 1.76007                 2019-04-20 12:35:24.050288  
  0.01214                 131                     0.54954                 1.60776                 0.53470                 1.73442                 2019-04-20 12:35:28.987982  
  0.01214                 132                     0.54976                 1.59417                 0.53970                 1.74336                 2019-04-20 12:35:33.866400  
  0.01214                 133                     0.54370                 1.61248                 0.53230                 1.77548                 2019-04-20 12:35:38.716990  
  0.01214                 134                     0.54900                 1.60367                 0.54290                 1.71987                 2019-04-20 12:35:43.532899  
  0.01214                 135                     0.55010                 1.60465                 0.53450                 1.75105                 2019-04-20 12:35:48.412030  
  0.01214                 136                     0.55074                 1.60138                 0.54200                 1.73606                 2019-04-20 12:35:53.233385  
  0.01214                 137                     0.54962                 1.60713                 0.54540                 1.70947                 2019-04-20 12:35:58.110625  
  0.01214                 138                     0.54720                 1.60212                 0.54480                 1.72117                 2019-04-20 12:36:02.965387  
  0.01214                 139                     0.54978                 1.60106                 0.53280                 1.72999                 2019-04-20 12:36:07.808459  
  0.01214                 140                     0.55054                 1.59871                 0.52750                 1.77330                 2019-04-20 12:36:12.713862  
  0.01214                 141                     0.54752                 1.60237                 0.53680                 1.77707                 2019-04-20 12:36:17.553320  
  0.01214                 142                     0.54818                 1.59617                 0.54280                 1.74754                 2019-04-20 12:36:22.471039  
  0.01214                 143                     0.54796                 1.59816                 0.53480                 1.76393                 2019-04-20 12:36:27.346941  
  0.01214                 144                     0.55134                 1.59157                 0.53120                 1.78558                 2019-04-20 12:36:32.302179  
  0.01214                 145                     0.55008                 1.60018                 0.52850                 1.77122                 2019-04-20 12:36:37.132151  
  0.01214                 146                     0.55036                 1.58480                 0.52740                 1.79324                 2019-04-20 12:36:42.073670  
  0.01214                 147                     0.55276                 1.59550                 0.53650                 1.73650                 2019-04-20 12:36:46.975708  
  0.01214                 148                     0.55134                 1.58936                 0.53260                 1.75984                 2019-04-20 12:36:51.912644  
  0.01214                 149                     0.55454                 1.58424                 0.53690                 1.77532                 2019-04-20 12:36:56.815904  
  0.01214                 150                     0.55092                 1.58889                 0.54640                 1.68554                 2019-04-20 12:37:01.727984  
  0.01214                 151                     0.55378                 1.58951                 0.53390                 1.77291                 2019-04-20 12:37:06.602945  
  0.01214                 152                     0.55192                 1.59607                 0.54400                 1.70158                 2019-04-20 12:37:11.573519  
  0.01214                 153                     0.55174                 1.58570                 0.54010                 1.73532                 2019-04-20 12:37:16.448142  
  0.01214                 154                     0.55026                 1.58982                 0.53570                 1.71931                 2019-04-20 12:37:21.321402  
  0.01214                 155                     0.55380                 1.58310                 0.53550                 1.73293                 2019-04-20 12:37:26.216268  
  0.01214                 156                     0.54880                 1.58239                 0.53680                 1.79850                 2019-04-20 12:37:31.096219  
  0.01214                 157                     0.55250                 1.59021                 0.54090                 1.71932                 2019-04-20 12:37:35.965660  
  0.01214                 158                     0.55144                 1.58478                 0.53150                 1.74938                 2019-04-20 12:37:40.811939  
  0.01214                 159                     0.55196                 1.58115                 0.53900                 1.72890                 2019-04-20 12:37:45.605443  
  0.01214                 160                     0.55408                 1.58240                 0.52880                 1.77948                 2019-04-20 12:37:50.578750  
Output: 1.686


