shuhei:~.$ python nelder.py -model CNN -num 0 -round 0
Will get the positions by Nelder-Mead Method.
Saving the position data as shown below...
  batch_size       lr               momentum         weight_decay     ch1              ch2              ch3              ch4              drop_rate      
  6.984            -1.308           0.903            -3.773           5.975            5.583            5.463            6.028          


shuhei:~.$ python env.py -model CNN -num 0 -round 0 -cuda 1
Collecting Environment Variables and Putting in Shell Scripts.

shuhei:~.$ ./run.sh
shuhei:~.$ CUDA_VISIBLE_DEVICES=1 python train.py -model CNN -num 0 -round 0 -batch_size 126 -lr 0.04923604586667719 -momentum 0.9034574756573999 -weight_decay 0.0001686830738868917 -ch1 62 -ch2 47 -ch3 44 -ch4 65 -drop_rate 0.7263166564514264
Start Training


Files already downloaded and verified
  lr                      epoch                   TrainAcc                TrainLoss               TestAcc                 TestLoss                Time                  
  0.04924                 1                       0.06926                 4.11747                 0.14580                 3.61503                 2019-04-18 13:50:06.671890  
  0.04924                 2                       0.11408                 3.74653                 0.19750                 3.31108                 2019-04-18 13:50:11.160918  
  0.04924                 3                       0.14508                 3.56351                 0.23760                 3.08707                 2019-04-18 13:50:15.641279  
  0.04924                 4                       0.16036                 3.44880                 0.22820                 3.06663                 2019-04-18 13:50:19.992900  
  0.04924                 5                       0.17728                 3.36883                 0.27130                 2.87108                 2019-04-18 13:50:24.379243  
  0.04924                 6                       0.18796                 3.29282                 0.27070                 2.83214                 2019-04-18 13:50:28.717217  
  0.04924                 7                       0.19818                 3.24542                 0.29670                 2.74926                 2019-04-18 13:50:33.087693  
  0.04924                 8                       0.20462                 3.18769                 0.30280                 2.69142                 2019-04-18 13:50:37.500643  
  0.04924                 9                       0.21422                 3.15259                 0.31330                 2.66607                 2019-04-18 13:50:41.873722  
  0.04924                 10                      0.22288                 3.11538                 0.31780                 2.65596                 2019-04-18 13:50:46.336694  
  0.04924                 11                      0.22746                 3.08881                 0.32500                 2.58509                 2019-04-18 13:50:50.745129  
  0.04924                 12                      0.23192                 3.06725                 0.32710                 2.56941                 2019-04-18 13:50:55.338336  
  0.04924                 13                      0.23688                 3.03223                 0.33880                 2.54317                 2019-04-18 13:50:59.886010  
  0.04924                 14                      0.24022                 3.01690                 0.32570                 2.57159                 2019-04-18 13:51:04.370640  
  0.04924                 15                      0.24538                 2.99315                 0.34280                 2.49823                 2019-04-18 13:51:08.813701  
  0.04924                 16                      0.24926                 2.97318                 0.33770                 2.56001                 2019-04-18 13:51:13.274045  
  0.04924                 17                      0.25320                 2.95280                 0.35570                 2.47471                 2019-04-18 13:51:17.691334  
  0.04924                 18                      0.26066                 2.93423                 0.35930                 2.42708                 2019-04-18 13:51:22.181941  
  0.04924                 19                      0.26114                 2.91718                 0.34970                 2.48980                 2019-04-18 13:51:26.560654  
  0.04924                 20                      0.26108                 2.90417                 0.35890                 2.42685                 2019-04-18 13:51:31.026783  
  0.04924                 21                      0.26750                 2.87831                 0.36920                 2.41933                 2019-04-18 13:51:35.431853  
  0.04924                 22                      0.26878                 2.87497                 0.36480                 2.44669                 2019-04-18 13:51:39.888073  
  0.04924                 23                      0.26804                 2.86127                 0.36800                 2.43575                 2019-04-18 13:51:44.403396  
  0.04924                 24                      0.27230                 2.86465                 0.38770                 2.35280                 2019-04-18 13:51:48.870022  
  0.04924                 25                      0.27538                 2.84539                 0.36930                 2.39786                 2019-04-18 13:51:53.331505  
  0.04924                 26                      0.27898                 2.83352                 0.36910                 2.40711                 2019-04-18 13:51:57.685736  
  0.04924                 27                      0.27876                 2.82538                 0.37390                 2.41724                 2019-04-18 13:52:02.137353  
  0.04924                 28                      0.27830                 2.82323                 0.37170                 2.41276                 2019-04-18 13:52:06.687495  
  0.04924                 29                      0.28152                 2.80717                 0.39080                 2.30410                 2019-04-18 13:52:11.157407  
  0.04924                 30                      0.28686                 2.79025                 0.38470                 2.34268                 2019-04-18 13:52:15.604879  
  0.04924                 31                      0.28420                 2.79722                 0.38680                 2.33281                 2019-04-18 13:52:20.065532  
  0.04924                 32                      0.28744                 2.79608                 0.39160                 2.32764                 2019-04-18 13:52:24.451756  
  0.04924                 33                      0.28842                 2.78869                 0.40180                 2.26635                 2019-04-18 13:52:28.975868  
  0.04924                 34                      0.28826                 2.77582                 0.39690                 2.27952                 2019-04-18 13:52:32.961403  
  0.04924                 35                      0.29332                 2.76377                 0.39300                 2.29995                 2019-04-18 13:52:37.095510  
  0.04924                 36                      0.29180                 2.76092                 0.39190                 2.37025                 2019-04-18 13:52:41.666743  
  0.04924                 37                      0.29178                 2.75588                 0.39720                 2.29411                 2019-04-18 13:52:46.187068  
  0.04924                 38                      0.29504                 2.75760                 0.39790                 2.30017                 2019-04-18 13:52:50.647040  
  0.04924                 39                      0.29450                 2.74795                 0.39720                 2.25891                 2019-04-18 13:52:55.170788  
  0.04924                 40                      0.29992                 2.73150                 0.38770                 2.32184                 2019-04-18 13:52:59.654766  
  0.04924                 41                      0.29790                 2.73815                 0.39700                 2.30642                 2019-04-18 13:53:04.224054  
  0.04924                 42                      0.29958                 2.74230                 0.38960                 2.34014                 2019-04-18 13:53:08.708636  
  0.04924                 43                      0.30296                 2.71337                 0.41210                 2.22677                 2019-04-18 13:53:13.204128  
  0.04924                 44                      0.30210                 2.72333                 0.41270                 2.22387                 2019-04-18 13:53:17.761019  
  0.04924                 45                      0.30324                 2.72867                 0.40860                 2.23391                 2019-04-18 13:53:22.358655  
  0.04924                 46                      0.30506                 2.70517                 0.41350                 2.20399                 2019-04-18 13:53:26.838729  
  0.04924                 47                      0.30548                 2.70851                 0.39870                 2.30118                 2019-04-18 13:53:31.376482  
  0.04924                 48                      0.30542                 2.70945                 0.40310                 2.26511                 2019-04-18 13:53:35.934120  
  0.04924                 49                      0.30176                 2.70926                 0.39230                 2.28645                 2019-04-18 13:53:40.486257  
  0.04924                 50                      0.30542                 2.70266                 0.41350                 2.20999                 2019-04-18 13:53:44.971157  
  0.04924                 51                      0.30626                 2.69747                 0.39340                 2.31008                 2019-04-18 13:53:49.459919  
  0.04924                 52                      0.30684                 2.69712                 0.40980                 2.23436                 2019-04-18 13:53:53.981753  
  0.04924                 53                      0.30816                 2.70006                 0.41150                 2.25337                 2019-04-18 13:53:58.504644  
  0.04924                 54                      0.30856                 2.68609                 0.40570                 2.25586                 2019-04-18 13:54:03.140508  
  0.04924                 55                      0.30932                 2.69000                 0.40040                 2.31070                 2019-04-18 13:54:07.655303  
  0.04924                 56                      0.31014                 2.69482                 0.39990                 2.25727                 2019-04-18 13:54:12.178810  
  0.04924                 57                      0.30970                 2.68074                 0.41850                 2.21441                 2019-04-18 13:54:16.670112  
  0.04924                 58                      0.31038                 2.68426                 0.40930                 2.24157                 2019-04-18 13:54:21.178215  
  0.04924                 59                      0.31420                 2.66938                 0.41390                 2.24975                 2019-04-18 13:54:25.645550  
  0.04924                 60                      0.31424                 2.66780                 0.41240                 2.22204                 2019-04-18 13:54:30.182126  
  0.04924                 61                      0.31414                 2.67530                 0.39210                 2.31162                 2019-04-18 13:54:34.601460  
  0.04924                 62                      0.31476                 2.67342                 0.41310                 2.22382                 2019-04-18 13:54:39.079441  
  0.04924                 63                      0.31928                 2.66596                 0.40410                 2.27752                 2019-04-18 13:54:43.690919  
  0.04924                 64                      0.31434                 2.68139                 0.40530                 2.24464                 2019-04-18 13:54:48.259448  
  0.04924                 65                      0.31280                 2.66770                 0.41250                 2.23680                 2019-04-18 13:54:52.771283  
  0.04924                 66                      0.31736                 2.65823                 0.42170                 2.20468                 2019-04-18 13:54:57.278773  
  0.04924                 67                      0.31742                 2.64471                 0.42230                 2.17677                 2019-04-18 13:55:01.851305  
  0.04924                 68                      0.31420                 2.66372                 0.41090                 2.23457                 2019-04-18 13:55:06.439928  
  0.04924                 69                      0.31974                 2.64858                 0.39790                 2.27824                 2019-04-18 13:55:10.984620  
  0.04924                 70                      0.31830                 2.65099                 0.41390                 2.18086                 2019-04-18 13:55:15.498378  
  0.04924                 71                      0.32082                 2.63650                 0.41460                 2.23287                 2019-04-18 13:55:20.022868  
  0.04924                 72                      0.31796                 2.64764                 0.41050                 2.24009                 2019-04-18 13:55:24.543076  
  0.04924                 73                      0.31746                 2.65372                 0.41960                 2.20352                 2019-04-18 13:55:29.083639  
  0.04924                 74                      0.32230                 2.64708                 0.41250                 2.24004                 2019-04-18 13:55:33.523741  
  0.04924                 75                      0.32110                 2.63673                 0.41070                 2.21950                 2019-04-18 13:55:38.080278  
  0.04924                 76                      0.32016                 2.64024                 0.43040                 2.15432                 2019-04-18 13:55:42.707287  
  0.04924                 77                      0.32132                 2.63675                 0.42040                 2.22515                 2019-04-18 13:55:47.185956  
  0.04924                 78                      0.31966                 2.64666                 0.42410                 2.17407                 2019-04-18 13:55:51.686759  
  0.04924                 79                      0.32266                 2.63646                 0.43140                 2.16577                 2019-04-18 13:55:56.171527  
  0.04924                 80                      0.32208                 2.63599                 0.41210                 2.25665                 2019-04-18 13:56:00.731133  
  0.04924                 81                      0.32296                 2.62967                 0.42020                 2.17065                 2019-04-18 13:56:05.341989  
  0.04924                 82                      0.32274                 2.63393                 0.42250                 2.21138                 2019-04-18 13:56:09.818044  
  0.04924                 83                      0.32388                 2.62589                 0.41560                 2.22448                 2019-04-18 13:56:14.342505  
  0.04924                 84                      0.32298                 2.62881                 0.42000                 2.18182                 2019-04-18 13:56:18.860232  
  0.04924                 85                      0.32524                 2.62801                 0.42110                 2.21816                 2019-04-18 13:56:23.345096  
  0.04924                 86                      0.32536                 2.62438                 0.42810                 2.14757                 2019-04-18 13:56:27.906340  
  0.04924                 87                      0.32522                 2.62459                 0.42310                 2.18860                 2019-04-18 13:56:32.495549  
  0.04924                 88                      0.32292                 2.63152                 0.42460                 2.18903                 2019-04-18 13:56:37.051512  
  0.04924                 89                      0.32344                 2.62459                 0.40110                 2.30461                 2019-04-18 13:56:41.547931  
  0.04924                 90                      0.32516                 2.63537                 0.41750                 2.20531                 2019-04-18 13:56:46.124745  
  0.04924                 91                      0.32638                 2.63071                 0.39510                 2.30354                 2019-04-18 13:56:50.601607  
  0.04924                 92                      0.32620                 2.62758                 0.42820                 2.17990                 2019-04-18 13:56:55.146562  
  0.04924                 93                      0.32652                 2.62770                 0.42620                 2.17183                 2019-04-18 13:56:59.568476  
  0.04924                 94                      0.32594                 2.62524                 0.43020                 2.16324                 2019-04-18 13:57:04.102883  
  0.04924                 95                      0.32620                 2.62123                 0.41910                 2.19924                 2019-04-18 13:57:08.656311  
  0.04924                 96                      0.32936                 2.61684                 0.43320                 2.16309                 2019-04-18 13:57:13.207479  
  0.04924                 97                      0.32774                 2.61576                 0.42350                 2.18756                 2019-04-18 13:57:17.614174  
  0.04924                 98                      0.32652                 2.62067                 0.42840                 2.18761                 2019-04-18 13:57:22.100585  
  0.04924                 99                      0.32826                 2.61090                 0.41720                 2.17757                 2019-04-18 13:57:26.594155  
  0.04924                 100                     0.32532                 2.62277                 0.39580                 2.30076                 2019-04-18 13:57:31.142216  
  0.04924                 101                     0.32848                 2.61803                 0.42890                 2.16799                 2019-04-18 13:57:35.669294  
  0.04924                 102                     0.32966                 2.60580                 0.41610                 2.19223                 2019-04-18 13:57:40.167562  
  0.04924                 103                     0.33126                 2.59702                 0.43050                 2.18684                 2019-04-18 13:57:44.697850  
  0.04924                 104                     0.32842                 2.60750                 0.41960                 2.20243                 2019-04-18 13:57:49.257589  
  0.04924                 105                     0.32864                 2.61686                 0.43530                 2.14890                 2019-04-18 13:57:53.836917  
  0.04924                 106                     0.32906                 2.61200                 0.42000                 2.28063                 2019-04-18 13:57:58.344296  
  0.04924                 107                     0.33138                 2.61153                 0.43390                 2.15053                 2019-04-18 13:58:02.824670  
  0.04924                 108                     0.33216                 2.60080                 0.42810                 2.16420                 2019-04-18 13:58:07.347982  
  0.04924                 109                     0.33060                 2.59839                 0.43310                 2.15771                 2019-04-18 13:58:11.859374  
  0.04924                 110                     0.33114                 2.61782                 0.42270                 2.18237                 2019-04-18 13:58:16.333884  
  0.04924                 111                     0.33224                 2.59305                 0.43230                 2.17467                 2019-04-18 13:58:20.869952  
  0.04924                 112                     0.32988                 2.60236                 0.41000                 2.23501                 2019-04-18 13:58:25.417907  
  0.04924                 113                     0.33116                 2.60544                 0.41990                 2.21100                 2019-04-18 13:58:29.945358  
  0.04924                 114                     0.33198                 2.60623                 0.43610                 2.14281                 2019-04-18 13:58:34.435893  
  0.04924                 115                     0.33534                 2.59690                 0.41660                 2.23901                 2019-04-18 13:58:38.913798  
  0.04924                 116                     0.33486                 2.58758                 0.41420                 2.23047                 2019-04-18 13:58:43.356938  
  0.04924                 117                     0.33602                 2.58814                 0.43580                 2.17238                 2019-04-18 13:58:47.881225  
  0.04924                 118                     0.33626                 2.58612                 0.42420                 2.20745                 2019-04-18 13:58:52.446592  
  0.04924                 119                     0.33678                 2.59249                 0.41840                 2.24119                 2019-04-18 13:58:56.920520  
  0.04924                 120                     0.33562                 2.58542                 0.42050                 2.24445                 2019-04-18 13:59:01.439853  
  0.04924                 121                     0.33070                 2.60159                 0.43410                 2.13147                 2019-04-18 13:59:05.894750  
  0.04924                 122                     0.33402                 2.59033                 0.42490                 2.22351                 2019-04-18 13:59:10.514969  
  0.04924                 123                     0.33646                 2.58397                 0.43460                 2.13367                 2019-04-18 13:59:15.080100  
  0.04924                 124                     0.33336                 2.59154                 0.43820                 2.14542                 2019-04-18 13:59:19.595027  
  0.04924                 125                     0.33454                 2.58973                 0.43180                 2.15822                 2019-04-18 13:59:24.168909  
  0.04924                 126                     0.33364                 2.59990                 0.42150                 2.21290                 2019-04-18 13:59:28.665462  
  0.04924                 127                     0.33416                 2.58709                 0.41730                 2.25269                 2019-04-18 13:59:33.247547  
  0.04924                 128                     0.33764                 2.57916                 0.42060                 2.20499                 2019-04-18 13:59:37.770480  
  0.04924                 129                     0.33416                 2.58076                 0.43260                 2.18156                 2019-04-18 13:59:42.284258  
  0.04924                 130                     0.33612                 2.58398                 0.42920                 2.13923                 2019-04-18 13:59:46.793691  
  0.04924                 131                     0.33552                 2.59044                 0.43730                 2.14422                 2019-04-18 13:59:51.381886  
  0.04924                 132                     0.33422                 2.58934                 0.41680                 2.21814                 2019-04-18 13:59:55.929333  
  0.04924                 133                     0.33768                 2.58031                 0.43920                 2.14802                 2019-04-18 14:00:00.419510  
  0.04924                 134                     0.33556                 2.58523                 0.41610                 2.19846                 2019-04-18 14:00:04.883714  
  0.04924                 135                     0.33590                 2.58732                 0.43120                 2.16949                 2019-04-18 14:00:09.420670  
  0.04924                 136                     0.33692                 2.57317                 0.41360                 2.27001                 2019-04-18 14:00:13.898708  
  0.04924                 137                     0.33732                 2.58121                 0.42020                 2.17158                 2019-04-18 14:00:18.450726  
  0.04924                 138                     0.33872                 2.57895                 0.42300                 2.24948                 2019-04-18 14:00:22.992306  
  0.04924                 139                     0.33918                 2.57582                 0.42200                 2.19065                 2019-04-18 14:00:27.535866  
  0.04924                 140                     0.33980                 2.57972                 0.41530                 2.25203                 2019-04-18 14:00:32.056118  
  0.04924                 141                     0.33542                 2.58348                 0.43040                 2.15739                 2019-04-18 14:00:36.699088  
  0.04924                 142                     0.33886                 2.58747                 0.43160                 2.12850                 2019-04-18 14:00:41.298680  
  0.04924                 143                     0.33838                 2.56518                 0.43000                 2.22780                 2019-04-18 14:00:45.781455  
  0.04924                 144                     0.33706                 2.57762                 0.42620                 2.20388                 2019-04-18 14:00:50.397893  
  0.04924                 145                     0.34034                 2.57951                 0.42070                 2.20800                 2019-04-18 14:00:54.932405  
  0.04924                 146                     0.33812                 2.56391                 0.41850                 2.23776                 2019-04-18 14:00:59.460029  
  0.04924                 147                     0.33736                 2.57498                 0.43150                 2.16493                 2019-04-18 14:01:04.021731  
  0.04924                 148                     0.33856                 2.57029                 0.42600                 2.25487                 2019-04-18 14:01:08.565315  
  0.04924                 149                     0.33972                 2.56701                 0.41290                 2.27647                 2019-04-18 14:01:13.146012  
  0.04924                 150                     0.33856                 2.58426                 0.43420                 2.14828                 2019-04-18 14:01:17.661030  
  0.04924                 151                     0.33526                 2.57566                 0.43090                 2.17566                 2019-04-18 14:01:22.131103  
  0.04924                 152                     0.33964                 2.57293                 0.42660                 2.21359                 2019-04-18 14:01:26.567073  
  0.04924                 153                     0.34198                 2.56368                 0.42410                 2.19424                 2019-04-18 14:01:31.066253  
  0.04924                 154                     0.33750                 2.57553                 0.43270                 2.17305                 2019-04-18 14:01:35.566624  
  0.04924                 155                     0.33904                 2.56661                 0.42610                 2.19645                 2019-04-18 14:01:40.057510  
  0.04924                 156                     0.34026                 2.57102                 0.43230                 2.15772                 2019-04-18 14:01:44.497896  
  0.04924                 157                     0.34108                 2.55989                 0.43570                 2.17609                 2019-04-18 14:01:49.070972  
  0.04924                 158                     0.34146                 2.56921                 0.43610                 2.11753                 2019-04-18 14:01:53.580396  
  0.04924                 159                     0.33818                 2.57932                 0.41860                 2.22448                 2019-04-18 14:01:58.094492  
  0.04924                 160                     0.34410                 2.56608                 0.43070                 2.21947                 2019-04-18 14:02:02.624727  
Output: 2.118


