shuhei:~.$ python nelder.py -model CNN -num 0 -round 0
Will get the positions by Nelder-Mead Method.
Saving the position data as shown below...
  batch_size       lr               momentum         weight_decay     ch1              ch2              ch3              ch4              drop_rate      
  7.087            -1.585           0.879            -3.992           6.682            5.323            5.246            6.637          


shuhei:~.$ python env.py -model CNN -num 0 -round 0 -cuda 1
Collecting Environment Variables and Putting in Shell Scripts.

shuhei:~.$ ./run.sh
shuhei:~.$ CUDA_VISIBLE_DEVICES=1 python train.py -model CNN -num 0 -round 0 -batch_size 135 -lr 0.026005418472445033 -momentum 0.8794916336512788 -weight_decay 0.00010193169182486134 -ch1 102 -ch2 40 -ch3 37 -ch4 99 -drop_rate 0.43134211037003645
Start Training


Files already downloaded and verified
  lr                      epoch                   TrainAcc                TrainLoss               TestAcc                 TestLoss                Time                  
  0.02601                 1                       0.12188                 3.77606                 0.21190                 3.21712                 2019-04-18 18:26:48.464890  
  0.02601                 2                       0.20812                 3.22402                 0.22090                 3.26318                 2019-04-18 18:26:53.123578  
  0.02601                 3                       0.25202                 3.00372                 0.31440                 2.67853                 2019-04-18 18:26:57.735664  
  0.02601                 4                       0.28046                 2.84803                 0.32880                 2.62279                 2019-04-18 18:27:01.987055  
  0.02601                 5                       0.30406                 2.74385                 0.35930                 2.44606                 2019-04-18 18:27:06.186280  
  0.02601                 6                       0.31642                 2.66663                 0.35240                 2.54316                 2019-04-18 18:27:10.765360  
  0.02601                 7                       0.33012                 2.60315                 0.38130                 2.36275                 2019-04-18 18:27:15.337346  
  0.02601                 8                       0.34348                 2.54032                 0.39050                 2.35002                 2019-04-18 18:27:20.335681  
  0.02601                 9                       0.35418                 2.48244                 0.40620                 2.27815                 2019-04-18 18:27:25.098634  
  0.02601                 10                      0.36238                 2.44160                 0.41190                 2.21993                 2019-04-18 18:27:29.872098  
  0.02601                 11                      0.36820                 2.41444                 0.42650                 2.15976                 2019-04-18 18:27:34.674432  
  0.02601                 12                      0.37926                 2.37502                 0.42260                 2.17509                 2019-04-18 18:27:39.340481  
  0.02601                 13                      0.38240                 2.35181                 0.43220                 2.15593                 2019-04-18 18:27:44.067781  
  0.02601                 14                      0.39004                 2.31859                 0.44220                 2.10669                 2019-04-18 18:27:48.930668  
  0.02601                 15                      0.39604                 2.29684                 0.43560                 2.14312                 2019-04-18 18:27:53.608653  
  0.02601                 16                      0.39952                 2.27896                 0.44890                 2.05515                 2019-04-18 18:27:58.247933  
  0.02601                 17                      0.40370                 2.25655                 0.45530                 2.02577                 2019-04-18 18:28:02.814081  
  0.02601                 18                      0.40738                 2.24042                 0.46080                 2.01119                 2019-04-18 18:28:07.392792  
  0.02601                 19                      0.41048                 2.21193                 0.45240                 2.05207                 2019-04-18 18:28:12.044337  
  0.02601                 20                      0.41572                 2.20505                 0.44920                 2.08572                 2019-04-18 18:28:16.625911  
  0.02601                 21                      0.41812                 2.18713                 0.46160                 2.00072                 2019-04-18 18:28:21.250553  
  0.02601                 22                      0.42176                 2.17441                 0.46330                 1.99570                 2019-04-18 18:28:25.836280  
  0.02601                 23                      0.42430                 2.15462                 0.45980                 2.01634                 2019-04-18 18:28:30.522208  
  0.02601                 24                      0.42868                 2.14216                 0.46740                 1.99744                 2019-04-18 18:28:35.166207  
  0.02601                 25                      0.42902                 2.13819                 0.46890                 1.98915                 2019-04-18 18:28:39.709947  
  0.02601                 26                      0.43140                 2.11731                 0.47430                 1.96799                 2019-04-18 18:28:44.313117  
  0.02601                 27                      0.43532                 2.11155                 0.48070                 1.94072                 2019-04-18 18:28:48.897138  
  0.02601                 28                      0.43584                 2.09907                 0.48720                 1.89735                 2019-04-18 18:28:53.593321  
  0.02601                 29                      0.44056                 2.08622                 0.49260                 1.88199                 2019-04-18 18:28:58.189844  
  0.02601                 30                      0.44066                 2.08195                 0.49270                 1.88258                 2019-04-18 18:29:02.697906  
  0.02601                 31                      0.44364                 2.07217                 0.48600                 1.89660                 2019-04-18 18:29:07.275906  
  0.02601                 32                      0.44464                 2.06874                 0.48900                 1.92180                 2019-04-18 18:29:11.916745  
  0.02601                 33                      0.44656                 2.04973                 0.49290                 1.89554                 2019-04-18 18:29:16.592275  
  0.02601                 34                      0.44672                 2.05582                 0.49300                 1.88324                 2019-04-18 18:29:21.340154  
  0.02601                 35                      0.44952                 2.03865                 0.48750                 1.94214                 2019-04-18 18:29:26.020120  
  0.02601                 36                      0.45042                 2.03903                 0.49840                 1.88484                 2019-04-18 18:29:30.743726  
  0.02601                 37                      0.45340                 2.02270                 0.49370                 1.91551                 2019-04-18 18:29:35.454014  
  0.02601                 38                      0.45528                 2.02234                 0.49220                 1.90695                 2019-04-18 18:29:40.031404  
  0.02601                 39                      0.45656                 2.02219                 0.48970                 1.87800                 2019-04-18 18:29:44.584113  
  0.02601                 40                      0.45508                 2.00653                 0.48430                 1.91418                 2019-04-18 18:29:49.090972  
  0.02601                 41                      0.45970                 2.00845                 0.49690                 1.88566                 2019-04-18 18:29:53.660160  
  0.02601                 42                      0.45866                 1.99357                 0.49610                 1.87502                 2019-04-18 18:29:58.252193  
  0.02601                 43                      0.46202                 1.98965                 0.50530                 1.83896                 2019-04-18 18:30:02.962619  
  0.02601                 44                      0.46554                 1.98289                 0.49330                 1.88611                 2019-04-18 18:30:07.693345  
  0.02601                 45                      0.46360                 1.97907                 0.49410                 1.90414                 2019-04-18 18:30:12.297419  
  0.02601                 46                      0.46738                 1.96788                 0.51640                 1.80491                 2019-04-18 18:30:16.979095  
  0.02601                 47                      0.46606                 1.96505                 0.49670                 1.85986                 2019-04-18 18:30:21.617858  
  0.02601                 48                      0.46738                 1.96597                 0.50210                 1.89357                 2019-04-18 18:30:26.277379  
  0.02601                 49                      0.46622                 1.97059                 0.50710                 1.85013                 2019-04-18 18:30:30.866887  
  0.02601                 50                      0.46798                 1.95904                 0.51270                 1.81310                 2019-04-18 18:30:35.477844  
  0.02601                 51                      0.47142                 1.95303                 0.49330                 1.91846                 2019-04-18 18:30:40.176002  
  0.02601                 52                      0.47166                 1.94945                 0.50120                 1.84530                 2019-04-18 18:30:44.903441  
  0.02601                 53                      0.47280                 1.94244                 0.49670                 1.88533                 2019-04-18 18:30:49.622949  
  0.02601                 54                      0.47104                 1.94828                 0.50470                 1.82259                 2019-04-18 18:30:54.712190  
  0.02601                 55                      0.47234                 1.94004                 0.49910                 1.88145                 2019-04-18 18:30:59.912411  
  0.02601                 56                      0.47312                 1.93985                 0.50700                 1.83422                 2019-04-18 18:31:04.792171  
  0.02601                 57                      0.47436                 1.92760                 0.50220                 1.87768                 2019-04-18 18:31:09.551692  
  0.02601                 58                      0.47686                 1.92897                 0.49530                 1.88955                 2019-04-18 18:31:14.353972  
  0.02601                 59                      0.47568                 1.92649                 0.50540                 1.84866                 2019-04-18 18:31:18.984227  
  0.02601                 60                      0.48136                 1.92176                 0.50790                 1.85187                 2019-04-18 18:31:23.579552  
  0.02601                 61                      0.47982                 1.91862                 0.50020                 1.88629                 2019-04-18 18:31:28.168508  
  0.02601                 62                      0.48096                 1.91063                 0.50700                 1.84206                 2019-04-18 18:31:32.835124  
  0.02601                 63                      0.48248                 1.90262                 0.51280                 1.79016                 2019-04-18 18:31:37.527671  
  0.02601                 64                      0.48158                 1.90049                 0.50570                 1.84197                 2019-04-18 18:31:42.086529  
  0.02601                 65                      0.48318                 1.90236                 0.50830                 1.85179                 2019-04-18 18:31:46.635263  
  0.02601                 66                      0.48420                 1.89473                 0.50310                 1.90466                 2019-04-18 18:31:51.245296  
  0.02601                 67                      0.48162                 1.89794                 0.51030                 1.81975                 2019-04-18 18:31:55.892414  
  0.02601                 68                      0.48730                 1.88755                 0.50900                 1.82625                 2019-04-18 18:32:00.481638  
  0.02601                 69                      0.48272                 1.89536                 0.50950                 1.82091                 2019-04-18 18:32:05.057385  
  0.02601                 70                      0.48726                 1.88278                 0.51150                 1.81837                 2019-04-18 18:32:09.643829  
  0.02601                 71                      0.48556                 1.88347                 0.51750                 1.78966                 2019-04-18 18:32:14.211334  
  0.02601                 72                      0.48816                 1.87476                 0.52330                 1.75331                 2019-04-18 18:32:18.879832  
  0.02601                 73                      0.48876                 1.87889                 0.51060                 1.79560                 2019-04-18 18:32:23.540830  
  0.02601                 74                      0.48674                 1.87630                 0.52200                 1.79109                 2019-04-18 18:32:28.184928  
  0.02601                 75                      0.49020                 1.87490                 0.50700                 1.84618                 2019-04-18 18:32:32.879331  
  0.02601                 76                      0.49072                 1.86717                 0.49300                 1.94931                 2019-04-18 18:32:37.426021  
  0.02601                 77                      0.49044                 1.86436                 0.50900                 1.78835                 2019-04-18 18:32:41.973904  
  0.02601                 78                      0.48900                 1.86974                 0.50820                 1.82062                 2019-04-18 18:32:46.624478  
  0.02601                 79                      0.49024                 1.86139                 0.50880                 1.83496                 2019-04-18 18:32:51.217004  
  0.02601                 80                      0.49284                 1.86023                 0.52300                 1.78155                 2019-04-18 18:32:55.844625  
  0.02601                 81                      0.48892                 1.86473                 0.50720                 1.81099                 2019-04-18 18:33:00.387337  
  0.02601                 82                      0.49540                 1.86064                 0.48840                 1.90809                 2019-04-18 18:33:04.925238  
  0.02601                 83                      0.49374                 1.85379                 0.51890                 1.78731                 2019-04-18 18:33:09.496445  
  0.02601                 84                      0.49286                 1.85825                 0.51760                 1.77676                 2019-04-18 18:33:14.106131  
  0.02601                 85                      0.49488                 1.85058                 0.52400                 1.76826                 2019-04-18 18:33:18.742947  
  0.02601                 86                      0.49436                 1.84968                 0.52620                 1.76175                 2019-04-18 18:33:23.329353  
  0.02601                 87                      0.49298                 1.85434                 0.51540                 1.80011                 2019-04-18 18:33:27.918489  
  0.02601                 88                      0.49410                 1.84127                 0.51790                 1.80816                 2019-04-18 18:33:32.517128  
  0.02601                 89                      0.49700                 1.83967                 0.51880                 1.80121                 2019-04-18 18:33:37.027226  
  0.02601                 90                      0.49816                 1.83348                 0.51800                 1.79850                 2019-04-18 18:33:41.592096  
  0.02601                 91                      0.49776                 1.84134                 0.52020                 1.80338                 2019-04-18 18:33:46.194097  
  0.02601                 92                      0.49668                 1.84407                 0.52930                 1.76478                 2019-04-18 18:33:50.830250  
  0.02601                 93                      0.49600                 1.83456                 0.52940                 1.73459                 2019-04-18 18:33:55.448311  
  0.02601                 94                      0.50004                 1.82806                 0.52370                 1.76999                 2019-04-18 18:34:00.075932  
  0.02601                 95                      0.50060                 1.82613                 0.51610                 1.79317                 2019-04-18 18:34:04.671474  
  0.02601                 96                      0.50008                 1.82562                 0.50580                 1.85770                 2019-04-18 18:34:09.228325  
  0.02601                 97                      0.50338                 1.81439                 0.52170                 1.77518                 2019-04-18 18:34:13.765719  
  0.02601                 98                      0.49928                 1.82591                 0.50820                 1.85661                 2019-04-18 18:34:18.372322  
  0.02601                 99                      0.50246                 1.81896                 0.51830                 1.80148                 2019-04-18 18:34:22.959467  
  0.02601                 100                     0.50478                 1.81752                 0.52250                 1.76468                 2019-04-18 18:34:27.640651  
  0.02601                 101                     0.50040                 1.82082                 0.52070                 1.77926                 2019-04-18 18:34:32.262568  
  0.02601                 102                     0.50448                 1.81817                 0.52270                 1.79941                 2019-04-18 18:34:36.833151  
  0.02601                 103                     0.50566                 1.80579                 0.52570                 1.79322                 2019-04-18 18:34:41.295419  
  0.02601                 104                     0.50346                 1.80901                 0.52620                 1.76566                 2019-04-18 18:34:45.888049  
  0.02601                 105                     0.50310                 1.80346                 0.51090                 1.83679                 2019-04-18 18:34:50.450106  
  0.02601                 106                     0.50232                 1.81509                 0.52670                 1.74359                 2019-04-18 18:34:55.013377  
  0.02601                 107                     0.50520                 1.80532                 0.51430                 1.80811                 2019-04-18 18:34:59.593824  
  0.02601                 108                     0.50474                 1.81287                 0.52320                 1.76230                 2019-04-18 18:35:04.112481  
  0.02601                 109                     0.50266                 1.81339                 0.50390                 1.84829                 2019-04-18 18:35:08.718617  
  0.02601                 110                     0.50390                 1.80847                 0.52130                 1.77926                 2019-04-18 18:35:13.306572  
  0.02601                 111                     0.50656                 1.80116                 0.52590                 1.77428                 2019-04-18 18:35:17.842816  
  0.02601                 112                     0.50520                 1.80088                 0.51010                 1.87001                 2019-04-18 18:35:22.369784  
  0.02601                 113                     0.50526                 1.79566                 0.51690                 1.82542                 2019-04-18 18:35:26.863342  
  0.02601                 114                     0.50832                 1.79876                 0.52310                 1.77831                 2019-04-18 18:35:31.413578  
  0.02601                 115                     0.50792                 1.78990                 0.51450                 1.79811                 2019-04-18 18:35:35.964692  
  0.02601                 116                     0.50976                 1.78974                 0.52690                 1.75278                 2019-04-18 18:35:40.516398  
  0.02601                 117                     0.50724                 1.78910                 0.52150                 1.77141                 2019-04-18 18:35:44.990152  
  0.02601                 118                     0.50836                 1.79273                 0.51190                 1.84382                 2019-04-18 18:35:49.598130  
  0.02601                 119                     0.50974                 1.78974                 0.52320                 1.75526                 2019-04-18 18:35:54.121896  
  0.02601                 120                     0.51044                 1.78140                 0.52830                 1.75122                 2019-04-18 18:35:58.616051  
  0.02601                 121                     0.50956                 1.78842                 0.52490                 1.77763                 2019-04-18 18:36:03.224420  
  0.02601                 122                     0.50764                 1.78854                 0.52730                 1.77522                 2019-04-18 18:36:07.906557  
  0.02601                 123                     0.51006                 1.78583                 0.52640                 1.78315                 2019-04-18 18:36:12.463117  
  0.02601                 124                     0.51124                 1.77996                 0.52480                 1.74833                 2019-04-18 18:36:17.101212  
  0.02601                 125                     0.51100                 1.78187                 0.52360                 1.77502                 2019-04-18 18:36:21.603364  
  0.02601                 126                     0.50714                 1.78678                 0.52380                 1.78066                 2019-04-18 18:36:26.136443  
  0.02601                 127                     0.50964                 1.78462                 0.52240                 1.75290                 2019-04-18 18:36:30.600568  
  0.02601                 128                     0.50928                 1.77798                 0.53030                 1.72986                 2019-04-18 18:36:35.177799  
  0.02601                 129                     0.51054                 1.77667                 0.52700                 1.76382                 2019-04-18 18:36:39.732525  
  0.02601                 130                     0.51084                 1.77490                 0.52750                 1.76000                 2019-04-18 18:36:44.260381  
  0.02601                 131                     0.50994                 1.77668                 0.51820                 1.77224                 2019-04-18 18:36:48.842385  
  0.02601                 132                     0.51024                 1.77892                 0.51880                 1.81516                 2019-04-18 18:36:53.354324  
  0.02601                 133                     0.50996                 1.78594                 0.52450                 1.76721                 2019-04-18 18:36:57.893989  
  0.02601                 134                     0.51216                 1.77717                 0.52460                 1.77738                 2019-04-18 18:37:02.523734  
  0.02601                 135                     0.51226                 1.77043                 0.53070                 1.73962                 2019-04-18 18:37:07.094384  
  0.02601                 136                     0.51404                 1.76794                 0.53160                 1.75460                 2019-04-18 18:37:11.531330  
  0.02601                 137                     0.51368                 1.76958                 0.52850                 1.75496                 2019-04-18 18:37:16.022903  
  0.02601                 138                     0.51220                 1.76938                 0.51340                 1.82851                 2019-04-18 18:37:20.570205  
  0.02601                 139                     0.51430                 1.76669                 0.51370                 1.82488                 2019-04-18 18:37:25.167899  
  0.02601                 140                     0.51222                 1.76581                 0.52770                 1.73828                 2019-04-18 18:37:29.682784  
  0.02601                 141                     0.51172                 1.77188                 0.51170                 1.80957                 2019-04-18 18:37:34.215684  
  0.02601                 142                     0.51338                 1.77014                 0.53030                 1.74293                 2019-04-18 18:37:38.737710  
  0.02601                 143                     0.51516                 1.76436                 0.52300                 1.77961                 2019-04-18 18:37:43.226155  
  0.02601                 144                     0.51394                 1.75682                 0.52560                 1.77281                 2019-04-18 18:37:47.735902  
  0.02601                 145                     0.51208                 1.76558                 0.52410                 1.77284                 2019-04-18 18:37:52.351570  
  0.02601                 146                     0.51350                 1.75963                 0.52240                 1.79861                 2019-04-18 18:37:56.801227  
  0.02601                 147                     0.51290                 1.76622                 0.52550                 1.78736                 2019-04-18 18:38:01.368753  
  0.02601                 148                     0.51660                 1.76116                 0.52530                 1.77687                 2019-04-18 18:38:05.860240  
  0.02601                 149                     0.51534                 1.76363                 0.52040                 1.76251                 2019-04-18 18:38:10.383479  
  0.02601                 150                     0.51458                 1.75561                 0.51760                 1.78789                 2019-04-18 18:38:14.981212  
  0.02601                 151                     0.51452                 1.75911                 0.51850                 1.80836                 2019-04-18 18:38:19.471987  
  0.02601                 152                     0.51698                 1.75471                 0.52320                 1.77842                 2019-04-18 18:38:24.010149  
  0.02601                 153                     0.51802                 1.75143                 0.53570                 1.72718                 2019-04-18 18:38:28.544001  
  0.02601                 154                     0.51850                 1.74802                 0.53020                 1.74260                 2019-04-18 18:38:33.139506  
  0.02601                 155                     0.51632                 1.75056                 0.52560                 1.75218                 2019-04-18 18:38:37.747837  
  0.02601                 156                     0.51532                 1.75361                 0.52510                 1.79778                 2019-04-18 18:38:42.358801  
  0.02601                 157                     0.51694                 1.75176                 0.52170                 1.76755                 2019-04-18 18:38:46.979899  
  0.02601                 158                     0.51638                 1.74506                 0.52660                 1.75964                 2019-04-18 18:38:51.581747  
  0.02601                 159                     0.52080                 1.73903                 0.52970                 1.74247                 2019-04-18 18:38:56.150271  
  0.02601                 160                     0.52150                 1.74209                 0.52070                 1.79180                 2019-04-18 18:39:00.706062  
Output: 1.727


