shuhei:~.$ python nelder.py -model CNN -num 0 -round 0
Will get the positions by Nelder-Mead Method.
Saving the position data as shown below...
  batch_size       lr               momentum         weight_decay     ch1              ch2              ch3              ch4              drop_rate      
  6.863            -2.023           0.899            -4.365           6.468            4.524            5.726            5.804          
  6.836            -1.993           0.903            -4.290           6.431            4.612            5.726            5.861          
  6.977            -1.961           0.905            -4.434           6.477            4.584            5.738            5.889          
  6.780            -2.055           0.891            -4.296           6.529            4.715            5.584            5.819          
  6.662            -2.028           0.897            -4.392           6.362            4.665            5.726            5.741          
  6.937            -1.944           0.895            -4.351           6.537            4.584            5.584            6.044          
  6.836            -1.984           0.896            -4.318           6.441            4.612            5.658            5.861          
  6.836            -1.958           0.896            -4.238           6.468            4.524            5.763            5.861          
  6.913            -1.914           0.895            -4.180           6.441            4.715            5.568            5.953          


shuhei:~.$ python env.py -model CNN -num 0 -round 0 -cuda 1
Collecting Environment Variables and Putting in Shell Scripts.

shuhei:~.$ ./run.sh
shuhei:~.$ CUDA_VISIBLE_DEVICES=1 python train.py -model CNN -num 0 -round 0 -batch_size 116 -lr 0.009477281978503416 -momentum 0.8989316317606257 -weight_decay 4.318980765341276e-05 -ch1 88 -ch2 23 -ch3 52 -ch4 55 -drop_rate 0.2554868774144591
Start Training


Files already downloaded and verified
  lr                      epoch                   TrainAcc                TrainLoss               TestAcc                 TestLoss                Time                  
  0.00948                 1                       0.11422                 3.83543                 0.15190                 3.71592                 2019-04-19 02:03:27.899069  
  0.00948                 2                       0.20902                 3.23764                 0.25210                 3.03677                 2019-04-19 02:03:32.451098  
  0.00948                 3                       0.25422                 2.98666                 0.22140                 3.31724                 2019-04-19 02:03:37.054344  
  0.00948                 4                       0.28168                 2.85144                 0.29860                 2.80980                 2019-04-19 02:03:41.572201  
  0.00948                 5                       0.29972                 2.74957                 0.32180                 2.70182                 2019-04-19 02:03:46.103231  
  0.00948                 6                       0.31982                 2.66488                 0.27510                 3.09642                 2019-04-19 02:03:50.611369  
  0.00948                 7                       0.33256                 2.60316                 0.32750                 2.68648                 2019-04-19 02:03:55.123273  
  0.00948                 8                       0.34414                 2.54523                 0.33090                 2.67384                 2019-04-19 02:03:59.721328  
  0.00948                 9                       0.35116                 2.50380                 0.37180                 2.46905                 2019-04-19 02:04:04.200183  
  0.00948                 10                      0.36110                 2.45402                 0.37310                 2.62259                 2019-04-19 02:04:08.727327  
  0.00948                 11                      0.37116                 2.41689                 0.36840                 2.55567                 2019-04-19 02:04:13.272445  
  0.00948                 12                      0.37556                 2.38760                 0.37570                 2.49342                 2019-04-19 02:04:17.807168  
  0.00948                 13                      0.38332                 2.35609                 0.36680                 2.57052                 2019-04-19 02:04:22.389712  
  0.00948                 14                      0.38906                 2.32984                 0.33180                 2.86619                 2019-04-19 02:04:27.026343  
  0.00948                 15                      0.39222                 2.31325                 0.42740                 2.21434                 2019-04-19 02:04:31.625934  
  0.00948                 16                      0.40108                 2.27986                 0.37540                 2.62874                 2019-04-19 02:04:36.065672  
  0.00948                 17                      0.40394                 2.26110                 0.42540                 2.18991                 2019-04-19 02:04:40.590931  
  0.00948                 18                      0.40630                 2.24349                 0.36350                 2.57650                 2019-04-19 02:04:45.180997  
  0.00948                 19                      0.41268                 2.22445                 0.39190                 2.63555                 2019-04-19 02:04:49.754643  
  0.00948                 20                      0.41404                 2.21665                 0.45000                 2.09304                 2019-04-19 02:04:54.243203  
  0.00948                 21                      0.42026                 2.18848                 0.43700                 2.15433                 2019-04-19 02:04:58.841551  
  0.00948                 22                      0.42400                 2.17092                 0.39930                 2.39810                 2019-04-19 02:05:03.367348  
  0.00948                 23                      0.42690                 2.16443                 0.32240                 3.52635                 2019-04-19 02:05:07.851163  
  0.00948                 24                      0.42616                 2.16718                 0.43830                 2.20619                 2019-04-19 02:05:12.422608  
  0.00948                 25                      0.43094                 2.13283                 0.44130                 2.14659                 2019-04-19 02:05:16.970822  
  0.00948                 26                      0.43280                 2.12555                 0.46740                 2.02423                 2019-04-19 02:05:21.658065  
  0.00948                 27                      0.43908                 2.10916                 0.41100                 2.36943                 2019-04-19 02:05:26.201840  
  0.00948                 28                      0.43570                 2.11217                 0.43570                 2.24502                 2019-04-19 02:05:30.754313  
  0.00948                 29                      0.43860                 2.10172                 0.47350                 2.00881                 2019-04-19 02:05:35.263160  
  0.00948                 30                      0.44288                 2.07814                 0.47470                 1.96070                 2019-04-19 02:05:39.886640  
  0.00948                 31                      0.44780                 2.06951                 0.45790                 2.04407                 2019-04-19 02:05:44.387480  
  0.00948                 32                      0.44830                 2.05895                 0.43380                 2.23291                 2019-04-19 02:05:48.904044  
  0.00948                 33                      0.44978                 2.06099                 0.46560                 2.01926                 2019-04-19 02:05:53.489856  
  0.00948                 34                      0.44934                 2.05235                 0.47510                 2.00894                 2019-04-19 02:05:58.018747  
  0.00948                 35                      0.45508                 2.02630                 0.48500                 1.97576                 2019-04-19 02:06:02.575627  
  0.00948                 36                      0.45530                 2.02863                 0.47790                 2.00881                 2019-04-19 02:06:07.148957  
  0.00948                 37                      0.45634                 2.01689                 0.49110                 1.91105                 2019-04-19 02:06:11.678152  
  0.00948                 38                      0.45902                 2.01498                 0.50260                 1.86401                 2019-04-19 02:06:16.271572  
  0.00948                 39                      0.45614                 2.00946                 0.42440                 2.47753                 2019-04-19 02:06:20.836922  
  0.00948                 40                      0.45984                 2.01490                 0.45640                 2.09998                 2019-04-19 02:06:25.330372  
  0.00948                 41                      0.46202                 2.00092                 0.49100                 1.90483                 2019-04-19 02:06:29.845134  
  0.00948                 42                      0.46288                 1.98925                 0.47950                 1.99424                 2019-04-19 02:06:34.441197  
  0.00948                 43                      0.46924                 1.98791                 0.47160                 2.00383                 2019-04-19 02:06:39.042576  
  0.00948                 44                      0.46440                 1.98392                 0.48920                 1.94800                 2019-04-19 02:06:43.665847  
  0.00948                 45                      0.46574                 1.97892                 0.49820                 1.87295                 2019-04-19 02:06:48.300652  
  0.00948                 46                      0.46968                 1.96222                 0.50050                 1.84652                 2019-04-19 02:06:52.830513  
  0.00948                 47                      0.46852                 1.96957                 0.49760                 1.86945                 2019-04-19 02:06:57.396039  
  0.00948                 48                      0.47476                 1.95395                 0.47640                 2.00870                 2019-04-19 02:07:01.921097  
  0.00948                 49                      0.47052                 1.96037                 0.49670                 1.88318                 2019-04-19 02:07:06.425745  
  0.00948                 50                      0.47518                 1.94666                 0.50940                 1.84385                 2019-04-19 02:07:10.894029  
  0.00948                 51                      0.47294                 1.94107                 0.50270                 1.85626                 2019-04-19 02:07:15.446124  
  0.00948                 52                      0.47592                 1.93257                 0.49330                 1.88067                 2019-04-19 02:07:19.908168  
  0.00948                 53                      0.47858                 1.92774                 0.47680                 1.98459                 2019-04-19 02:07:24.462921  
  0.00948                 54                      0.47932                 1.92160                 0.50660                 1.81503                 2019-04-19 02:07:29.097805  
  0.00948                 55                      0.48004                 1.91843                 0.44900                 2.10496                 2019-04-19 02:07:33.670622  
  0.00948                 56                      0.48064                 1.93242                 0.50660                 1.84731                 2019-04-19 02:07:38.224198  
  0.00948                 57                      0.48048                 1.91413                 0.50980                 1.82453                 2019-04-19 02:07:42.822605  
  0.00948                 58                      0.48052                 1.91360                 0.47920                 1.97807                 2019-04-19 02:07:47.338266  
  0.00948                 59                      0.48060                 1.91205                 0.50320                 1.87348                 2019-04-19 02:07:51.862206  
  0.00948                 60                      0.48388                 1.91067                 0.46690                 2.01479                 2019-04-19 02:07:56.408872  
  0.00948                 61                      0.48376                 1.90586                 0.46310                 2.10741                 2019-04-19 02:08:00.907060  
  0.00948                 62                      0.48180                 1.90427                 0.48290                 1.95809                 2019-04-19 02:08:05.375939  
  0.00948                 63                      0.48434                 1.89981                 0.51710                 1.80204                 2019-04-19 02:08:09.972692  
  0.00948                 64                      0.48956                 1.88634                 0.49670                 1.91171                 2019-04-19 02:08:14.580997  
  0.00948                 65                      0.48534                 1.89521                 0.50660                 1.83330                 2019-04-19 02:08:19.133382  
  0.00948                 66                      0.48820                 1.87833                 0.51010                 1.83962                 2019-04-19 02:08:23.857236  
  0.00948                 67                      0.48822                 1.87830                 0.50350                 1.90769                 2019-04-19 02:08:28.397625  
  0.00948                 68                      0.49104                 1.87722                 0.51970                 1.77552                 2019-04-19 02:08:32.913617  
  0.00948                 69                      0.48956                 1.87100                 0.50680                 1.89828                 2019-04-19 02:08:37.403454  
  0.00948                 70                      0.49196                 1.86792                 0.51340                 1.80281                 2019-04-19 02:08:42.046006  
  0.00948                 71                      0.49046                 1.86992                 0.48190                 2.01085                 2019-04-19 02:08:46.530440  
  0.00948                 72                      0.48782                 1.87186                 0.45960                 2.09312                 2019-04-19 02:08:51.064732  
  0.00948                 73                      0.49126                 1.87518                 0.49620                 1.91048                 2019-04-19 02:08:55.606922  
  0.00948                 74                      0.49128                 1.86570                 0.52360                 1.76266                 2019-04-19 02:09:00.162430  
  0.00948                 75                      0.49824                 1.84435                 0.48780                 1.98589                 2019-04-19 02:09:04.772403  
  0.00948                 76                      0.49442                 1.85961                 0.50400                 1.88339                 2019-04-19 02:09:09.355106  
  0.00948                 77                      0.49592                 1.85075                 0.50020                 1.93191                 2019-04-19 02:09:13.827453  
  0.00948                 78                      0.50024                 1.84223                 0.47930                 2.04210                 2019-04-19 02:09:18.383881  
  0.00948                 79                      0.49804                 1.86339                 0.50800                 1.84889                 2019-04-19 02:09:22.859512  
  0.00948                 80                      0.49584                 1.84755                 0.50800                 1.83925                 2019-04-19 02:09:27.461692  
  0.00948                 81                      0.49620                 1.84705                 0.47230                 2.02915                 2019-04-19 02:09:32.012177  
  0.00948                 82                      0.49620                 1.85046                 0.50630                 1.86623                 2019-04-19 02:09:36.587918  
  0.00948                 83                      0.49986                 1.83631                 0.52170                 1.77676                 2019-04-19 02:09:41.154058  
  0.00948                 84                      0.49850                 1.83449                 0.51400                 1.80924                 2019-04-19 02:09:45.725770  
  0.00948                 85                      0.49960                 1.83193                 0.51630                 1.83865                 2019-04-19 02:09:50.291897  
  0.00948                 86                      0.50084                 1.82748                 0.52120                 1.82265                 2019-04-19 02:09:54.802247  
  0.00948                 87                      0.50018                 1.83231                 0.52480                 1.75244                 2019-04-19 02:09:59.294083  
  0.00948                 88                      0.50034                 1.82211                 0.50380                 1.88411                 2019-04-19 02:10:03.835732  
  0.00948                 89                      0.50192                 1.82731                 0.52450                 1.74778                 2019-04-19 02:10:08.365563  
  0.00948                 90                      0.50568                 1.81150                 0.50990                 1.86537                 2019-04-19 02:10:12.933689  
  0.00948                 91                      0.50658                 1.81654                 0.52050                 1.81414                 2019-04-19 02:10:17.556641  
  0.00948                 92                      0.50354                 1.81514                 0.49630                 1.91047                 2019-04-19 02:10:22.115625  
  0.00948                 93                      0.50002                 1.81930                 0.51780                 1.77429                 2019-04-19 02:10:26.631593  
  0.00948                 94                      0.50682                 1.80470                 0.51930                 1.79503                 2019-04-19 02:10:31.161365  
  0.00948                 95                      0.50768                 1.80719                 0.52530                 1.81308                 2019-04-19 02:10:35.627131  
  0.00948                 96                      0.50516                 1.81062                 0.53180                 1.75928                 2019-04-19 02:10:40.191545  
  0.00948                 97                      0.50802                 1.80514                 0.50520                 1.87947                 2019-04-19 02:10:44.739506  
  0.00948                 98                      0.50792                 1.80294                 0.51650                 1.82949                 2019-04-19 02:10:49.319242  
  0.00948                 99                      0.50638                 1.81194                 0.53410                 1.73463                 2019-04-19 02:10:53.883449  
  0.00948                 100                     0.51178                 1.79292                 0.51760                 1.80574                 2019-04-19 02:10:58.424668  
  0.00948                 101                     0.50866                 1.79907                 0.52130                 1.80092                 2019-04-19 02:11:02.921962  
  0.00948                 102                     0.50878                 1.79155                 0.50360                 1.87187                 2019-04-19 02:11:07.466495  
  0.00948                 103                     0.50858                 1.79571                 0.52820                 1.73459                 2019-04-19 02:11:12.063734  
  0.00948                 104                     0.51348                 1.79292                 0.50320                 1.87319                 2019-04-19 02:11:16.636840  
  0.00948                 105                     0.50930                 1.79030                 0.50430                 1.90348                 2019-04-19 02:11:21.129946  
  0.00948                 106                     0.50256                 1.81349                 0.53190                 1.73105                 2019-04-19 02:11:25.669013  
  0.00948                 107                     0.50834                 1.78932                 0.53570                 1.70890                 2019-04-19 02:11:30.319044  
  0.00948                 108                     0.51406                 1.77271                 0.52870                 1.76248                 2019-04-19 02:11:34.915822  
  0.00948                 109                     0.50868                 1.79787                 0.52250                 1.77571                 2019-04-19 02:11:39.388096  
  0.00948                 110                     0.51284                 1.78433                 0.51620                 1.78332                 2019-04-19 02:11:43.850920  
  0.00948                 111                     0.51206                 1.78111                 0.51240                 1.88278                 2019-04-19 02:11:48.337041  
  0.00948                 112                     0.51354                 1.77814                 0.51450                 1.84694                 2019-04-19 02:11:52.896909  
  0.00948                 113                     0.51178                 1.78365                 0.52070                 1.77634                 2019-04-19 02:11:57.463989  
  0.00948                 114                     0.51428                 1.77244                 0.52010                 1.82381                 2019-04-19 02:12:01.978569  
  0.00948                 115                     0.51326                 1.77036                 0.53280                 1.72909                 2019-04-19 02:12:06.521962  
  0.00948                 116                     0.51402                 1.76762                 0.53140                 1.72629                 2019-04-19 02:12:10.989441  
  0.00948                 117                     0.51526                 1.76433                 0.53170                 1.73149                 2019-04-19 02:12:15.505112  
  0.00948                 118                     0.51562                 1.76227                 0.51980                 1.78314                 2019-04-19 02:12:19.980181  
  0.00948                 119                     0.51550                 1.77226                 0.54080                 1.69829                 2019-04-19 02:12:24.480944  
  0.00948                 120                     0.51918                 1.75529                 0.52700                 1.73669                 2019-04-19 02:12:29.019296  
  0.00948                 121                     0.52086                 1.75493                 0.51880                 1.82543                 2019-04-19 02:12:33.571275  
  0.00948                 122                     0.51718                 1.75964                 0.53040                 1.71776                 2019-04-19 02:12:38.192144  
  0.00948                 123                     0.51806                 1.75440                 0.52770                 1.79381                 2019-04-19 02:12:42.719158  
  0.00948                 124                     0.51862                 1.75399                 0.53440                 1.73316                 2019-04-19 02:12:47.333424  
  0.00948                 125                     0.51498                 1.76215                 0.52540                 1.75234                 2019-04-19 02:12:51.786897  
  0.00948                 126                     0.51728                 1.76479                 0.53730                 1.69724                 2019-04-19 02:12:56.302110  
  0.00948                 127                     0.51780                 1.75518                 0.52280                 1.79255                 2019-04-19 02:13:00.843098  
  0.00948                 128                     0.51862                 1.75539                 0.52860                 1.72033                 2019-04-19 02:13:05.409886  
  0.00948                 129                     0.51854                 1.75542                 0.52810                 1.76429                 2019-04-19 02:13:09.949921  
  0.00948                 130                     0.52206                 1.74607                 0.52360                 1.77741                 2019-04-19 02:13:14.612399  
  0.00948                 131                     0.51872                 1.75373                 0.50450                 1.89933                 2019-04-19 02:13:19.206613  
  0.00948                 132                     0.51874                 1.75280                 0.50220                 1.85313                 2019-04-19 02:13:23.823786  
  0.00948                 133                     0.51730                 1.75213                 0.48380                 2.03661                 2019-04-19 02:13:28.391819  
  0.00948                 134                     0.52106                 1.74388                 0.50850                 1.84347                 2019-04-19 02:13:33.021675  
  0.00948                 135                     0.51918                 1.74638                 0.52520                 1.77392                 2019-04-19 02:13:37.641347  
  0.00948                 136                     0.52222                 1.73958                 0.51380                 1.81632                 2019-04-19 02:13:42.178387  
  0.00948                 137                     0.52112                 1.74695                 0.53170                 1.74271                 2019-04-19 02:13:46.776140  
  0.00948                 138                     0.52174                 1.74070                 0.52760                 1.73519                 2019-04-19 02:13:51.319439  
  0.00948                 139                     0.52084                 1.74504                 0.52720                 1.78294                 2019-04-19 02:13:55.667829  
  0.00948                 140                     0.52128                 1.73565                 0.52440                 1.78203                 2019-04-19 02:13:59.541477  
  0.00948                 141                     0.52284                 1.74255                 0.53260                 1.73427                 2019-04-19 02:14:04.067766  
  0.00948                 142                     0.52414                 1.73358                 0.53810                 1.68726                 2019-04-19 02:14:08.557661  
  0.00948                 143                     0.52346                 1.73346                 0.47860                 2.11447                 2019-04-19 02:14:13.019872  
  0.00948                 144                     0.52306                 1.73362                 0.52680                 1.74403                 2019-04-19 02:14:17.517139  
  0.00948                 145                     0.52344                 1.73629                 0.52290                 1.78901                 2019-04-19 02:14:22.091676  
  0.00948                 146                     0.52266                 1.73498                 0.50570                 1.91596                 2019-04-19 02:14:26.630309  
  0.00948                 147                     0.52422                 1.73026                 0.52290                 1.78835                 2019-04-19 02:14:31.146039  
  0.00948                 148                     0.52436                 1.73159                 0.53800                 1.71144                 2019-04-19 02:14:35.670006  
  0.00948                 149                     0.52298                 1.73128                 0.53940                 1.70449                 2019-04-19 02:14:40.197844  
  0.00948                 150                     0.52532                 1.72481                 0.53740                 1.71784                 2019-04-19 02:14:44.793139  
  0.00948                 151                     0.52588                 1.72423                 0.48160                 2.04215                 2019-04-19 02:14:49.384398  
  0.00948                 152                     0.52470                 1.72654                 0.52450                 1.77712                 2019-04-19 02:14:53.940348  
  0.00948                 153                     0.52338                 1.72551                 0.53410                 1.76168                 2019-04-19 02:14:58.459868  
  0.00948                 154                     0.52588                 1.72375                 0.53250                 1.71996                 2019-04-19 02:15:02.921519  
  0.00948                 155                     0.52320                 1.72194                 0.52580                 1.77974                 2019-04-19 02:15:07.495174  
  0.00948                 156                     0.52714                 1.71485                 0.53870                 1.67500                 2019-04-19 02:15:12.000151  
  0.00948                 157                     0.52858                 1.71231                 0.53180                 1.74909                 2019-04-19 02:15:16.495786  
  0.00948                 158                     0.52596                 1.72363                 0.53930                 1.70487                 2019-04-19 02:15:21.069101  
  0.00948                 159                     0.52610                 1.71978                 0.49660                 1.94410                 2019-04-19 02:15:25.618668  
  0.00948                 160                     0.52348                 1.73047                 0.52110                 1.81479                 2019-04-19 02:15:30.194355  
Output: 1.675


