shuhei:~.$ python nelder.py -model CNN -num 0 -round 0
Will get the positions by Nelder-Mead Method.
Saving the position data as shown below...
  batch_size       lr               momentum         weight_decay     ch1              ch2              ch3              ch4              drop_rate      
  6.810            -1.953           0.895            -4.234           6.478            4.467            5.713            5.850          


shuhei:~.$ python env.py -model CNN -num 0 -round 0 -cuda 1
Collecting Environment Variables and Putting in Shell Scripts.

shuhei:~.$ ./run.sh
shuhei:~.$ CUDA_VISIBLE_DEVICES=1 python train.py -model CNN -num 0 -round 0 -batch_size 112 -lr 0.011142445124766972 -momentum 0.8947836360061668 -weight_decay 5.833552104576629e-05 -ch1 89 -ch2 22 -ch3 52 -ch4 57 -drop_rate 0.2755749129679349
Start Training


Files already downloaded and verified
  lr                      epoch                   TrainAcc                TrainLoss               TestAcc                 TestLoss                Time                  
  0.01114                 1                       0.11238                 3.85116                 0.20590                 3.30282                 2019-04-19 14:27:19.890958  
  0.01114                 2                       0.20832                 3.24255                 0.27660                 2.84851                 2019-04-19 14:27:24.460864  
  0.01114                 3                       0.25334                 2.99639                 0.27220                 2.90289                 2019-04-19 14:27:28.973637  
  0.01114                 4                       0.28020                 2.86055                 0.33760                 2.57513                 2019-04-19 14:27:33.397968  
  0.01114                 5                       0.30160                 2.75564                 0.34960                 2.53969                 2019-04-19 14:27:37.954523  
  0.01114                 6                       0.31866                 2.68234                 0.35470                 2.52176                 2019-04-19 14:27:42.455852  
  0.01114                 7                       0.33066                 2.61433                 0.37340                 2.40568                 2019-04-19 14:27:46.936677  
  0.01114                 8                       0.34238                 2.55489                 0.39590                 2.28764                 2019-04-19 14:27:51.450541  
  0.01114                 9                       0.35352                 2.50282                 0.38560                 2.37611                 2019-04-19 14:27:55.977136  
  0.01114                 10                      0.35966                 2.46628                 0.39860                 2.30879                 2019-04-19 14:28:00.502842  
  0.01114                 11                      0.36902                 2.42388                 0.42010                 2.19977                 2019-04-19 14:28:04.967596  
  0.01114                 12                      0.37680                 2.39350                 0.42420                 2.17997                 2019-04-19 14:28:09.419747  
  0.01114                 13                      0.38248                 2.36169                 0.43790                 2.09701                 2019-04-19 14:28:13.960321  
  0.01114                 14                      0.38666                 2.33428                 0.44170                 2.10014                 2019-04-19 14:28:18.436265  
  0.01114                 15                      0.39720                 2.30697                 0.44150                 2.09007                 2019-04-19 14:28:22.915336  
  0.01114                 16                      0.39830                 2.27595                 0.45040                 2.03373                 2019-04-19 14:28:27.467856  
  0.01114                 17                      0.40568                 2.25752                 0.44720                 2.09273                 2019-04-19 14:28:32.020921  
  0.01114                 18                      0.40856                 2.24125                 0.45630                 2.05086                 2019-04-19 14:28:36.440615  
  0.01114                 19                      0.41540                 2.21232                 0.46510                 1.99122                 2019-04-19 14:28:40.967265  
  0.01114                 20                      0.41328                 2.20460                 0.45180                 2.00364                 2019-04-19 14:28:45.399884  
  0.01114                 21                      0.42048                 2.18704                 0.46560                 1.98585                 2019-04-19 14:28:49.961146  
  0.01114                 22                      0.42636                 2.16535                 0.44950                 2.11292                 2019-04-19 14:28:54.459929  
  0.01114                 23                      0.42734                 2.14758                 0.46930                 1.98800                 2019-04-19 14:28:58.852290  
  0.01114                 24                      0.43146                 2.13783                 0.46580                 1.98302                 2019-04-19 14:29:03.331067  
  0.01114                 25                      0.43216                 2.12776                 0.46890                 1.97825                 2019-04-19 14:29:07.785404  
  0.01114                 26                      0.43646                 2.11954                 0.48510                 1.91596                 2019-04-19 14:29:12.179851  
  0.01114                 27                      0.43744                 2.10092                 0.49020                 1.88041                 2019-04-19 14:29:16.631299  
  0.01114                 28                      0.43988                 2.09309                 0.48390                 1.90673                 2019-04-19 14:29:21.077745  
  0.01114                 29                      0.43978                 2.09082                 0.48270                 1.91337                 2019-04-19 14:29:25.574666  
  0.01114                 30                      0.44372                 2.08006                 0.48100                 1.94577                 2019-04-19 14:29:30.120919  
  0.01114                 31                      0.44628                 2.06719                 0.49290                 1.89287                 2019-04-19 14:29:34.636131  
  0.01114                 32                      0.44796                 2.05648                 0.49690                 1.85548                 2019-04-19 14:29:39.139445  
  0.01114                 33                      0.45204                 2.04469                 0.49480                 1.84890                 2019-04-19 14:29:43.652153  
  0.01114                 34                      0.45084                 2.04456                 0.48920                 1.87408                 2019-04-19 14:29:48.110397  
  0.01114                 35                      0.45452                 2.03469                 0.49630                 1.85697                 2019-04-19 14:29:52.636433  
  0.01114                 36                      0.45584                 2.02619                 0.50000                 1.84401                 2019-04-19 14:29:57.265253  
  0.01114                 37                      0.45572                 2.01459                 0.49240                 1.86670                 2019-04-19 14:30:01.681732  
  0.01114                 38                      0.45964                 2.01210                 0.50340                 1.83531                 2019-04-19 14:30:06.095811  
  0.01114                 39                      0.46302                 2.00332                 0.50080                 1.82901                 2019-04-19 14:30:10.509466  
  0.01114                 40                      0.46476                 1.99810                 0.48180                 1.94038                 2019-04-19 14:30:14.960027  
  0.01114                 41                      0.46088                 1.99372                 0.50920                 1.82513                 2019-04-19 14:30:19.348810  
  0.01114                 42                      0.46622                 1.98297                 0.50270                 1.85584                 2019-04-19 14:30:23.726923  
  0.01114                 43                      0.46426                 1.98182                 0.50450                 1.81991                 2019-04-19 14:30:28.126147  
  0.01114                 44                      0.46662                 1.97223                 0.50930                 1.81386                 2019-04-19 14:30:32.633703  
  0.01114                 45                      0.46920                 1.97041                 0.50490                 1.80817                 2019-04-19 14:30:37.175969  
  0.01114                 46                      0.47032                 1.95898                 0.50940                 1.79495                 2019-04-19 14:30:41.692029  
  0.01114                 47                      0.47288                 1.95101                 0.50650                 1.80837                 2019-04-19 14:30:46.070662  
  0.01114                 48                      0.47066                 1.95722                 0.50160                 1.82721                 2019-04-19 14:30:50.561427  
  0.01114                 49                      0.47292                 1.94977                 0.50900                 1.81295                 2019-04-19 14:30:55.016203  
  0.01114                 50                      0.47438                 1.94853                 0.49350                 1.88085                 2019-04-19 14:30:59.474016  
  0.01114                 51                      0.47404                 1.93674                 0.51200                 1.80140                 2019-04-19 14:31:04.024091  
  0.01114                 52                      0.47710                 1.93640                 0.51450                 1.78064                 2019-04-19 14:31:08.476161  
  0.01114                 53                      0.47654                 1.93556                 0.50160                 1.85374                 2019-04-19 14:31:12.981583  
  0.01114                 54                      0.48082                 1.92292                 0.51930                 1.76246                 2019-04-19 14:31:17.503203  
  0.01114                 55                      0.47874                 1.91509                 0.51250                 1.80121                 2019-04-19 14:31:21.963401  
  0.01114                 56                      0.47992                 1.91900                 0.51640                 1.76416                 2019-04-19 14:31:26.560622  
  0.01114                 57                      0.48076                 1.91107                 0.50380                 1.86312                 2019-04-19 14:31:31.100709  
  0.01114                 58                      0.48402                 1.90414                 0.51880                 1.75827                 2019-04-19 14:31:35.617761  
  0.01114                 59                      0.48292                 1.90003                 0.51380                 1.78083                 2019-04-19 14:31:40.299635  
  0.01114                 60                      0.48254                 1.90111                 0.51920                 1.78018                 2019-04-19 14:31:44.926766  
  0.01114                 61                      0.48336                 1.90771                 0.52640                 1.74678                 2019-04-19 14:31:49.377994  
  0.01114                 62                      0.48684                 1.89456                 0.51100                 1.80417                 2019-04-19 14:31:53.834210  
  0.01114                 63                      0.48530                 1.89217                 0.51830                 1.78056                 2019-04-19 14:31:58.348853  
  0.01114                 64                      0.48934                 1.87418                 0.50350                 1.82302                 2019-04-19 14:32:02.687422  
  0.01114                 65                      0.48620                 1.87794                 0.52920                 1.72393                 2019-04-19 14:32:07.145031  
  0.01114                 66                      0.48728                 1.88278                 0.52060                 1.77178                 2019-04-19 14:32:11.688210  
  0.01114                 67                      0.49010                 1.87221                 0.52110                 1.75750                 2019-04-19 14:32:16.185591  
  0.01114                 68                      0.49002                 1.87961                 0.52820                 1.73796                 2019-04-19 14:32:20.709043  
  0.01114                 69                      0.48808                 1.87635                 0.52790                 1.73889                 2019-04-19 14:32:25.206413  
  0.01114                 70                      0.49338                 1.86983                 0.52520                 1.75803                 2019-04-19 14:32:29.719415  
  0.01114                 71                      0.49192                 1.86340                 0.52870                 1.71985                 2019-04-19 14:32:34.189451  
  0.01114                 72                      0.49118                 1.86461                 0.53000                 1.72854                 2019-04-19 14:32:38.361401  
  0.01114                 73                      0.49160                 1.86026                 0.52800                 1.73877                 2019-04-19 14:32:42.613921  
  0.01114                 74                      0.49544                 1.85263                 0.52190                 1.74418                 2019-04-19 14:32:47.186873  
  0.01114                 75                      0.49552                 1.85126                 0.52590                 1.74904                 2019-04-19 14:32:51.715486  
  0.01114                 76                      0.49332                 1.85113                 0.51960                 1.77837                 2019-04-19 14:32:56.260289  
  0.01114                 77                      0.49832                 1.84409                 0.52550                 1.73399                 2019-04-19 14:33:00.852396  
  0.01114                 78                      0.49748                 1.84004                 0.52220                 1.75935                 2019-04-19 14:33:05.486914  
  0.01114                 79                      0.49542                 1.83833                 0.52670                 1.74580                 2019-04-19 14:33:10.040357  
  0.01114                 80                      0.49816                 1.83949                 0.53640                 1.69472                 2019-04-19 14:33:14.685753  
  0.01114                 81                      0.49700                 1.84518                 0.51880                 1.74051                 2019-04-19 14:33:19.191628  
  0.01114                 82                      0.49818                 1.83378                 0.53150                 1.73325                 2019-04-19 14:33:23.845891  
  0.01114                 83                      0.49796                 1.83162                 0.52430                 1.78134                 2019-04-19 14:33:28.536822  
  0.01114                 84                      0.49878                 1.83117                 0.53330                 1.70555                 2019-04-19 14:33:33.162683  
  0.01114                 85                      0.50152                 1.82533                 0.52500                 1.73548                 2019-04-19 14:33:37.832354  
  0.01114                 86                      0.49840                 1.82977                 0.53380                 1.70916                 2019-04-19 14:33:42.367445  
  0.01114                 87                      0.50178                 1.81979                 0.53150                 1.72462                 2019-04-19 14:33:46.980148  
  0.01114                 88                      0.50360                 1.81567                 0.53080                 1.69883                 2019-04-19 14:33:51.589852  
  0.01114                 89                      0.50054                 1.82874                 0.53010                 1.70426                 2019-04-19 14:33:56.119402  
  0.01114                 90                      0.50240                 1.81955                 0.52670                 1.73911                 2019-04-19 14:34:00.763682  
  0.01114                 91                      0.50382                 1.81517                 0.53870                 1.69960                 2019-04-19 14:34:05.382311  
  0.01114                 92                      0.50396                 1.80918                 0.53810                 1.68291                 2019-04-19 14:34:09.973244  
  0.01114                 93                      0.50338                 1.81044                 0.52800                 1.72705                 2019-04-19 14:34:14.576629  
  0.01114                 94                      0.50628                 1.81241                 0.52990                 1.71326                 2019-04-19 14:34:19.222453  
  0.01114                 95                      0.50454                 1.81005                 0.51990                 1.78683                 2019-04-19 14:34:23.854539  
  0.01114                 96                      0.50486                 1.80727                 0.53450                 1.71186                 2019-04-19 14:34:28.432952  
  0.01114                 97                      0.50648                 1.80484                 0.53320                 1.71446                 2019-04-19 14:34:33.013740  
  0.01114                 98                      0.50552                 1.80803                 0.53850                 1.72584                 2019-04-19 14:34:37.629153  
  0.01114                 99                      0.50502                 1.80076                 0.53800                 1.69996                 2019-04-19 14:34:42.212185  
  0.01114                 100                     0.50702                 1.80020                 0.53130                 1.73751                 2019-04-19 14:34:46.756724  
  0.01114                 101                     0.50578                 1.80570                 0.53770                 1.71446                 2019-04-19 14:34:51.330990  
  0.01114                 102                     0.50690                 1.79414                 0.52770                 1.74330                 2019-04-19 14:34:55.832274  
  0.01114                 103                     0.50792                 1.79659                 0.53040                 1.71073                 2019-04-19 14:35:00.357768  
  0.01114                 104                     0.50884                 1.79132                 0.53730                 1.69762                 2019-04-19 14:35:04.901898  
  0.01114                 105                     0.50828                 1.79152                 0.53590                 1.70272                 2019-04-19 14:35:09.545914  
  0.01114                 106                     0.51212                 1.78028                 0.53190                 1.72033                 2019-04-19 14:35:14.111959  
  0.01114                 107                     0.50998                 1.78426                 0.53560                 1.72326                 2019-04-19 14:35:18.714246  
  0.01114                 108                     0.50812                 1.78563                 0.53690                 1.69888                 2019-04-19 14:35:23.357347  
  0.01114                 109                     0.51032                 1.78379                 0.53280                 1.71247                 2019-04-19 14:35:27.956396  
  0.01114                 110                     0.50950                 1.78322                 0.54100                 1.66771                 2019-04-19 14:35:32.600141  
  0.01114                 111                     0.51094                 1.78303                 0.54370                 1.67899                 2019-04-19 14:35:37.357196  
  0.01114                 112                     0.50802                 1.78143                 0.53920                 1.69734                 2019-04-19 14:35:42.098757  
  0.01114                 113                     0.51092                 1.77864                 0.53440                 1.68234                 2019-04-19 14:35:46.934086  
  0.01114                 114                     0.51310                 1.77469                 0.53770                 1.70149                 2019-04-19 14:35:51.587387  
  0.01114                 115                     0.51314                 1.77401                 0.53950                 1.68421                 2019-04-19 14:35:56.222117  
  0.01114                 116                     0.51436                 1.77329                 0.53530                 1.69664                 2019-04-19 14:36:00.990471  
  0.01114                 117                     0.51416                 1.77030                 0.53360                 1.70337                 2019-04-19 14:36:05.702859  
  0.01114                 118                     0.51252                 1.76954                 0.53760                 1.69432                 2019-04-19 14:36:10.441241  
  0.01114                 119                     0.51362                 1.77266                 0.53080                 1.73802                 2019-04-19 14:36:15.164284  
  0.01114                 120                     0.51212                 1.76850                 0.53680                 1.69642                 2019-04-19 14:36:20.113912  
  0.01114                 121                     0.51302                 1.76412                 0.54130                 1.67420                 2019-04-19 14:36:24.943756  
  0.01114                 122                     0.51268                 1.77166                 0.52830                 1.74781                 2019-04-19 14:36:29.535345  
  0.01114                 123                     0.51768                 1.75815                 0.53750                 1.70756                 2019-04-19 14:36:34.105291  
  0.01114                 124                     0.51678                 1.76307                 0.54600                 1.67876                 2019-04-19 14:36:38.618695  
  0.01114                 125                     0.51476                 1.76214                 0.54500                 1.67211                 2019-04-19 14:36:43.142032  
  0.01114                 126                     0.51550                 1.75733                 0.54450                 1.67502                 2019-04-19 14:36:47.756848  
  0.01114                 127                     0.51628                 1.75246                 0.54900                 1.66085                 2019-04-19 14:36:52.381844  
  0.01114                 128                     0.51822                 1.75093                 0.54320                 1.69511                 2019-04-19 14:36:56.983928  
  0.01114                 129                     0.51664                 1.75632                 0.54330                 1.67571                 2019-04-19 14:37:01.639539  
  0.01114                 130                     0.51082                 1.76710                 0.54590                 1.67654                 2019-04-19 14:37:06.257830  
  0.01114                 131                     0.51926                 1.75513                 0.54080                 1.69048                 2019-04-19 14:37:10.797341  
  0.01114                 132                     0.51916                 1.75253                 0.54060                 1.68033                 2019-04-19 14:37:15.333989  
  0.01114                 133                     0.51716                 1.74405                 0.54470                 1.68831                 2019-04-19 14:37:19.892520  
  0.01114                 134                     0.51984                 1.74539                 0.54950                 1.66211                 2019-04-19 14:37:24.525133  
  0.01114                 135                     0.51808                 1.74984                 0.54710                 1.69382                 2019-04-19 14:37:29.112829  
  0.01114                 136                     0.52076                 1.74272                 0.53640                 1.70623                 2019-04-19 14:37:33.720253  
  0.01114                 137                     0.51694                 1.74825                 0.53950                 1.68254                 2019-04-19 14:37:38.325259  
  0.01114                 138                     0.52084                 1.73606                 0.53500                 1.71028                 2019-04-19 14:37:42.937593  
  0.01114                 139                     0.51662                 1.74645                 0.54110                 1.69686                 2019-04-19 14:37:47.569966  
  0.01114                 140                     0.51894                 1.74132                 0.54180                 1.68430                 2019-04-19 14:37:52.154116  
  0.01114                 141                     0.52080                 1.73927                 0.53760                 1.71872                 2019-04-19 14:37:56.757416  
  0.01114                 142                     0.52100                 1.73642                 0.53820                 1.68492                 2019-04-19 14:38:01.403690  
  0.01114                 143                     0.51934                 1.74051                 0.53760                 1.71729                 2019-04-19 14:38:05.965738  
  0.01114                 144                     0.52206                 1.74470                 0.53990                 1.70741                 2019-04-19 14:38:10.622951  
  0.01114                 145                     0.52046                 1.74000                 0.55240                 1.64393                 2019-04-19 14:38:15.240021  
  0.01114                 146                     0.52014                 1.73864                 0.54590                 1.67013                 2019-04-19 14:38:19.891201  
  0.01114                 147                     0.52298                 1.73311                 0.54790                 1.65616                 2019-04-19 14:38:24.525563  
  0.01114                 148                     0.52490                 1.72208                 0.53830                 1.71184                 2019-04-19 14:38:29.127123  
  0.01114                 149                     0.52298                 1.73097                 0.54350                 1.68701                 2019-04-19 14:38:33.734953  
  0.01114                 150                     0.52300                 1.72936                 0.55330                 1.65442                 2019-04-19 14:38:38.258213  
  0.01114                 151                     0.52292                 1.72075                 0.53940                 1.69965                 2019-04-19 14:38:42.874146  
  0.01114                 152                     0.52306                 1.72566                 0.53660                 1.69724                 2019-04-19 14:38:47.417493  
  0.01114                 153                     0.51978                 1.73873                 0.54090                 1.68672                 2019-04-19 14:38:52.003422  
  0.01114                 154                     0.52290                 1.72798                 0.54070                 1.71083                 2019-04-19 14:38:56.681721  
  0.01114                 155                     0.52204                 1.72410                 0.54010                 1.71594                 2019-04-19 14:39:01.219419  
  0.01114                 156                     0.52372                 1.72680                 0.55000                 1.64725                 2019-04-19 14:39:05.907385  
  0.01114                 157                     0.52400                 1.72192                 0.55110                 1.65154                 2019-04-19 14:39:10.520579  
  0.01114                 158                     0.52540                 1.72213                 0.55010                 1.67384                 2019-04-19 14:39:15.163129  
  0.01114                 159                     0.52340                 1.72414                 0.54320                 1.70163                 2019-04-19 14:39:19.850235  
  0.01114                 160                     0.52430                 1.72223                 0.54850                 1.66069                 2019-04-19 14:39:24.575397  
Output: 1.644


