shuhei:~.$ python nelder.py -model CNN -num 0 -round 0
Will get the positions by Nelder-Mead Method.
Saving the position data as shown below...
  batch_size       lr               momentum         weight_decay     ch1              ch2              ch3              ch4              drop_rate      
  6.821            -1.948           0.897            -4.241           6.436            4.573            5.681            5.852          


shuhei:~.$ python env.py -model CNN -num 0 -round 0 -cuda 1
Collecting Environment Variables and Putting in Shell Scripts.

shuhei:~.$ ./run.sh
shuhei:~.$ CUDA_VISIBLE_DEVICES=1 python train.py -model CNN -num 0 -round 0 -batch_size 113 -lr 0.011283262817196278 -momentum 0.8966179193846521 -weight_decay 5.745258274524167e-05 -ch1 86 -ch2 23 -ch3 51 -ch4 57 -drop_rate 0.27795334029141494
Start Training


Files already downloaded and verified
  lr                      epoch                   TrainAcc                TrainLoss               TestAcc                 TestLoss                Time                  
  0.01128                 1                       0.11490                 3.82261                 0.19860                 3.28952                 2019-04-19 11:10:35.386947  
  0.01128                 2                       0.20646                 3.23889                 0.25240                 3.02910                 2019-04-19 11:10:39.907834  
  0.01128                 3                       0.25394                 2.99711                 0.30630                 2.71734                 2019-04-19 11:10:44.534760  
  0.01128                 4                       0.28288                 2.84347                 0.33830                 2.58343                 2019-04-19 11:10:49.552511  
  0.01128                 5                       0.30334                 2.73909                 0.35570                 2.50718                 2019-04-19 11:10:54.132792  
  0.01128                 6                       0.32116                 2.64865                 0.34740                 2.50376                 2019-04-19 11:10:58.321285  
  0.01128                 7                       0.33546                 2.58345                 0.38600                 2.36222                 2019-04-19 11:11:02.389757  
  0.01128                 8                       0.34440                 2.53228                 0.39360                 2.29281                 2019-04-19 11:11:06.931289  
  0.01128                 9                       0.35840                 2.48019                 0.41120                 2.23599                 2019-04-19 11:11:11.469602  
  0.01128                 10                      0.36582                 2.43533                 0.42760                 2.18271                 2019-04-19 11:11:15.973474  
  0.01128                 11                      0.37258                 2.40077                 0.41790                 2.20910                 2019-04-19 11:11:20.508632  
  0.01128                 12                      0.38062                 2.37039                 0.43020                 2.17588                 2019-04-19 11:11:25.066113  
  0.01128                 13                      0.38642                 2.34191                 0.43930                 2.12263                 2019-04-19 11:11:29.644626  
  0.01128                 14                      0.39424                 2.30173                 0.45280                 2.06806                 2019-04-19 11:11:34.315815  
  0.01128                 15                      0.39848                 2.28975                 0.42690                 2.17171                 2019-04-19 11:11:39.095484  
  0.01128                 16                      0.40398                 2.26206                 0.46160                 2.04453                 2019-04-19 11:11:43.708256  
  0.01128                 17                      0.41002                 2.23651                 0.46160                 2.01506                 2019-04-19 11:11:48.253001  
  0.01128                 18                      0.41258                 2.22127                 0.46720                 2.02050                 2019-04-19 11:11:52.757074  
  0.01128                 19                      0.41368                 2.20533                 0.44660                 2.10569                 2019-04-19 11:11:57.267783  
  0.01128                 20                      0.41912                 2.18480                 0.47420                 1.97315                 2019-04-19 11:12:01.824959  
  0.01128                 21                      0.42278                 2.17016                 0.46750                 1.99336                 2019-04-19 11:12:06.333655  
  0.01128                 22                      0.42698                 2.15631                 0.47910                 1.95486                 2019-04-19 11:12:10.827006  
  0.01128                 23                      0.43242                 2.13961                 0.48080                 1.94696                 2019-04-19 11:12:15.415880  
  0.01128                 24                      0.43124                 2.12835                 0.46550                 2.01880                 2019-04-19 11:12:20.121110  
  0.01128                 25                      0.43490                 2.10907                 0.48350                 1.95683                 2019-04-19 11:12:24.624100  
  0.01128                 26                      0.44048                 2.10523                 0.48420                 1.92538                 2019-04-19 11:12:29.167001  
  0.01128                 27                      0.43948                 2.09478                 0.48500                 1.91995                 2019-04-19 11:12:33.650530  
  0.01128                 28                      0.44498                 2.07697                 0.48060                 1.95318                 2019-04-19 11:12:38.077222  
  0.01128                 29                      0.44394                 2.07509                 0.47600                 1.97114                 2019-04-19 11:12:42.687896  
  0.01128                 30                      0.44914                 2.06092                 0.49910                 1.87335                 2019-04-19 11:12:47.241859  
  0.01128                 31                      0.44606                 2.05819                 0.49960                 1.86325                 2019-04-19 11:12:51.855850  
  0.01128                 32                      0.44980                 2.04573                 0.49520                 1.89435                 2019-04-19 11:12:56.408879  
  0.01128                 33                      0.45400                 2.04356                 0.49940                 1.86317                 2019-04-19 11:13:01.002829  
  0.01128                 34                      0.45344                 2.03270                 0.50090                 1.86238                 2019-04-19 11:13:05.634661  
  0.01128                 35                      0.45772                 2.01969                 0.49730                 1.90309                 2019-04-19 11:13:10.120217  
  0.01128                 36                      0.45892                 2.01361                 0.50590                 1.82365                 2019-04-19 11:13:14.634300  
  0.01128                 37                      0.46024                 2.00319                 0.50150                 1.85648                 2019-04-19 11:13:19.152360  
  0.01128                 38                      0.45816                 2.00692                 0.50300                 1.83759                 2019-04-19 11:13:23.758740  
  0.01128                 39                      0.46364                 1.99458                 0.50720                 1.83286                 2019-04-19 11:13:28.521846  
  0.01128                 40                      0.46452                 1.98936                 0.50280                 1.89041                 2019-04-19 11:13:33.100533  
  0.01128                 41                      0.46344                 1.97495                 0.49220                 1.92091                 2019-04-19 11:13:37.654089  
  0.01128                 42                      0.46370                 1.98407                 0.50010                 1.89259                 2019-04-19 11:13:42.203403  
  0.01128                 43                      0.46674                 1.96969                 0.50510                 1.83911                 2019-04-19 11:13:46.727045  
  0.01128                 44                      0.46910                 1.95960                 0.51060                 1.83063                 2019-04-19 11:13:51.270732  
  0.01128                 45                      0.46998                 1.96605                 0.50830                 1.84413                 2019-04-19 11:13:55.869750  
  0.01128                 46                      0.47084                 1.95894                 0.52060                 1.78114                 2019-04-19 11:14:00.342606  
  0.01128                 47                      0.47464                 1.94890                 0.51550                 1.80879                 2019-04-19 11:14:04.775092  
  0.01128                 48                      0.47968                 1.94092                 0.51690                 1.78495                 2019-04-19 11:14:09.256021  
  0.01128                 49                      0.47372                 1.93715                 0.52240                 1.78073                 2019-04-19 11:14:13.730785  
  0.01128                 50                      0.47662                 1.93393                 0.52380                 1.78467                 2019-04-19 11:14:18.242740  
  0.01128                 51                      0.47920                 1.92946                 0.50810                 1.83480                 2019-04-19 11:14:22.774592  
  0.01128                 52                      0.47818                 1.92258                 0.51920                 1.80312                 2019-04-19 11:14:27.330598  
  0.01128                 53                      0.47780                 1.92542                 0.51800                 1.81317                 2019-04-19 11:14:31.979288  
  0.01128                 54                      0.48082                 1.92051                 0.52450                 1.76924                 2019-04-19 11:14:38.118492  
  0.01128                 55                      0.48230                 1.90990                 0.52720                 1.75557                 2019-04-19 11:14:42.715206  
  0.01128                 56                      0.48286                 1.90721                 0.52170                 1.77346                 2019-04-19 11:14:47.290651  
  0.01128                 57                      0.48582                 1.90331                 0.53030                 1.77376                 2019-04-19 11:14:51.857394  
  0.01128                 58                      0.48170                 1.90614                 0.51760                 1.79893                 2019-04-19 11:14:56.354168  
  0.01128                 59                      0.48548                 1.90252                 0.51530                 1.81705                 2019-04-19 11:15:00.898148  
  0.01128                 60                      0.48594                 1.89118                 0.51420                 1.81339                 2019-04-19 11:15:05.428710  
  0.01128                 61                      0.48584                 1.88875                 0.52680                 1.76608                 2019-04-19 11:15:09.873827  
  0.01128                 62                      0.48772                 1.89300                 0.52370                 1.76143                 2019-04-19 11:15:14.438465  
  0.01128                 63                      0.48610                 1.89069                 0.52240                 1.79279                 2019-04-19 11:15:18.969054  
  0.01128                 64                      0.48534                 1.88781                 0.52790                 1.77419                 2019-04-19 11:15:23.442395  
  0.01128                 65                      0.48990                 1.87813                 0.52780                 1.76061                 2019-04-19 11:15:28.081542  
  0.01128                 66                      0.48866                 1.86854                 0.52910                 1.76500                 2019-04-19 11:15:32.545195  
  0.01128                 67                      0.48934                 1.88253                 0.51520                 1.79110                 2019-04-19 11:15:37.067596  
  0.01128                 68                      0.49146                 1.86658                 0.52410                 1.77705                 2019-04-19 11:15:41.579344  
  0.01128                 69                      0.48948                 1.86232                 0.53170                 1.73845                 2019-04-19 11:15:46.078638  
  0.01128                 70                      0.49232                 1.86369                 0.53160                 1.76652                 2019-04-19 11:15:50.643570  
  0.01128                 71                      0.49488                 1.85709                 0.53650                 1.73167                 2019-04-19 11:15:55.162656  
  0.01128                 72                      0.49330                 1.85407                 0.53750                 1.75092                 2019-04-19 11:15:59.719223  
  0.01128                 73                      0.49670                 1.85398                 0.53010                 1.76390                 2019-04-19 11:16:04.155199  
  0.01128                 74                      0.49538                 1.85299                 0.53200                 1.73363                 2019-04-19 11:16:08.722469  
  0.01128                 75                      0.49448                 1.85615                 0.52330                 1.79719                 2019-04-19 11:16:13.288305  
  0.01128                 76                      0.49822                 1.83744                 0.53680                 1.72702                 2019-04-19 11:16:17.835451  
  0.01128                 77                      0.49750                 1.84454                 0.53570                 1.74037                 2019-04-19 11:16:22.377568  
  0.01128                 78                      0.49792                 1.83699                 0.51880                 1.80659                 2019-04-19 11:16:26.915449  
  0.01128                 79                      0.49820                 1.83212                 0.53320                 1.74365                 2019-04-19 11:16:31.387635  
  0.01128                 80                      0.50046                 1.83587                 0.53010                 1.75966                 2019-04-19 11:16:35.855731  
  0.01128                 81                      0.49972                 1.83604                 0.53600                 1.73959                 2019-04-19 11:16:42.134059  
  0.01128                 82                      0.49920                 1.83480                 0.53690                 1.74079                 2019-04-19 11:16:46.670710  
  0.01128                 83                      0.50128                 1.82598                 0.53220                 1.75789                 2019-04-19 11:16:51.178116  
  0.01128                 84                      0.49868                 1.83258                 0.54120                 1.71901                 2019-04-19 11:16:55.666915  
  0.01128                 85                      0.50018                 1.82376                 0.53600                 1.72588                 2019-04-19 11:17:00.188372  
  0.01128                 86                      0.50358                 1.81332                 0.54160                 1.71297                 2019-04-19 11:17:04.756730  
  0.01128                 87                      0.50564                 1.81313                 0.53440                 1.74333                 2019-04-19 11:17:09.296070  
  0.01128                 88                      0.49954                 1.82528                 0.52880                 1.77358                 2019-04-19 11:17:13.817169  
  0.01128                 89                      0.50530                 1.80860                 0.53180                 1.74013                 2019-04-19 11:17:18.350008  
  0.01128                 90                      0.50446                 1.81680                 0.53760                 1.72484                 2019-04-19 11:17:22.889413  
  0.01128                 91                      0.50392                 1.81677                 0.53090                 1.77726                 2019-04-19 11:17:27.314638  
  0.01128                 92                      0.50414                 1.80751                 0.53240                 1.73544                 2019-04-19 11:17:31.869746  
  0.01128                 93                      0.50688                 1.80322                 0.54290                 1.71501                 2019-04-19 11:17:36.394850  
  0.01128                 94                      0.50368                 1.80850                 0.54600                 1.68517                 2019-04-19 11:17:40.945454  
  0.01128                 95                      0.50842                 1.81241                 0.53740                 1.72679                 2019-04-19 11:17:45.506159  
  0.01128                 96                      0.50824                 1.80259                 0.53250                 1.75032                 2019-04-19 11:17:50.149743  
  0.01128                 97                      0.50866                 1.80142                 0.53310                 1.74269                 2019-04-19 11:17:54.685986  
  0.01128                 98                      0.50626                 1.79890                 0.53350                 1.73882                 2019-04-19 11:17:59.257800  
  0.01128                 99                      0.50980                 1.79497                 0.53310                 1.73799                 2019-04-19 11:18:03.839890  
  0.01128                 100                     0.50600                 1.79628                 0.53920                 1.71273                 2019-04-19 11:18:08.389640  
  0.01128                 101                     0.51164                 1.79268                 0.54300                 1.69138                 2019-04-19 11:18:12.988639  
  0.01128                 102                     0.50872                 1.79746                 0.53840                 1.70297                 2019-04-19 11:18:17.448873  
  0.01128                 103                     0.50810                 1.79329                 0.52600                 1.76751                 2019-04-19 11:18:21.873925  
  0.01128                 104                     0.50892                 1.78479                 0.53700                 1.71350                 2019-04-19 11:18:26.348030  
  0.01128                 105                     0.50850                 1.79328                 0.54240                 1.69902                 2019-04-19 11:18:30.831283  
  0.01128                 106                     0.50794                 1.79693                 0.53530                 1.74080                 2019-04-19 11:18:35.290179  
  0.01128                 107                     0.51138                 1.78271                 0.53380                 1.75342                 2019-04-19 11:18:39.823547  
  0.01128                 108                     0.51260                 1.78296                 0.54860                 1.66935                 2019-04-19 11:18:44.334954  
  0.01128                 109                     0.51114                 1.77933                 0.53600                 1.74325                 2019-04-19 11:18:48.857711  
  0.01128                 110                     0.51166                 1.78186                 0.53590                 1.74873                 2019-04-19 11:18:53.359743  
  0.01128                 111                     0.51200                 1.77669                 0.54440                 1.68371                 2019-04-19 11:18:57.925320  
  0.01128                 112                     0.51150                 1.77648                 0.53110                 1.78280                 2019-04-19 11:19:02.631290  
  0.01128                 113                     0.51288                 1.77772                 0.54410                 1.70854                 2019-04-19 11:19:07.194771  
  0.01128                 114                     0.51298                 1.77681                 0.54360                 1.69132                 2019-04-19 11:19:11.920744  
  0.01128                 115                     0.51528                 1.77484                 0.54080                 1.72450                 2019-04-19 11:19:16.430346  
  0.01128                 116                     0.51196                 1.77162                 0.54040                 1.67957                 2019-04-19 11:19:20.959670  
  0.01128                 117                     0.51416                 1.76867                 0.53880                 1.70474                 2019-04-19 11:19:25.459715  
  0.01128                 118                     0.51412                 1.76850                 0.54140                 1.69879                 2019-04-19 11:19:30.041856  
  0.01128                 119                     0.51186                 1.76467                 0.54200                 1.72421                 2019-04-19 11:19:34.620250  
  0.01128                 120                     0.51594                 1.76345                 0.54860                 1.66646                 2019-04-19 11:19:39.111977  
  0.01128                 121                     0.51542                 1.76421                 0.54350                 1.69697                 2019-04-19 11:19:43.549667  
  0.01128                 122                     0.51206                 1.76527                 0.53980                 1.68958                 2019-04-19 11:19:48.007759  
  0.01128                 123                     0.51500                 1.76436                 0.53490                 1.72787                 2019-04-19 11:19:52.507871  
  0.01128                 124                     0.51662                 1.75789                 0.53980                 1.70199                 2019-04-19 11:19:57.024221  
  0.01128                 125                     0.51410                 1.76453                 0.54310                 1.69359                 2019-04-19 11:20:01.571832  
  0.01128                 126                     0.51890                 1.75446                 0.54290                 1.69350                 2019-04-19 11:20:06.007357  
  0.01128                 127                     0.51698                 1.75629                 0.53870                 1.72520                 2019-04-19 11:20:10.466756  
  0.01128                 128                     0.51930                 1.74812                 0.54280                 1.69226                 2019-04-19 11:20:14.978621  
  0.01128                 129                     0.51578                 1.75815                 0.53960                 1.69604                 2019-04-19 11:20:19.464879  
  0.01128                 130                     0.51832                 1.75462                 0.54380                 1.71637                 2019-04-19 11:20:23.963171  
  0.01128                 131                     0.52032                 1.74556                 0.54240                 1.69773                 2019-04-19 11:20:28.420840  
  0.01128                 132                     0.52216                 1.74279                 0.54310                 1.69361                 2019-04-19 11:20:32.994871  
  0.01128                 133                     0.51772                 1.74544                 0.53930                 1.73044                 2019-04-19 11:20:37.530617  
  0.01128                 134                     0.51708                 1.75024                 0.54680                 1.68686                 2019-04-19 11:20:42.056186  
  0.01128                 135                     0.51894                 1.74650                 0.54340                 1.69494                 2019-04-19 11:20:46.593415  
  0.01128                 136                     0.51834                 1.74795                 0.54300                 1.68232                 2019-04-19 11:20:51.085555  
  0.01128                 137                     0.52074                 1.73866                 0.54120                 1.70010                 2019-04-19 11:20:55.582472  
  0.01128                 138                     0.52338                 1.73121                 0.54330                 1.69255                 2019-04-19 11:21:00.174038  
  0.01128                 139                     0.52210                 1.74097                 0.54070                 1.71192                 2019-04-19 11:21:04.623420  
  0.01128                 140                     0.51814                 1.74870                 0.55040                 1.67090                 2019-04-19 11:21:09.098262  
  0.01128                 141                     0.52430                 1.73539                 0.54000                 1.70128                 2019-04-19 11:21:13.622425  
  0.01128                 142                     0.51948                 1.73776                 0.52920                 1.76391                 2019-04-19 11:21:18.083156  
  0.01128                 143                     0.52358                 1.73488                 0.54790                 1.66827                 2019-04-19 11:21:22.671704  
  0.01128                 144                     0.51974                 1.73813                 0.53750                 1.70728                 2019-04-19 11:21:27.319593  
  0.01128                 145                     0.52334                 1.73379                 0.54830                 1.69833                 2019-04-19 11:21:31.817634  
  0.01128                 146                     0.52350                 1.72690                 0.54460                 1.72226                 2019-04-19 11:21:36.392700  
  0.01128                 147                     0.52104                 1.73279                 0.54990                 1.66575                 2019-04-19 11:21:40.938166  
  0.01128                 148                     0.52396                 1.72672                 0.54190                 1.71145                 2019-04-19 11:21:45.532665  
  0.01128                 149                     0.52158                 1.72897                 0.54650                 1.66229                 2019-04-19 11:21:50.009120  
  0.01128                 150                     0.52144                 1.73637                 0.53610                 1.72151                 2019-04-19 11:21:54.527353  
  0.01128                 151                     0.52128                 1.73065                 0.54500                 1.69684                 2019-04-19 11:21:59.044041  
  0.01128                 152                     0.52128                 1.73017                 0.53930                 1.70388                 2019-04-19 11:22:03.639021  
  0.01128                 153                     0.52510                 1.72056                 0.54750                 1.67763                 2019-04-19 11:22:08.128751  
  0.01128                 154                     0.52532                 1.71922                 0.54240                 1.71426                 2019-04-19 11:22:12.688574  
  0.01128                 155                     0.52422                 1.72847                 0.54580                 1.68781                 2019-04-19 11:22:17.213717  
  0.01128                 156                     0.52242                 1.72239                 0.54580                 1.69420                 2019-04-19 11:22:21.821898  
  0.01128                 157                     0.52600                 1.71704                 0.54900                 1.69460                 2019-04-19 11:22:26.320967  
  0.01128                 158                     0.52770                 1.72224                 0.53720                 1.75567                 2019-04-19 11:22:30.898617  
  0.01128                 159                     0.52302                 1.72314                 0.55370                 1.64905                 2019-04-19 11:22:35.424091  
  0.01128                 160                     0.52364                 1.72366                 0.54150                 1.70433                 2019-04-19 11:22:39.941362  
Output: 1.649


